[2.278s] Invoking command in '/home/aaryan/ros2_ws/src/examples/rclpy/services/minimal_service': PYTHONPATH=/home/aaryan/ros2_ws/src/build/examples_rclpy_minimal_service/prefix_override:/usr/lib/python3/dist-packages/colcon_core/task/python/colcon_distutils_commands:/home/aaryan/ros2_ws/src/install/examples_rclpy_minimal_service/lib/python3.10/site-packages:${PYTHONPATH} /usr/bin/python3 -W ignore:setup.py install is deprecated -W ignore:easy_install command is deprecated setup.py egg_info --egg-base ../../../../build/examples_rclpy_minimal_service build --build-base /home/aaryan/ros2_ws/src/build/examples_rclpy_minimal_service/build install --record /home/aaryan/ros2_ws/src/build/examples_rclpy_minimal_service/install.log --single-version-externally-managed install_data
[2.598s] running egg_info
[2.598s] creating ../../../../build/examples_rclpy_minimal_service/examples_rclpy_minimal_service.egg-info
[2.598s] writing ../../../../build/examples_rclpy_minimal_service/examples_rclpy_minimal_service.egg-info/PKG-INFO
[2.598s] writing dependency_links to ../../../../build/examples_rclpy_minimal_service/examples_rclpy_minimal_service.egg-info/dependency_links.txt
[2.598s] writing entry points to ../../../../build/examples_rclpy_minimal_service/examples_rclpy_minimal_service.egg-info/entry_points.txt
[2.598s] writing requirements to ../../../../build/examples_rclpy_minimal_service/examples_rclpy_minimal_service.egg-info/requires.txt
[2.598s] writing top-level names to ../../../../build/examples_rclpy_minimal_service/examples_rclpy_minimal_service.egg-info/top_level.txt
[2.598s] writing manifest file '../../../../build/examples_rclpy_minimal_service/examples_rclpy_minimal_service.egg-info/SOURCES.txt'
[2.598s] reading manifest file '../../../../build/examples_rclpy_minimal_service/examples_rclpy_minimal_service.egg-info/SOURCES.txt'
[2.598s] writing manifest file '../../../../build/examples_rclpy_minimal_service/examples_rclpy_minimal_service.egg-info/SOURCES.txt'
[2.598s] running build
[2.598s] running build_py
[2.598s] creating /home/aaryan/ros2_ws/src/build/examples_rclpy_minimal_service/build
[2.598s] creating /home/aaryan/ros2_ws/src/build/examples_rclpy_minimal_service/build/lib
[2.598s] creating /home/aaryan/ros2_ws/src/build/examples_rclpy_minimal_service/build/lib/examples_rclpy_minimal_service
[2.598s] copying examples_rclpy_minimal_service/service.py -> /home/aaryan/ros2_ws/src/build/examples_rclpy_minimal_service/build/lib/examples_rclpy_minimal_service
[2.598s] copying examples_rclpy_minimal_service/service_member_function.py -> /home/aaryan/ros2_ws/src/build/examples_rclpy_minimal_service/build/lib/examples_rclpy_minimal_service
[2.598s] copying examples_rclpy_minimal_service/__init__.py -> /home/aaryan/ros2_ws/src/build/examples_rclpy_minimal_service/build/lib/examples_rclpy_minimal_service
[2.599s] running install
[2.599s] running install_lib
[2.599s] creating /home/aaryan/ros2_ws/src/install/examples_rclpy_minimal_service/lib/python3.10/site-packages/examples_rclpy_minimal_service
[2.599s] copying /home/aaryan/ros2_ws/src/build/examples_rclpy_minimal_service/build/lib/examples_rclpy_minimal_service/service.py -> /home/aaryan/ros2_ws/src/install/examples_rclpy_minimal_service/lib/python3.10/site-packages/examples_rclpy_minimal_service
[2.599s] copying /home/aaryan/ros2_ws/src/build/examples_rclpy_minimal_service/build/lib/examples_rclpy_minimal_service/service_member_function.py -> /home/aaryan/ros2_ws/src/install/examples_rclpy_minimal_service/lib/python3.10/site-packages/examples_rclpy_minimal_service
[2.599s] copying /home/aaryan/ros2_ws/src/build/examples_rclpy_minimal_service/build/lib/examples_rclpy_minimal_service/__init__.py -> /home/aaryan/ros2_ws/src/install/examples_rclpy_minimal_service/lib/python3.10/site-packages/examples_rclpy_minimal_service
[2.599s] byte-compiling /home/aaryan/ros2_ws/src/install/examples_rclpy_minimal_service/lib/python3.10/site-packages/examples_rclpy_minimal_service/service.py to service.cpython-310.pyc
[2.599s] byte-compiling /home/aaryan/ros2_ws/src/install/examples_rclpy_minimal_service/lib/python3.10/site-packages/examples_rclpy_minimal_service/service_member_function.py to service_member_function.cpython-310.pyc
[2.599s] byte-compiling /home/aaryan/ros2_ws/src/install/examples_rclpy_minimal_service/lib/python3.10/site-packages/examples_rclpy_minimal_service/__init__.py to __init__.cpython-310.pyc
[2.599s] running install_data
[2.599s] creating /home/aaryan/ros2_ws/src/install/examples_rclpy_minimal_service/share/ament_index
[2.599s] creating /home/aaryan/ros2_ws/src/install/examples_rclpy_minimal_service/share/ament_index/resource_index
[2.599s] creating /home/aaryan/ros2_ws/src/install/examples_rclpy_minimal_service/share/ament_index/resource_index/packages
[2.599s] copying resource/examples_rclpy_minimal_service -> /home/aaryan/ros2_ws/src/install/examples_rclpy_minimal_service/share/ament_index/resource_index/packages
[2.599s] copying package.xml -> /home/aaryan/ros2_ws/src/install/examples_rclpy_minimal_service/share/examples_rclpy_minimal_service
[2.599s] running install_egg_info
[2.599s] Copying ../../../../build/examples_rclpy_minimal_service/examples_rclpy_minimal_service.egg-info to /home/aaryan/ros2_ws/src/install/examples_rclpy_minimal_service/lib/python3.10/site-packages/examples_rclpy_minimal_service-0.15.5-py3.10.egg-info
[2.599s] running install_scripts
[2.604s] Installing service script to /home/aaryan/ros2_ws/src/install/examples_rclpy_minimal_service/lib/examples_rclpy_minimal_service
[2.604s] Installing service_member_function script to /home/aaryan/ros2_ws/src/install/examples_rclpy_minimal_service/lib/examples_rclpy_minimal_service
[2.604s] writing list of installed files to '/home/aaryan/ros2_ws/src/build/examples_rclpy_minimal_service/install.log'
[2.637s] Invoked command in '/home/aaryan/ros2_ws/src/examples/rclpy/services/minimal_service' returned '0': PYTHONPATH=/home/aaryan/ros2_ws/src/build/examples_rclpy_minimal_service/prefix_override:/usr/lib/python3/dist-packages/colcon_core/task/python/colcon_distutils_commands:/home/aaryan/ros2_ws/src/install/examples_rclpy_minimal_service/lib/python3.10/site-packages:${PYTHONPATH} /usr/bin/python3 -W ignore:setup.py install is deprecated -W ignore:easy_install command is deprecated setup.py egg_info --egg-base ../../../../build/examples_rclpy_minimal_service build --build-base /home/aaryan/ros2_ws/src/build/examples_rclpy_minimal_service/build install --record /home/aaryan/ros2_ws/src/build/examples_rclpy_minimal_service/install.log --single-version-externally-managed install_data
