[2.277s] Invoking command in '/home/aaryan/ros2_ws/src/examples/rclpy/services/minimal_client': PYTHONPATH=/home/aaryan/ros2_ws/src/build/examples_rclpy_minimal_client/prefix_override:/usr/lib/python3/dist-packages/colcon_core/task/python/colcon_distutils_commands:/home/aaryan/ros2_ws/src/install/examples_rclpy_minimal_client/lib/python3.10/site-packages:${PYTHONPATH} /usr/bin/python3 -W ignore:setup.py install is deprecated -W ignore:easy_install command is deprecated setup.py egg_info --egg-base ../../../../build/examples_rclpy_minimal_client build --build-base /home/aaryan/ros2_ws/src/build/examples_rclpy_minimal_client/build install --record /home/aaryan/ros2_ws/src/build/examples_rclpy_minimal_client/install.log --single-version-externally-managed install_data
[2.522s] running egg_info
[2.522s] creating ../../../../build/examples_rclpy_minimal_client/examples_rclpy_minimal_client.egg-info
[2.522s] writing ../../../../build/examples_rclpy_minimal_client/examples_rclpy_minimal_client.egg-info/PKG-INFO
[2.523s] writing dependency_links to ../../../../build/examples_rclpy_minimal_client/examples_rclpy_minimal_client.egg-info/dependency_links.txt
[2.523s] writing entry points to ../../../../build/examples_rclpy_minimal_client/examples_rclpy_minimal_client.egg-info/entry_points.txt
[2.523s] writing requirements to ../../../../build/examples_rclpy_minimal_client/examples_rclpy_minimal_client.egg-info/requires.txt
[2.523s] writing top-level names to ../../../../build/examples_rclpy_minimal_client/examples_rclpy_minimal_client.egg-info/top_level.txt
[2.523s] writing manifest file '../../../../build/examples_rclpy_minimal_client/examples_rclpy_minimal_client.egg-info/SOURCES.txt'
[2.528s] reading manifest file '../../../../build/examples_rclpy_minimal_client/examples_rclpy_minimal_client.egg-info/SOURCES.txt'
[2.529s] writing manifest file '../../../../build/examples_rclpy_minimal_client/examples_rclpy_minimal_client.egg-info/SOURCES.txt'
[2.529s] running build
[2.529s] running build_py
[2.529s] creating /home/aaryan/ros2_ws/src/build/examples_rclpy_minimal_client/build
[2.529s] creating /home/aaryan/ros2_ws/src/build/examples_rclpy_minimal_client/build/lib
[2.529s] creating /home/aaryan/ros2_ws/src/build/examples_rclpy_minimal_client/build/lib/examples_rclpy_minimal_client
[2.529s] copying examples_rclpy_minimal_client/client_async_member_function.py -> /home/aaryan/ros2_ws/src/build/examples_rclpy_minimal_client/build/lib/examples_rclpy_minimal_client
[2.529s] copying examples_rclpy_minimal_client/client_async.py -> /home/aaryan/ros2_ws/src/build/examples_rclpy_minimal_client/build/lib/examples_rclpy_minimal_client
[2.530s] copying examples_rclpy_minimal_client/client_async_callback.py -> /home/aaryan/ros2_ws/src/build/examples_rclpy_minimal_client/build/lib/examples_rclpy_minimal_client
[2.530s] copying examples_rclpy_minimal_client/__init__.py -> /home/aaryan/ros2_ws/src/build/examples_rclpy_minimal_client/build/lib/examples_rclpy_minimal_client
[2.530s] copying examples_rclpy_minimal_client/client.py -> /home/aaryan/ros2_ws/src/build/examples_rclpy_minimal_client/build/lib/examples_rclpy_minimal_client
[2.530s] running install
[2.531s] running install_lib
[2.531s] creating /home/aaryan/ros2_ws/src/install/examples_rclpy_minimal_client/lib/python3.10/site-packages/examples_rclpy_minimal_client
[2.531s] copying /home/aaryan/ros2_ws/src/build/examples_rclpy_minimal_client/build/lib/examples_rclpy_minimal_client/client_async_member_function.py -> /home/aaryan/ros2_ws/src/install/examples_rclpy_minimal_client/lib/python3.10/site-packages/examples_rclpy_minimal_client
[2.532s] copying /home/aaryan/ros2_ws/src/build/examples_rclpy_minimal_client/build/lib/examples_rclpy_minimal_client/client_async.py -> /home/aaryan/ros2_ws/src/install/examples_rclpy_minimal_client/lib/python3.10/site-packages/examples_rclpy_minimal_client
[2.532s] copying /home/aaryan/ros2_ws/src/build/examples_rclpy_minimal_client/build/lib/examples_rclpy_minimal_client/client_async_callback.py -> /home/aaryan/ros2_ws/src/install/examples_rclpy_minimal_client/lib/python3.10/site-packages/examples_rclpy_minimal_client
[2.532s] copying /home/aaryan/ros2_ws/src/build/examples_rclpy_minimal_client/build/lib/examples_rclpy_minimal_client/__init__.py -> /home/aaryan/ros2_ws/src/install/examples_rclpy_minimal_client/lib/python3.10/site-packages/examples_rclpy_minimal_client
[2.532s] copying /home/aaryan/ros2_ws/src/build/examples_rclpy_minimal_client/build/lib/examples_rclpy_minimal_client/client.py -> /home/aaryan/ros2_ws/src/install/examples_rclpy_minimal_client/lib/python3.10/site-packages/examples_rclpy_minimal_client
[2.532s] byte-compiling /home/aaryan/ros2_ws/src/install/examples_rclpy_minimal_client/lib/python3.10/site-packages/examples_rclpy_minimal_client/client_async_member_function.py to client_async_member_function.cpython-310.pyc
[2.533s] byte-compiling /home/aaryan/ros2_ws/src/install/examples_rclpy_minimal_client/lib/python3.10/site-packages/examples_rclpy_minimal_client/client_async.py to client_async.cpython-310.pyc
[2.533s] byte-compiling /home/aaryan/ros2_ws/src/install/examples_rclpy_minimal_client/lib/python3.10/site-packages/examples_rclpy_minimal_client/client_async_callback.py to client_async_callback.cpython-310.pyc
[2.534s] byte-compiling /home/aaryan/ros2_ws/src/install/examples_rclpy_minimal_client/lib/python3.10/site-packages/examples_rclpy_minimal_client/__init__.py to __init__.cpython-310.pyc
[2.534s] byte-compiling /home/aaryan/ros2_ws/src/install/examples_rclpy_minimal_client/lib/python3.10/site-packages/examples_rclpy_minimal_client/client.py to client.cpython-310.pyc
[2.534s] running install_data
[2.534s] creating /home/aaryan/ros2_ws/src/install/examples_rclpy_minimal_client/share/ament_index
[2.534s] creating /home/aaryan/ros2_ws/src/install/examples_rclpy_minimal_client/share/ament_index/resource_index
[2.534s] creating /home/aaryan/ros2_ws/src/install/examples_rclpy_minimal_client/share/ament_index/resource_index/packages
[2.534s] copying resource/examples_rclpy_minimal_client -> /home/aaryan/ros2_ws/src/install/examples_rclpy_minimal_client/share/ament_index/resource_index/packages
[2.534s] copying package.xml -> /home/aaryan/ros2_ws/src/install/examples_rclpy_minimal_client/share/examples_rclpy_minimal_client
[2.534s] running install_egg_info
[2.537s] Copying ../../../../build/examples_rclpy_minimal_client/examples_rclpy_minimal_client.egg-info to /home/aaryan/ros2_ws/src/install/examples_rclpy_minimal_client/lib/python3.10/site-packages/examples_rclpy_minimal_client-0.15.5-py3.10.egg-info
[2.538s] running install_scripts
[2.560s] Installing client script to /home/aaryan/ros2_ws/src/install/examples_rclpy_minimal_client/lib/examples_rclpy_minimal_client
[2.560s] Installing client_async script to /home/aaryan/ros2_ws/src/install/examples_rclpy_minimal_client/lib/examples_rclpy_minimal_client
[2.560s] Installing client_async_callback script to /home/aaryan/ros2_ws/src/install/examples_rclpy_minimal_client/lib/examples_rclpy_minimal_client
[2.560s] Installing client_async_member_function script to /home/aaryan/ros2_ws/src/install/examples_rclpy_minimal_client/lib/examples_rclpy_minimal_client
[2.561s] writing list of installed files to '/home/aaryan/ros2_ws/src/build/examples_rclpy_minimal_client/install.log'
[2.596s] Invoked command in '/home/aaryan/ros2_ws/src/examples/rclpy/services/minimal_client' returned '0': PYTHONPATH=/home/aaryan/ros2_ws/src/build/examples_rclpy_minimal_client/prefix_override:/usr/lib/python3/dist-packages/colcon_core/task/python/colcon_distutils_commands:/home/aaryan/ros2_ws/src/install/examples_rclpy_minimal_client/lib/python3.10/site-packages:${PYTHONPATH} /usr/bin/python3 -W ignore:setup.py install is deprecated -W ignore:easy_install command is deprecated setup.py egg_info --egg-base ../../../../build/examples_rclpy_minimal_client build --build-base /home/aaryan/ros2_ws/src/build/examples_rclpy_minimal_client/build install --record /home/aaryan/ros2_ws/src/build/examples_rclpy_minimal_client/install.log --single-version-externally-managed install_data
