[0.032s] Invoking command in '/home/aaryan/ros2_ws/src/build/examples_rclcpp_minimal_service': CMAKE_PREFIX_PATH=/opt/ros/humble /usr/bin/cmake /home/aaryan/ros2_ws/src/examples/rclcpp/services/minimal_service -DCMAKE_INSTALL_PREFIX=/home/aaryan/ros2_ws/src/install/examples_rclcpp_minimal_service
[0.776s] -- The C compiler identification is GNU 11.4.0
[0.776s] -- The CXX compiler identification is GNU 11.4.0
[0.776s] -- Detecting C compiler ABI info
[0.776s] -- Detecting C compiler ABI info - done
[0.776s] -- Check for working C compiler: /usr/bin/cc - skipped
[0.776s] -- Detecting C compile features
[0.776s] -- Detecting C compile features - done
[0.776s] -- Detecting CXX compiler ABI info
[0.776s] -- Detecting CXX compiler ABI info - done
[0.776s] -- Check for working CXX compiler: /usr/bin/c++ - skipped
[0.776s] -- Detecting CXX compile features
[0.776s] -- Detecting CXX compile features - done
[0.776s] -- Found ament_cmake: 1.3.13 (/opt/ros/humble/share/ament_cmake/cmake)
[0.776s] -- Found Python3: /usr/bin/python3 (found version "3.10.12") found components: Interpreter 
[0.776s] -- Found example_interfaces: 0.9.3 (/opt/ros/humble/share/example_interfaces/cmake)
[0.776s] -- Found rosidl_generator_c: 3.1.8 (/opt/ros/humble/share/rosidl_generator_c/cmake)
[0.776s] -- Found rosidl_adapter: 3.1.8 (/opt/ros/humble/share/rosidl_adapter/cmake)
[0.777s] -- Found rosidl_generator_cpp: 3.1.8 (/opt/ros/humble/share/rosidl_generator_cpp/cmake)
[0.777s] -- Using all available rosidl_typesupport_c: rosidl_typesupport_fastrtps_c;rosidl_typesupport_introspection_c
[0.777s] -- Using all available rosidl_typesupport_cpp: rosidl_typesupport_fastrtps_cpp;rosidl_typesupport_introspection_cpp
[0.777s] -- Found rclcpp: 16.0.18 (/opt/ros/humble/share/rclcpp/cmake)
[0.777s] -- Found rmw_implementation_cmake: 6.1.2 (/opt/ros/humble/share/rmw_implementation_cmake/cmake)
[0.777s] -- Found rmw_fastrtps_cpp: 6.2.10 (/opt/ros/humble/share/rmw_fastrtps_cpp/cmake)
[0.794s] -- Found OpenSSL: /usr/lib/x86_64-linux-gnu/libcrypto.so (found version "3.0.2")  
[0.818s] -- Found FastRTPS: /opt/ros/humble/include  
[0.857s] -- Using RMW implementation 'rmw_fastrtps_cpp' as default
[0.863s] -- Looking for pthread.h
[0.927s] -- Looking for pthread.h - found
[0.927s] -- Performing Test CMAKE_HAVE_LIBC_PTHREAD
[0.995s] -- Performing Test CMAKE_HAVE_LIBC_PTHREAD - Success
[0.996s] -- Found Threads: TRUE  
[1.043s] -- Found ament_lint_auto: 0.12.15 (/opt/ros/humble/share/ament_lint_auto/cmake)
[1.122s] -- Added test 'copyright' to check source files copyright and LICENSE
[1.123s] -- Added test 'cppcheck' to perform static code analysis on C / C++ code
[1.123s] -- Configured cppcheck include dirs: 
[1.123s] -- Configured cppcheck exclude dirs and/or files: 
[1.123s] -- Added test 'cpplint' to check C / C++ code against the Google style
[1.123s] -- Configured cpplint exclude dirs and/or files: 
[1.126s] -- Added test 'lint_cmake' to check CMake code style
[1.126s] -- Added test 'uncrustify' to check C / C++ code style
[1.126s] -- Configured uncrustify additional arguments: 
[1.126s] -- Added test 'xmllint' to check XML markup files
[1.127s] -- Configuring done
[1.140s] -- Generating done
[1.146s] -- Build files have been written to: /home/aaryan/ros2_ws/src/build/examples_rclcpp_minimal_service
[1.166s] Invoked command in '/home/aaryan/ros2_ws/src/build/examples_rclcpp_minimal_service' returned '0': CMAKE_PREFIX_PATH=/opt/ros/humble /usr/bin/cmake /home/aaryan/ros2_ws/src/examples/rclcpp/services/minimal_service -DCMAKE_INSTALL_PREFIX=/home/aaryan/ros2_ws/src/install/examples_rclcpp_minimal_service
[1.170s] Invoking command in '/home/aaryan/ros2_ws/src/build/examples_rclcpp_minimal_service': CMAKE_PREFIX_PATH=/opt/ros/humble /usr/bin/cmake --build /home/aaryan/ros2_ws/src/build/examples_rclcpp_minimal_service -- -j16 -l16
[1.214s] [ 50%] [32mBuilding CXX object CMakeFiles/service_main.dir/main.cpp.o[0m
[4.915s] [100%] [32m[1mLinking CXX executable service_main[0m
[5.026s] [100%] Built target service_main
[5.038s] Invoked command in '/home/aaryan/ros2_ws/src/build/examples_rclcpp_minimal_service' returned '0': CMAKE_PREFIX_PATH=/opt/ros/humble /usr/bin/cmake --build /home/aaryan/ros2_ws/src/build/examples_rclcpp_minimal_service -- -j16 -l16
[5.040s] Invoking command in '/home/aaryan/ros2_ws/src/build/examples_rclcpp_minimal_service': CMAKE_PREFIX_PATH=/opt/ros/humble /usr/bin/cmake --install /home/aaryan/ros2_ws/src/build/examples_rclcpp_minimal_service
[5.202s] -- Install configuration: ""
[5.202s] -- Installing: /home/aaryan/ros2_ws/src/install/examples_rclcpp_minimal_service/lib/examples_rclcpp_minimal_service/service_main
[5.202s] -- Set runtime path of "/home/aaryan/ros2_ws/src/install/examples_rclcpp_minimal_service/lib/examples_rclcpp_minimal_service/service_main" to ""
[5.202s] -- Installing: /home/aaryan/ros2_ws/src/install/examples_rclcpp_minimal_service/share/ament_index/resource_index/package_run_dependencies/examples_rclcpp_minimal_service
[5.203s] -- Installing: /home/aaryan/ros2_ws/src/install/examples_rclcpp_minimal_service/share/ament_index/resource_index/parent_prefix_path/examples_rclcpp_minimal_service
[5.203s] -- Installing: /home/aaryan/ros2_ws/src/install/examples_rclcpp_minimal_service/share/examples_rclcpp_minimal_service/environment/ament_prefix_path.sh
[5.203s] -- Installing: /home/aaryan/ros2_ws/src/install/examples_rclcpp_minimal_service/share/examples_rclcpp_minimal_service/environment/ament_prefix_path.dsv
[5.203s] -- Installing: /home/aaryan/ros2_ws/src/install/examples_rclcpp_minimal_service/share/examples_rclcpp_minimal_service/environment/path.sh
[5.203s] -- Installing: /home/aaryan/ros2_ws/src/install/examples_rclcpp_minimal_service/share/examples_rclcpp_minimal_service/environment/path.dsv
[5.203s] -- Installing: /home/aaryan/ros2_ws/src/install/examples_rclcpp_minimal_service/share/examples_rclcpp_minimal_service/local_setup.bash
[5.203s] -- Installing: /home/aaryan/ros2_ws/src/install/examples_rclcpp_minimal_service/share/examples_rclcpp_minimal_service/local_setup.sh
[5.203s] -- Installing: /home/aaryan/ros2_ws/src/install/examples_rclcpp_minimal_service/share/examples_rclcpp_minimal_service/local_setup.zsh
[5.203s] -- Installing: /home/aaryan/ros2_ws/src/install/examples_rclcpp_minimal_service/share/examples_rclcpp_minimal_service/local_setup.dsv
[5.203s] -- Installing: /home/aaryan/ros2_ws/src/install/examples_rclcpp_minimal_service/share/examples_rclcpp_minimal_service/package.dsv
[5.203s] -- Installing: /home/aaryan/ros2_ws/src/install/examples_rclcpp_minimal_service/share/ament_index/resource_index/packages/examples_rclcpp_minimal_service
[5.203s] -- Installing: /home/aaryan/ros2_ws/src/install/examples_rclcpp_minimal_service/share/examples_rclcpp_minimal_service/cmake/examples_rclcpp_minimal_serviceConfig.cmake
[5.203s] -- Installing: /home/aaryan/ros2_ws/src/install/examples_rclcpp_minimal_service/share/examples_rclcpp_minimal_service/cmake/examples_rclcpp_minimal_serviceConfig-version.cmake
[5.203s] -- Installing: /home/aaryan/ros2_ws/src/install/examples_rclcpp_minimal_service/share/examples_rclcpp_minimal_service/package.xml
[5.291s] Invoked command in '/home/aaryan/ros2_ws/src/build/examples_rclcpp_minimal_service' returned '0': CMAKE_PREFIX_PATH=/opt/ros/humble /usr/bin/cmake --install /home/aaryan/ros2_ws/src/build/examples_rclcpp_minimal_service
