-- The C compiler identification is GNU 11.4.0
-- The CXX compiler identification is GNU 11.4.0
-- Detecting C compiler ABI info
-- Detecting C compiler ABI info - done
-- Check for working C compiler: /usr/bin/cc - skipped
-- Detecting C compile features
-- Detecting C compile features - done
-- Detecting CXX compiler ABI info
-- Detecting CXX compiler ABI info - done
-- Check for working CXX compiler: /usr/bin/c++ - skipped
-- Detecting CXX compile features
-- Detecting CXX compile features - done
-- Found ament_cmake: 1.3.13 (/opt/ros/humble/share/ament_cmake/cmake)
-- Found Python3: /usr/bin/python3 (found version "3.10.12") found components: Interpreter 
-- Found rosidl_default_generators: 1.2.0 (/opt/ros/humble/share/rosidl_default_generators/cmake)
-- Using all available rosidl_typesupport_c: rosidl_typesupport_fastrtps_c;rosidl_typesupport_introspection_c
-- Found rosidl_adapter: 3.1.8 (/opt/ros/humble/share/rosidl_adapter/cmake)
-- Using all available rosidl_typesupport_cpp: rosidl_typesupport_fastrtps_cpp;rosidl_typesupport_introspection_cpp
-- Found ament_lint_auto: 0.12.15 (/opt/ros/humble/share/ament_lint_auto/cmake)
-- Found ament_cmake_ros: 0.10.0 (/opt/ros/humble/share/ament_cmake_ros/cmake)
-- Using all available rosidl_typesupport_c: rosidl_typesupport_fastrtps_c;rosidl_typesupport_introspection_c
-- Using all available rosidl_typesupport_cpp: rosidl_typesupport_fastrtps_cpp;rosidl_typesupport_introspection_cpp
-- Found PythonInterp: /usr/bin/python3 (found suitable version "3.10.12", minimum required is "3.6") 
-- Found python_cmake_module: 0.10.0 (/opt/ros/humble/share/python_cmake_module/cmake)
-- Found PythonLibs: /usr/lib/x86_64-linux-gnu/libpython3.10.so (found suitable version "3.10.12", minimum required is "3.5") 
-- Using PYTHON_EXECUTABLE: /usr/bin/python3
-- Using PYTHON_INCLUDE_DIRS: /usr/include/python3.10
-- Using PYTHON_LIBRARIES: /usr/lib/x86_64-linux-gnu/libpython3.10.so
-- Found PythonExtra: .so  
-- Added test 'lint_cmake' to check CMake code style
-- Added test 'xmllint' to check XML markup files
-- Configuring done
-- Generating done
-- Build files have been written to: /home/aaryan/ros2_ws/src/task6/build/rt2_msgs
[  2%] [34m[1mGenerating C code for ROS interfaces[0m
[  4%] [34m[1mGenerating C++ code for ROS interfaces[0m
[  4%] Built target ament_cmake_python_copy_rt2_msgs
running egg_info
creating rt2_msgs.egg-info
writing rt2_msgs.egg-info/PKG-INFO
writing dependency_links to rt2_msgs.egg-info/dependency_links.txt
writing top-level names to rt2_msgs.egg-info/top_level.txt
writing manifest file 'rt2_msgs.egg-info/SOURCES.txt'
reading manifest file 'rt2_msgs.egg-info/SOURCES.txt'
writing manifest file 'rt2_msgs.egg-info/SOURCES.txt'
[  4%] Built target ament_cmake_python_build_rt2_msgs_egg
[  6%] [32mBuilding C object CMakeFiles/rt2_msgs__rosidl_generator_c.dir/rosidl_generator_c/rt2_msgs/msg/detail/rt2_string__functions.c.o[0m
[  8%] [32mBuilding C object CMakeFiles/rt2_msgs__rosidl_generator_c.dir/rosidl_generator_c/rt2_msgs/msg/detail/pal_check__functions.c.o[0m
[ 10%] [32mBuilding C object CMakeFiles/rt2_msgs__rosidl_generator_c.dir/rosidl_generator_c/rt2_msgs/msg/detail/pal_feedback__functions.c.o[0m
[ 10%] Built target rt2_msgs__cpp
[ 12%] [34m[1mGenerating C++ introspection for ROS interfaces[0m
[ 14%] [34m[1mGenerating C++ type support dispatch for ROS interfaces[0m
[ 17%] [34m[1mGenerating C++ type support for eProsima Fast-RTPS[0m
[ 19%] [32m[1mLinking C shared library librt2_msgs__rosidl_generator_c.so[0m
[ 19%] Built target rt2_msgs__rosidl_generator_c
[ 21%] [34m[1mGenerating C type support for eProsima Fast-RTPS[0m
[ 23%] [34m[1mGenerating C type support dispatch for ROS interfaces[0m
[ 25%] [34m[1mGenerating C introspection for ROS interfaces[0m
[ 27%] [32mBuilding CXX object CMakeFiles/rt2_msgs__rosidl_typesupport_cpp.dir/rosidl_typesupport_cpp/rt2_msgs/msg/pal_check__type_support.cpp.o[0m
[ 29%] [32mBuilding CXX object CMakeFiles/rt2_msgs__rosidl_typesupport_cpp.dir/rosidl_typesupport_cpp/rt2_msgs/msg/pal_feedback__type_support.cpp.o[0m
[ 31%] [32mBuilding CXX object CMakeFiles/rt2_msgs__rosidl_typesupport_cpp.dir/rosidl_typesupport_cpp/rt2_msgs/msg/rt2_string__type_support.cpp.o[0m
[ 34%] [32mBuilding CXX object CMakeFiles/rt2_msgs__rosidl_typesupport_introspection_cpp.dir/rosidl_typesupport_introspection_cpp/rt2_msgs/msg/detail/pal_check__type_support.cpp.o[0m
[ 36%] [32mBuilding CXX object CMakeFiles/rt2_msgs__rosidl_typesupport_introspection_cpp.dir/rosidl_typesupport_introspection_cpp/rt2_msgs/msg/detail/pal_feedback__type_support.cpp.o[0m
[ 38%] [32mBuilding CXX object CMakeFiles/rt2_msgs__rosidl_typesupport_introspection_cpp.dir/rosidl_typesupport_introspection_cpp/rt2_msgs/msg/detail/rt2_string__type_support.cpp.o[0m
[ 40%] [32mBuilding CXX object CMakeFiles/rt2_msgs__rosidl_typesupport_fastrtps_cpp.dir/rosidl_typesupport_fastrtps_cpp/rt2_msgs/msg/detail/dds_fastrtps/rt2_string__type_support.cpp.o[0m
[ 42%] [32mBuilding CXX object CMakeFiles/rt2_msgs__rosidl_typesupport_fastrtps_cpp.dir/rosidl_typesupport_fastrtps_cpp/rt2_msgs/msg/detail/dds_fastrtps/pal_check__type_support.cpp.o[0m
[ 44%] [32mBuilding CXX object CMakeFiles/rt2_msgs__rosidl_typesupport_fastrtps_cpp.dir/rosidl_typesupport_fastrtps_cpp/rt2_msgs/msg/detail/dds_fastrtps/pal_feedback__type_support.cpp.o[0m
[ 46%] [32mBuilding C object CMakeFiles/rt2_msgs__rosidl_typesupport_introspection_c.dir/rosidl_typesupport_introspection_c/rt2_msgs/msg/detail/rt2_string__type_support.c.o[0m
[ 48%] [32mBuilding C object CMakeFiles/rt2_msgs__rosidl_typesupport_introspection_c.dir/rosidl_typesupport_introspection_c/rt2_msgs/msg/detail/pal_feedback__type_support.c.o[0m
[ 51%] [32mBuilding C object CMakeFiles/rt2_msgs__rosidl_typesupport_introspection_c.dir/rosidl_typesupport_introspection_c/rt2_msgs/msg/detail/pal_check__type_support.c.o[0m
[ 53%] [32mBuilding CXX object CMakeFiles/rt2_msgs__rosidl_typesupport_c.dir/rosidl_typesupport_c/rt2_msgs/msg/pal_feedback__type_support.cpp.o[0m
[ 55%] [32mBuilding CXX object CMakeFiles/rt2_msgs__rosidl_typesupport_c.dir/rosidl_typesupport_c/rt2_msgs/msg/pal_check__type_support.cpp.o[0m
[ 57%] [32mBuilding CXX object CMakeFiles/rt2_msgs__rosidl_typesupport_c.dir/rosidl_typesupport_c/rt2_msgs/msg/rt2_string__type_support.cpp.o[0m
[ 59%] [32mBuilding CXX object CMakeFiles/rt2_msgs__rosidl_typesupport_fastrtps_c.dir/rosidl_typesupport_fastrtps_c/rt2_msgs/msg/detail/rt2_string__type_support_c.cpp.o[0m
[ 61%] [32mBuilding CXX object CMakeFiles/rt2_msgs__rosidl_typesupport_fastrtps_c.dir/rosidl_typesupport_fastrtps_c/rt2_msgs/msg/detail/pal_check__type_support_c.cpp.o[0m
[ 63%] [32mBuilding CXX object CMakeFiles/rt2_msgs__rosidl_typesupport_fastrtps_c.dir/rosidl_typesupport_fastrtps_c/rt2_msgs/msg/detail/pal_feedback__type_support_c.cpp.o[0m
[ 65%] [32m[1mLinking C shared library librt2_msgs__rosidl_typesupport_introspection_c.so[0m
[ 68%] [32m[1mLinking CXX shared library librt2_msgs__rosidl_typesupport_c.so[0m
[ 68%] Built target rt2_msgs__rosidl_typesupport_introspection_c
[ 68%] Built target rt2_msgs__rosidl_typesupport_c
[ 70%] [32m[1mLinking CXX shared library librt2_msgs__rosidl_typesupport_cpp.so[0m
[ 70%] Built target rt2_msgs__rosidl_typesupport_cpp
[ 72%] [32m[1mLinking CXX shared library librt2_msgs__rosidl_typesupport_introspection_cpp.so[0m
[ 72%] Built target rt2_msgs__rosidl_typesupport_introspection_cpp
[ 74%] [32m[1mLinking CXX shared library librt2_msgs__rosidl_typesupport_fastrtps_cpp.so[0m
[ 76%] [32m[1mLinking CXX shared library librt2_msgs__rosidl_typesupport_fastrtps_c.so[0m
[ 76%] Built target rt2_msgs__rosidl_typesupport_fastrtps_c
[ 76%] Built target rt2_msgs__rosidl_typesupport_fastrtps_cpp
[ 76%] Built target rt2_msgs
[ 78%] [34m[1mGenerating Python code for ROS interfaces[0m
[ 78%] Built target rt2_msgs__py
[ 80%] [32mBuilding C object CMakeFiles/rt2_msgs__rosidl_generator_py.dir/rosidl_generator_py/rt2_msgs/msg/_pal_feedback_s.c.o[0m
[ 82%] [32mBuilding C object CMakeFiles/rt2_msgs__rosidl_generator_py.dir/rosidl_generator_py/rt2_msgs/msg/_rt2_string_s.c.o[0m
[ 85%] [32mBuilding C object CMakeFiles/rt2_msgs__rosidl_generator_py.dir/rosidl_generator_py/rt2_msgs/msg/_pal_check_s.c.o[0m
[ 87%] [32m[1mLinking C shared library rosidl_generator_py/rt2_msgs/librt2_msgs__rosidl_generator_py.so[0m
[ 87%] Built target rt2_msgs__rosidl_generator_py
[ 89%] [32mBuilding C object CMakeFiles/rt2_msgs__rosidl_typesupport_introspection_c__pyext.dir/rosidl_generator_py/rt2_msgs/_rt2_msgs_s.ep.rosidl_typesupport_introspection_c.c.o[0m
[ 91%] [32mBuilding C object CMakeFiles/rt2_msgs__rosidl_typesupport_c__pyext.dir/rosidl_generator_py/rt2_msgs/_rt2_msgs_s.ep.rosidl_typesupport_c.c.o[0m
[ 93%] [32mBuilding C object CMakeFiles/rt2_msgs__rosidl_typesupport_fastrtps_c__pyext.dir/rosidl_generator_py/rt2_msgs/_rt2_msgs_s.ep.rosidl_typesupport_fastrtps_c.c.o[0m
[ 95%] [32m[1mLinking C shared library rosidl_generator_py/rt2_msgs/rt2_msgs_s__rosidl_typesupport_introspection_c.cpython-310-x86_64-linux-gnu.so[0m
[ 97%] [32m[1mLinking C shared library rosidl_generator_py/rt2_msgs/rt2_msgs_s__rosidl_typesupport_fastrtps_c.cpython-310-x86_64-linux-gnu.so[0m
[100%] [32m[1mLinking C shared library rosidl_generator_py/rt2_msgs/rt2_msgs_s__rosidl_typesupport_c.cpython-310-x86_64-linux-gnu.so[0m
[100%] Built target rt2_msgs__rosidl_typesupport_introspection_c__pyext
[100%] Built target rt2_msgs__rosidl_typesupport_fastrtps_c__pyext
[100%] Built target rt2_msgs__rosidl_typesupport_c__pyext
-- Install configuration: ""
-- Installing: /home/aaryan/ros2_ws/src/task6/install/rt2_msgs/share/ament_index/resource_index/rosidl_interfaces/rt2_msgs
-- Installing: /home/aaryan/ros2_ws/src/task6/install/rt2_msgs/include/rt2_msgs/rt2_msgs
-- Installing: /home/aaryan/ros2_ws/src/task6/install/rt2_msgs/include/rt2_msgs/rt2_msgs/msg
-- Installing: /home/aaryan/ros2_ws/src/task6/install/rt2_msgs/include/rt2_msgs/rt2_msgs/msg/pal_feedback.h
-- Installing: /home/aaryan/ros2_ws/src/task6/install/rt2_msgs/include/rt2_msgs/rt2_msgs/msg/rt2_string.h
-- Installing: /home/aaryan/ros2_ws/src/task6/install/rt2_msgs/include/rt2_msgs/rt2_msgs/msg/pal_check.h
-- Installing: /home/aaryan/ros2_ws/src/task6/install/rt2_msgs/include/rt2_msgs/rt2_msgs/msg/rosidl_generator_c__visibility_control.h
-- Installing: /home/aaryan/ros2_ws/src/task6/install/rt2_msgs/include/rt2_msgs/rt2_msgs/msg/detail
-- Installing: /home/aaryan/ros2_ws/src/task6/install/rt2_msgs/include/rt2_msgs/rt2_msgs/msg/detail/pal_feedback__struct.h
-- Installing: /home/aaryan/ros2_ws/src/task6/install/rt2_msgs/include/rt2_msgs/rt2_msgs/msg/detail/pal_feedback__functions.c
-- Installing: /home/aaryan/ros2_ws/src/task6/install/rt2_msgs/include/rt2_msgs/rt2_msgs/msg/detail/rt2_string__struct.h
-- Installing: /home/aaryan/ros2_ws/src/task6/install/rt2_msgs/include/rt2_msgs/rt2_msgs/msg/detail/rt2_string__functions.c
-- Installing: /home/aaryan/ros2_ws/src/task6/install/rt2_msgs/include/rt2_msgs/rt2_msgs/msg/detail/pal_feedback__functions.h
-- Installing: /home/aaryan/ros2_ws/src/task6/install/rt2_msgs/include/rt2_msgs/rt2_msgs/msg/detail/rt2_string__functions.h
-- Installing: /home/aaryan/ros2_ws/src/task6/install/rt2_msgs/include/rt2_msgs/rt2_msgs/msg/detail/pal_check__functions.h
-- Installing: /home/aaryan/ros2_ws/src/task6/install/rt2_msgs/include/rt2_msgs/rt2_msgs/msg/detail/rt2_string__type_support.h
-- Installing: /home/aaryan/ros2_ws/src/task6/install/rt2_msgs/include/rt2_msgs/rt2_msgs/msg/detail/pal_check__struct.h
-- Installing: /home/aaryan/ros2_ws/src/task6/install/rt2_msgs/include/rt2_msgs/rt2_msgs/msg/detail/pal_check__functions.c
-- Installing: /home/aaryan/ros2_ws/src/task6/install/rt2_msgs/include/rt2_msgs/rt2_msgs/msg/detail/pal_feedback__type_support.h
-- Installing: /home/aaryan/ros2_ws/src/task6/install/rt2_msgs/include/rt2_msgs/rt2_msgs/msg/detail/pal_check__type_support.h
-- Installing: /home/aaryan/ros2_ws/src/task6/install/rt2_msgs/share/rt2_msgs/environment/library_path.sh
-- Installing: /home/aaryan/ros2_ws/src/task6/install/rt2_msgs/share/rt2_msgs/environment/library_path.dsv
-- Installing: /home/aaryan/ros2_ws/src/task6/install/rt2_msgs/lib/librt2_msgs__rosidl_generator_c.so
-- Set runtime path of "/home/aaryan/ros2_ws/src/task6/install/rt2_msgs/lib/librt2_msgs__rosidl_generator_c.so" to ""
-- Up-to-date: /home/aaryan/ros2_ws/src/task6/install/rt2_msgs/include/rt2_msgs/rt2_msgs
-- Up-to-date: /home/aaryan/ros2_ws/src/task6/install/rt2_msgs/include/rt2_msgs/rt2_msgs/msg
-- Installing: /home/aaryan/ros2_ws/src/task6/install/rt2_msgs/include/rt2_msgs/rt2_msgs/msg/rosidl_typesupport_fastrtps_c__visibility_control.h
-- Up-to-date: /home/aaryan/ros2_ws/src/task6/install/rt2_msgs/include/rt2_msgs/rt2_msgs/msg/detail
-- Installing: /home/aaryan/ros2_ws/src/task6/install/rt2_msgs/include/rt2_msgs/rt2_msgs/msg/detail/pal_check__rosidl_typesupport_fastrtps_c.h
-- Installing: /home/aaryan/ros2_ws/src/task6/install/rt2_msgs/include/rt2_msgs/rt2_msgs/msg/detail/pal_feedback__rosidl_typesupport_fastrtps_c.h
-- Installing: /home/aaryan/ros2_ws/src/task6/install/rt2_msgs/include/rt2_msgs/rt2_msgs/msg/detail/rt2_string__rosidl_typesupport_fastrtps_c.h
-- Installing: /home/aaryan/ros2_ws/src/task6/install/rt2_msgs/lib/librt2_msgs__rosidl_typesupport_fastrtps_c.so
-- Set runtime path of "/home/aaryan/ros2_ws/src/task6/install/rt2_msgs/lib/librt2_msgs__rosidl_typesupport_fastrtps_c.so" to ""
-- Up-to-date: /home/aaryan/ros2_ws/src/task6/install/rt2_msgs/include/rt2_msgs/rt2_msgs
-- Up-to-date: /home/aaryan/ros2_ws/src/task6/install/rt2_msgs/include/rt2_msgs/rt2_msgs/msg
-- Installing: /home/aaryan/ros2_ws/src/task6/install/rt2_msgs/include/rt2_msgs/rt2_msgs/msg/rosidl_typesupport_introspection_c__visibility_control.h
-- Up-to-date: /home/aaryan/ros2_ws/src/task6/install/rt2_msgs/include/rt2_msgs/rt2_msgs/msg/detail
-- Installing: /home/aaryan/ros2_ws/src/task6/install/rt2_msgs/include/rt2_msgs/rt2_msgs/msg/detail/rt2_string__type_support.c
-- Installing: /home/aaryan/ros2_ws/src/task6/install/rt2_msgs/include/rt2_msgs/rt2_msgs/msg/detail/rt2_string__rosidl_typesupport_introspection_c.h
-- Installing: /home/aaryan/ros2_ws/src/task6/install/rt2_msgs/include/rt2_msgs/rt2_msgs/msg/detail/pal_check__rosidl_typesupport_introspection_c.h
-- Installing: /home/aaryan/ros2_ws/src/task6/install/rt2_msgs/include/rt2_msgs/rt2_msgs/msg/detail/pal_feedback__type_support.c
-- Installing: /home/aaryan/ros2_ws/src/task6/install/rt2_msgs/include/rt2_msgs/rt2_msgs/msg/detail/pal_feedback__rosidl_typesupport_introspection_c.h
-- Installing: /home/aaryan/ros2_ws/src/task6/install/rt2_msgs/include/rt2_msgs/rt2_msgs/msg/detail/pal_check__type_support.c
-- Installing: /home/aaryan/ros2_ws/src/task6/install/rt2_msgs/lib/librt2_msgs__rosidl_typesupport_introspection_c.so
-- Set runtime path of "/home/aaryan/ros2_ws/src/task6/install/rt2_msgs/lib/librt2_msgs__rosidl_typesupport_introspection_c.so" to ""
-- Installing: /home/aaryan/ros2_ws/src/task6/install/rt2_msgs/lib/librt2_msgs__rosidl_typesupport_c.so
-- Set runtime path of "/home/aaryan/ros2_ws/src/task6/install/rt2_msgs/lib/librt2_msgs__rosidl_typesupport_c.so" to ""
-- Up-to-date: /home/aaryan/ros2_ws/src/task6/install/rt2_msgs/include/rt2_msgs/rt2_msgs
-- Up-to-date: /home/aaryan/ros2_ws/src/task6/install/rt2_msgs/include/rt2_msgs/rt2_msgs/msg
-- Installing: /home/aaryan/ros2_ws/src/task6/install/rt2_msgs/include/rt2_msgs/rt2_msgs/msg/rt2_string.hpp
-- Installing: /home/aaryan/ros2_ws/src/task6/install/rt2_msgs/include/rt2_msgs/rt2_msgs/msg/pal_feedback.hpp
-- Installing: /home/aaryan/ros2_ws/src/task6/install/rt2_msgs/include/rt2_msgs/rt2_msgs/msg/rosidl_generator_cpp__visibility_control.hpp
-- Installing: /home/aaryan/ros2_ws/src/task6/install/rt2_msgs/include/rt2_msgs/rt2_msgs/msg/pal_check.hpp
-- Up-to-date: /home/aaryan/ros2_ws/src/task6/install/rt2_msgs/include/rt2_msgs/rt2_msgs/msg/detail
-- Installing: /home/aaryan/ros2_ws/src/task6/install/rt2_msgs/include/rt2_msgs/rt2_msgs/msg/detail/pal_check__traits.hpp
-- Installing: /home/aaryan/ros2_ws/src/task6/install/rt2_msgs/include/rt2_msgs/rt2_msgs/msg/detail/pal_check__builder.hpp
-- Installing: /home/aaryan/ros2_ws/src/task6/install/rt2_msgs/include/rt2_msgs/rt2_msgs/msg/detail/rt2_string__traits.hpp
-- Installing: /home/aaryan/ros2_ws/src/task6/install/rt2_msgs/include/rt2_msgs/rt2_msgs/msg/detail/pal_check__struct.hpp
-- Installing: /home/aaryan/ros2_ws/src/task6/install/rt2_msgs/include/rt2_msgs/rt2_msgs/msg/detail/pal_feedback__traits.hpp
-- Installing: /home/aaryan/ros2_ws/src/task6/install/rt2_msgs/include/rt2_msgs/rt2_msgs/msg/detail/pal_feedback__builder.hpp
-- Installing: /home/aaryan/ros2_ws/src/task6/install/rt2_msgs/include/rt2_msgs/rt2_msgs/msg/detail/pal_check__type_support.hpp
-- Installing: /home/aaryan/ros2_ws/src/task6/install/rt2_msgs/include/rt2_msgs/rt2_msgs/msg/detail/pal_feedback__struct.hpp
-- Installing: /home/aaryan/ros2_ws/src/task6/install/rt2_msgs/include/rt2_msgs/rt2_msgs/msg/detail/rt2_string__type_support.hpp
-- Installing: /home/aaryan/ros2_ws/src/task6/install/rt2_msgs/include/rt2_msgs/rt2_msgs/msg/detail/rt2_string__builder.hpp
-- Installing: /home/aaryan/ros2_ws/src/task6/install/rt2_msgs/include/rt2_msgs/rt2_msgs/msg/detail/rt2_string__struct.hpp
-- Installing: /home/aaryan/ros2_ws/src/task6/install/rt2_msgs/include/rt2_msgs/rt2_msgs/msg/detail/pal_feedback__type_support.hpp
-- Up-to-date: /home/aaryan/ros2_ws/src/task6/install/rt2_msgs/include/rt2_msgs/rt2_msgs
-- Up-to-date: /home/aaryan/ros2_ws/src/task6/install/rt2_msgs/include/rt2_msgs/rt2_msgs/msg
-- Installing: /home/aaryan/ros2_ws/src/task6/install/rt2_msgs/include/rt2_msgs/rt2_msgs/msg/rosidl_typesupport_fastrtps_cpp__visibility_control.h
-- Up-to-date: /home/aaryan/ros2_ws/src/task6/install/rt2_msgs/include/rt2_msgs/rt2_msgs/msg/detail
-- Installing: /home/aaryan/ros2_ws/src/task6/install/rt2_msgs/include/rt2_msgs/rt2_msgs/msg/detail/dds_fastrtps
-- Installing: /home/aaryan/ros2_ws/src/task6/install/rt2_msgs/include/rt2_msgs/rt2_msgs/msg/detail/rt2_string__rosidl_typesupport_fastrtps_cpp.hpp
-- Installing: /home/aaryan/ros2_ws/src/task6/install/rt2_msgs/include/rt2_msgs/rt2_msgs/msg/detail/pal_check__rosidl_typesupport_fastrtps_cpp.hpp
-- Installing: /home/aaryan/ros2_ws/src/task6/install/rt2_msgs/include/rt2_msgs/rt2_msgs/msg/detail/pal_feedback__rosidl_typesupport_fastrtps_cpp.hpp
-- Installing: /home/aaryan/ros2_ws/src/task6/install/rt2_msgs/lib/librt2_msgs__rosidl_typesupport_fastrtps_cpp.so
-- Set runtime path of "/home/aaryan/ros2_ws/src/task6/install/rt2_msgs/lib/librt2_msgs__rosidl_typesupport_fastrtps_cpp.so" to ""
-- Up-to-date: /home/aaryan/ros2_ws/src/task6/install/rt2_msgs/include/rt2_msgs/rt2_msgs
-- Up-to-date: /home/aaryan/ros2_ws/src/task6/install/rt2_msgs/include/rt2_msgs/rt2_msgs/msg
-- Up-to-date: /home/aaryan/ros2_ws/src/task6/install/rt2_msgs/include/rt2_msgs/rt2_msgs/msg/detail
-- Installing: /home/aaryan/ros2_ws/src/task6/install/rt2_msgs/include/rt2_msgs/rt2_msgs/msg/detail/rt2_string__rosidl_typesupport_introspection_cpp.hpp
-- Installing: /home/aaryan/ros2_ws/src/task6/install/rt2_msgs/include/rt2_msgs/rt2_msgs/msg/detail/rt2_string__type_support.cpp
-- Installing: /home/aaryan/ros2_ws/src/task6/install/rt2_msgs/include/rt2_msgs/rt2_msgs/msg/detail/pal_feedback__type_support.cpp
-- Installing: /home/aaryan/ros2_ws/src/task6/install/rt2_msgs/include/rt2_msgs/rt2_msgs/msg/detail/pal_feedback__rosidl_typesupport_introspection_cpp.hpp
-- Installing: /home/aaryan/ros2_ws/src/task6/install/rt2_msgs/include/rt2_msgs/rt2_msgs/msg/detail/pal_check__rosidl_typesupport_introspection_cpp.hpp
-- Installing: /home/aaryan/ros2_ws/src/task6/install/rt2_msgs/include/rt2_msgs/rt2_msgs/msg/detail/pal_check__type_support.cpp
-- Installing: /home/aaryan/ros2_ws/src/task6/install/rt2_msgs/lib/librt2_msgs__rosidl_typesupport_introspection_cpp.so
-- Set runtime path of "/home/aaryan/ros2_ws/src/task6/install/rt2_msgs/lib/librt2_msgs__rosidl_typesupport_introspection_cpp.so" to ""
-- Installing: /home/aaryan/ros2_ws/src/task6/install/rt2_msgs/lib/librt2_msgs__rosidl_typesupport_cpp.so
-- Set runtime path of "/home/aaryan/ros2_ws/src/task6/install/rt2_msgs/lib/librt2_msgs__rosidl_typesupport_cpp.so" to ""
-- Installing: /home/aaryan/ros2_ws/src/task6/install/rt2_msgs/share/rt2_msgs/environment/pythonpath.sh
-- Installing: /home/aaryan/ros2_ws/src/task6/install/rt2_msgs/share/rt2_msgs/environment/pythonpath.dsv
-- Installing: /home/aaryan/ros2_ws/src/task6/install/rt2_msgs/local/lib/python3.10/dist-packages/rt2_msgs-0.0.0-py3.10.egg-info
-- Installing: /home/aaryan/ros2_ws/src/task6/install/rt2_msgs/local/lib/python3.10/dist-packages/rt2_msgs-0.0.0-py3.10.egg-info/SOURCES.txt
-- Installing: /home/aaryan/ros2_ws/src/task6/install/rt2_msgs/local/lib/python3.10/dist-packages/rt2_msgs-0.0.0-py3.10.egg-info/top_level.txt
-- Installing: /home/aaryan/ros2_ws/src/task6/install/rt2_msgs/local/lib/python3.10/dist-packages/rt2_msgs-0.0.0-py3.10.egg-info/PKG-INFO
-- Installing: /home/aaryan/ros2_ws/src/task6/install/rt2_msgs/local/lib/python3.10/dist-packages/rt2_msgs-0.0.0-py3.10.egg-info/dependency_links.txt
-- Installing: /home/aaryan/ros2_ws/src/task6/install/rt2_msgs/local/lib/python3.10/dist-packages/rt2_msgs
-- Installing: /home/aaryan/ros2_ws/src/task6/install/rt2_msgs/local/lib/python3.10/dist-packages/rt2_msgs/_rt2_msgs_s.ep.rosidl_typesupport_introspection_c.c
-- Installing: /home/aaryan/ros2_ws/src/task6/install/rt2_msgs/local/lib/python3.10/dist-packages/rt2_msgs/rt2_msgs_s__rosidl_typesupport_introspection_c.cpython-310-x86_64-linux-gnu.so
-- Installing: /home/aaryan/ros2_ws/src/task6/install/rt2_msgs/local/lib/python3.10/dist-packages/rt2_msgs/librt2_msgs__rosidl_generator_py.so
-- Installing: /home/aaryan/ros2_ws/src/task6/install/rt2_msgs/local/lib/python3.10/dist-packages/rt2_msgs/msg
-- Installing: /home/aaryan/ros2_ws/src/task6/install/rt2_msgs/local/lib/python3.10/dist-packages/rt2_msgs/msg/_pal_feedback_s.c
-- Installing: /home/aaryan/ros2_ws/src/task6/install/rt2_msgs/local/lib/python3.10/dist-packages/rt2_msgs/msg/_pal_check_s.c
-- Installing: /home/aaryan/ros2_ws/src/task6/install/rt2_msgs/local/lib/python3.10/dist-packages/rt2_msgs/msg/_rt2_string_s.c
-- Installing: /home/aaryan/ros2_ws/src/task6/install/rt2_msgs/local/lib/python3.10/dist-packages/rt2_msgs/msg/_rt2_string.py
-- Installing: /home/aaryan/ros2_ws/src/task6/install/rt2_msgs/local/lib/python3.10/dist-packages/rt2_msgs/msg/_pal_feedback.py
-- Installing: /home/aaryan/ros2_ws/src/task6/install/rt2_msgs/local/lib/python3.10/dist-packages/rt2_msgs/msg/_pal_check.py
-- Installing: /home/aaryan/ros2_ws/src/task6/install/rt2_msgs/local/lib/python3.10/dist-packages/rt2_msgs/msg/__init__.py
-- Installing: /home/aaryan/ros2_ws/src/task6/install/rt2_msgs/local/lib/python3.10/dist-packages/rt2_msgs/rt2_msgs_s__rosidl_typesupport_fastrtps_c.cpython-310-x86_64-linux-gnu.so
-- Installing: /home/aaryan/ros2_ws/src/task6/install/rt2_msgs/local/lib/python3.10/dist-packages/rt2_msgs/_rt2_msgs_s.ep.rosidl_typesupport_c.c
-- Installing: /home/aaryan/ros2_ws/src/task6/install/rt2_msgs/local/lib/python3.10/dist-packages/rt2_msgs/rt2_msgs_s__rosidl_typesupport_c.cpython-310-x86_64-linux-gnu.so
-- Installing: /home/aaryan/ros2_ws/src/task6/install/rt2_msgs/local/lib/python3.10/dist-packages/rt2_msgs/__init__.py
-- Installing: /home/aaryan/ros2_ws/src/task6/install/rt2_msgs/local/lib/python3.10/dist-packages/rt2_msgs/_rt2_msgs_s.ep.rosidl_typesupport_fastrtps_c.c
Listing '/home/aaryan/ros2_ws/src/task6/install/rt2_msgs/local/lib/python3.10/dist-packages/rt2_msgs'...
Compiling '/home/aaryan/ros2_ws/src/task6/install/rt2_msgs/local/lib/python3.10/dist-packages/rt2_msgs/__init__.py'...
Listing '/home/aaryan/ros2_ws/src/task6/install/rt2_msgs/local/lib/python3.10/dist-packages/rt2_msgs/msg'...
Compiling '/home/aaryan/ros2_ws/src/task6/install/rt2_msgs/local/lib/python3.10/dist-packages/rt2_msgs/msg/__init__.py'...
Compiling '/home/aaryan/ros2_ws/src/task6/install/rt2_msgs/local/lib/python3.10/dist-packages/rt2_msgs/msg/_pal_check.py'...
Compiling '/home/aaryan/ros2_ws/src/task6/install/rt2_msgs/local/lib/python3.10/dist-packages/rt2_msgs/msg/_pal_feedback.py'...
Compiling '/home/aaryan/ros2_ws/src/task6/install/rt2_msgs/local/lib/python3.10/dist-packages/rt2_msgs/msg/_rt2_string.py'...
-- Installing: /home/aaryan/ros2_ws/src/task6/install/rt2_msgs/local/lib/python3.10/dist-packages/rt2_msgs/rt2_msgs_s__rosidl_typesupport_fastrtps_c.cpython-310-x86_64-linux-gnu.so
-- Set runtime path of "/home/aaryan/ros2_ws/src/task6/install/rt2_msgs/local/lib/python3.10/dist-packages/rt2_msgs/rt2_msgs_s__rosidl_typesupport_fastrtps_c.cpython-310-x86_64-linux-gnu.so" to ""
-- Installing: /home/aaryan/ros2_ws/src/task6/install/rt2_msgs/local/lib/python3.10/dist-packages/rt2_msgs/rt2_msgs_s__rosidl_typesupport_introspection_c.cpython-310-x86_64-linux-gnu.so
-- Set runtime path of "/home/aaryan/ros2_ws/src/task6/install/rt2_msgs/local/lib/python3.10/dist-packages/rt2_msgs/rt2_msgs_s__rosidl_typesupport_introspection_c.cpython-310-x86_64-linux-gnu.so" to ""
-- Installing: /home/aaryan/ros2_ws/src/task6/install/rt2_msgs/local/lib/python3.10/dist-packages/rt2_msgs/rt2_msgs_s__rosidl_typesupport_c.cpython-310-x86_64-linux-gnu.so
-- Set runtime path of "/home/aaryan/ros2_ws/src/task6/install/rt2_msgs/local/lib/python3.10/dist-packages/rt2_msgs/rt2_msgs_s__rosidl_typesupport_c.cpython-310-x86_64-linux-gnu.so" to ""
-- Installing: /home/aaryan/ros2_ws/src/task6/install/rt2_msgs/lib/librt2_msgs__rosidl_generator_py.so
-- Set runtime path of "/home/aaryan/ros2_ws/src/task6/install/rt2_msgs/lib/librt2_msgs__rosidl_generator_py.so" to ""
-- Installing: /home/aaryan/ros2_ws/src/task6/install/rt2_msgs/share/rt2_msgs/msg/RT2String.idl
-- Installing: /home/aaryan/ros2_ws/src/task6/install/rt2_msgs/share/rt2_msgs/msg/PalCheck.idl
-- Installing: /home/aaryan/ros2_ws/src/task6/install/rt2_msgs/share/rt2_msgs/msg/PalFeedback.idl
-- Installing: /home/aaryan/ros2_ws/src/task6/install/rt2_msgs/share/rt2_msgs/msg/RT2String.msg
-- Installing: /home/aaryan/ros2_ws/src/task6/install/rt2_msgs/share/rt2_msgs/msg/PalCheck.msg
-- Installing: /home/aaryan/ros2_ws/src/task6/install/rt2_msgs/share/rt2_msgs/msg/PalFeedback.msg
-- Installing: /home/aaryan/ros2_ws/src/task6/install/rt2_msgs/share/ament_index/resource_index/package_run_dependencies/rt2_msgs
-- Installing: /home/aaryan/ros2_ws/src/task6/install/rt2_msgs/share/ament_index/resource_index/parent_prefix_path/rt2_msgs
-- Installing: /home/aaryan/ros2_ws/src/task6/install/rt2_msgs/share/rt2_msgs/environment/ament_prefix_path.sh
-- Installing: /home/aaryan/ros2_ws/src/task6/install/rt2_msgs/share/rt2_msgs/environment/ament_prefix_path.dsv
-- Installing: /home/aaryan/ros2_ws/src/task6/install/rt2_msgs/share/rt2_msgs/environment/path.sh
-- Installing: /home/aaryan/ros2_ws/src/task6/install/rt2_msgs/share/rt2_msgs/environment/path.dsv
-- Installing: /home/aaryan/ros2_ws/src/task6/install/rt2_msgs/share/rt2_msgs/local_setup.bash
-- Installing: /home/aaryan/ros2_ws/src/task6/install/rt2_msgs/share/rt2_msgs/local_setup.sh
-- Installing: /home/aaryan/ros2_ws/src/task6/install/rt2_msgs/share/rt2_msgs/local_setup.zsh
-- Installing: /home/aaryan/ros2_ws/src/task6/install/rt2_msgs/share/rt2_msgs/local_setup.dsv
-- Installing: /home/aaryan/ros2_ws/src/task6/install/rt2_msgs/share/rt2_msgs/package.dsv
-- Installing: /home/aaryan/ros2_ws/src/task6/install/rt2_msgs/share/ament_index/resource_index/packages/rt2_msgs
-- Installing: /home/aaryan/ros2_ws/src/task6/install/rt2_msgs/share/rt2_msgs/cmake/export_rt2_msgs__rosidl_generator_cExport.cmake
-- Installing: /home/aaryan/ros2_ws/src/task6/install/rt2_msgs/share/rt2_msgs/cmake/export_rt2_msgs__rosidl_generator_cExport-noconfig.cmake
-- Installing: /home/aaryan/ros2_ws/src/task6/install/rt2_msgs/share/rt2_msgs/cmake/export_rt2_msgs__rosidl_typesupport_fastrtps_cExport.cmake
-- Installing: /home/aaryan/ros2_ws/src/task6/install/rt2_msgs/share/rt2_msgs/cmake/export_rt2_msgs__rosidl_typesupport_fastrtps_cExport-noconfig.cmake
-- Installing: /home/aaryan/ros2_ws/src/task6/install/rt2_msgs/share/rt2_msgs/cmake/rt2_msgs__rosidl_typesupport_introspection_cExport.cmake
-- Installing: /home/aaryan/ros2_ws/src/task6/install/rt2_msgs/share/rt2_msgs/cmake/rt2_msgs__rosidl_typesupport_introspection_cExport-noconfig.cmake
-- Installing: /home/aaryan/ros2_ws/src/task6/install/rt2_msgs/share/rt2_msgs/cmake/rt2_msgs__rosidl_typesupport_cExport.cmake
-- Installing: /home/aaryan/ros2_ws/src/task6/install/rt2_msgs/share/rt2_msgs/cmake/rt2_msgs__rosidl_typesupport_cExport-noconfig.cmake
-- Installing: /home/aaryan/ros2_ws/src/task6/install/rt2_msgs/share/rt2_msgs/cmake/export_rt2_msgs__rosidl_generator_cppExport.cmake
-- Installing: /home/aaryan/ros2_ws/src/task6/install/rt2_msgs/share/rt2_msgs/cmake/export_rt2_msgs__rosidl_typesupport_fastrtps_cppExport.cmake
-- Installing: /home/aaryan/ros2_ws/src/task6/install/rt2_msgs/share/rt2_msgs/cmake/export_rt2_msgs__rosidl_typesupport_fastrtps_cppExport-noconfig.cmake
-- Installing: /home/aaryan/ros2_ws/src/task6/install/rt2_msgs/share/rt2_msgs/cmake/rt2_msgs__rosidl_typesupport_introspection_cppExport.cmake
-- Installing: /home/aaryan/ros2_ws/src/task6/install/rt2_msgs/share/rt2_msgs/cmake/rt2_msgs__rosidl_typesupport_introspection_cppExport-noconfig.cmake
-- Installing: /home/aaryan/ros2_ws/src/task6/install/rt2_msgs/share/rt2_msgs/cmake/rt2_msgs__rosidl_typesupport_cppExport.cmake
-- Installing: /home/aaryan/ros2_ws/src/task6/install/rt2_msgs/share/rt2_msgs/cmake/rt2_msgs__rosidl_typesupport_cppExport-noconfig.cmake
-- Installing: /home/aaryan/ros2_ws/src/task6/install/rt2_msgs/share/rt2_msgs/cmake/export_rt2_msgs__rosidl_generator_pyExport.cmake
-- Installing: /home/aaryan/ros2_ws/src/task6/install/rt2_msgs/share/rt2_msgs/cmake/export_rt2_msgs__rosidl_generator_pyExport-noconfig.cmake
-- Installing: /home/aaryan/ros2_ws/src/task6/install/rt2_msgs/share/rt2_msgs/cmake/rosidl_cmake-extras.cmake
-- Installing: /home/aaryan/ros2_ws/src/task6/install/rt2_msgs/share/rt2_msgs/cmake/ament_cmake_export_include_directories-extras.cmake
-- Installing: /home/aaryan/ros2_ws/src/task6/install/rt2_msgs/share/rt2_msgs/cmake/ament_cmake_export_libraries-extras.cmake
-- Installing: /home/aaryan/ros2_ws/src/task6/install/rt2_msgs/share/rt2_msgs/cmake/ament_cmake_export_targets-extras.cmake
-- Installing: /home/aaryan/ros2_ws/src/task6/install/rt2_msgs/share/rt2_msgs/cmake/rosidl_cmake_export_typesupport_targets-extras.cmake
-- Installing: /home/aaryan/ros2_ws/src/task6/install/rt2_msgs/share/rt2_msgs/cmake/ament_cmake_export_dependencies-extras.cmake
-- Installing: /home/aaryan/ros2_ws/src/task6/install/rt2_msgs/share/rt2_msgs/cmake/rosidl_cmake_export_typesupport_libraries-extras.cmake
-- Installing: /home/aaryan/ros2_ws/src/task6/install/rt2_msgs/share/rt2_msgs/cmake/rt2_msgsConfig.cmake
-- Installing: /home/aaryan/ros2_ws/src/task6/install/rt2_msgs/share/rt2_msgs/cmake/rt2_msgsConfig-version.cmake
-- Installing: /home/aaryan/ros2_ws/src/task6/install/rt2_msgs/share/rt2_msgs/package.xml
