[0.010s] Invoking command in '/home/aaryan/ros2_ws/src/task6/build/rt2_msgs': CMAKE_PREFIX_PATH=/opt/ros/humble /usr/bin/cmake /home/aaryan/ros2_ws/src/task6/rt2_msgs -DCMAKE_INSTALL_PREFIX=/home/aaryan/ros2_ws/src/task6/install/rt2_msgs
[0.084s] -- The C compiler identification is GNU 11.4.0
[0.204s] -- The CXX compiler identification is GNU 11.4.0
[0.215s] -- Detecting C compiler ABI info
[0.335s] -- Detecting C compiler ABI info - done
[0.346s] -- Check for working C compiler: /usr/bin/cc - skipped
[0.346s] -- Detecting C compile features
[0.347s] -- Detecting C compile features - done
[0.351s] -- Detecting CXX compiler ABI info
[0.456s] -- Detecting CXX compiler ABI info - done
[0.466s] -- Check for working CXX compiler: /usr/bin/c++ - skipped
[0.466s] -- Detecting CXX compile features
[0.467s] -- Detecting CXX compile features - done
[0.470s] -- Found ament_cmake: 1.3.13 (/opt/ros/humble/share/ament_cmake/cmake)
[0.682s] -- Found Python3: /usr/bin/python3 (found version "3.10.12") found components: Interpreter 
[0.786s] -- Found rosidl_default_generators: 1.2.0 (/opt/ros/humble/share/rosidl_default_generators/cmake)
[0.790s] -- Using all available rosidl_typesupport_c: rosidl_typesupport_fastrtps_c;rosidl_typesupport_introspection_c
[0.798s] -- Found rosidl_adapter: 3.1.8 (/opt/ros/humble/share/rosidl_adapter/cmake)
[0.857s] -- Using all available rosidl_typesupport_cpp: rosidl_typesupport_fastrtps_cpp;rosidl_typesupport_introspection_cpp
[0.901s] -- Found ament_lint_auto: 0.12.15 (/opt/ros/humble/share/ament_lint_auto/cmake)
[1.232s] -- Found ament_cmake_ros: 0.10.0 (/opt/ros/humble/share/ament_cmake_ros/cmake)
[1.471s] -- Using all available rosidl_typesupport_c: rosidl_typesupport_fastrtps_c;rosidl_typesupport_introspection_c
[1.779s] -- Using all available rosidl_typesupport_cpp: rosidl_typesupport_fastrtps_cpp;rosidl_typesupport_introspection_cpp
[1.825s] -- Found PythonInterp: /usr/bin/python3 (found suitable version "3.10.12", minimum required is "3.6") 
[1.827s] -- Found python_cmake_module: 0.10.0 (/opt/ros/humble/share/python_cmake_module/cmake)
[1.863s] -- Found PythonLibs: /usr/lib/x86_64-linux-gnu/libpython3.10.so (found suitable version "3.10.12", minimum required is "3.5") 
[1.863s] -- Using PYTHON_EXECUTABLE: /usr/bin/python3
[1.863s] -- Using PYTHON_INCLUDE_DIRS: /usr/include/python3.10
[1.863s] -- Using PYTHON_LIBRARIES: /usr/lib/x86_64-linux-gnu/libpython3.10.so
[1.892s] -- Found PythonExtra: .so  
[1.936s] -- Added test 'lint_cmake' to check CMake code style
[1.937s] -- Added test 'xmllint' to check XML markup files
[1.941s] -- Configuring done
[1.976s] -- Generating done
[1.991s] -- Build files have been written to: /home/aaryan/ros2_ws/src/task6/build/rt2_msgs
[1.999s] Invoked command in '/home/aaryan/ros2_ws/src/task6/build/rt2_msgs' returned '0': CMAKE_PREFIX_PATH=/opt/ros/humble /usr/bin/cmake /home/aaryan/ros2_ws/src/task6/rt2_msgs -DCMAKE_INSTALL_PREFIX=/home/aaryan/ros2_ws/src/task6/install/rt2_msgs
[2.002s] Invoking command in '/home/aaryan/ros2_ws/src/task6/build/rt2_msgs': CMAKE_PREFIX_PATH=/opt/ros/humble /usr/bin/cmake --build /home/aaryan/ros2_ws/src/task6/build/rt2_msgs -- -j16 -l16
[2.061s] [  2%] [34m[1mGenerating C code for ROS interfaces[0m
[2.077s] [  4%] [34m[1mGenerating C++ code for ROS interfaces[0m
[2.088s] [  4%] Built target ament_cmake_python_copy_rt2_msgs
[2.438s] running egg_info
[2.440s] creating rt2_msgs.egg-info
[2.440s] writing rt2_msgs.egg-info/PKG-INFO
[2.440s] writing dependency_links to rt2_msgs.egg-info/dependency_links.txt
[2.440s] writing top-level names to rt2_msgs.egg-info/top_level.txt
[2.440s] writing manifest file 'rt2_msgs.egg-info/SOURCES.txt'
[2.443s] reading manifest file 'rt2_msgs.egg-info/SOURCES.txt'
[2.444s] writing manifest file 'rt2_msgs.egg-info/SOURCES.txt'
[2.482s] [  4%] Built target ament_cmake_python_build_rt2_msgs_egg
[2.529s] [  6%] [32mBuilding C object CMakeFiles/rt2_msgs__rosidl_generator_c.dir/rosidl_generator_c/rt2_msgs/msg/detail/rt2_string__functions.c.o[0m
[2.529s] [  8%] [32mBuilding C object CMakeFiles/rt2_msgs__rosidl_generator_c.dir/rosidl_generator_c/rt2_msgs/msg/detail/pal_check__functions.c.o[0m
[2.532s] [ 10%] [32mBuilding C object CMakeFiles/rt2_msgs__rosidl_generator_c.dir/rosidl_generator_c/rt2_msgs/msg/detail/pal_feedback__functions.c.o[0m
[2.589s] [ 10%] Built target rt2_msgs__cpp
[2.604s] [ 12%] [34m[1mGenerating C++ introspection for ROS interfaces[0m
[2.604s] [ 14%] [34m[1mGenerating C++ type support dispatch for ROS interfaces[0m
[2.607s] [ 17%] [34m[1mGenerating C++ type support for eProsima Fast-RTPS[0m
[2.612s] [ 19%] [32m[1mLinking C shared library librt2_msgs__rosidl_generator_c.so[0m
[2.673s] [ 19%] Built target rt2_msgs__rosidl_generator_c
[2.688s] [ 21%] [34m[1mGenerating C type support for eProsima Fast-RTPS[0m
[2.690s] [ 23%] [34m[1mGenerating C type support dispatch for ROS interfaces[0m
[2.690s] [ 25%] [34m[1mGenerating C introspection for ROS interfaces[0m
[2.974s] [ 27%] [32mBuilding CXX object CMakeFiles/rt2_msgs__rosidl_typesupport_cpp.dir/rosidl_typesupport_cpp/rt2_msgs/msg/pal_check__type_support.cpp.o[0m
[2.975s] [ 29%] [32mBuilding CXX object CMakeFiles/rt2_msgs__rosidl_typesupport_cpp.dir/rosidl_typesupport_cpp/rt2_msgs/msg/pal_feedback__type_support.cpp.o[0m
[2.976s] [ 31%] [32mBuilding CXX object CMakeFiles/rt2_msgs__rosidl_typesupport_cpp.dir/rosidl_typesupport_cpp/rt2_msgs/msg/rt2_string__type_support.cpp.o[0m
[3.003s] [ 34%] [32mBuilding CXX object CMakeFiles/rt2_msgs__rosidl_typesupport_introspection_cpp.dir/rosidl_typesupport_introspection_cpp/rt2_msgs/msg/detail/pal_check__type_support.cpp.o[0m
[3.003s] [ 36%] [32mBuilding CXX object CMakeFiles/rt2_msgs__rosidl_typesupport_introspection_cpp.dir/rosidl_typesupport_introspection_cpp/rt2_msgs/msg/detail/pal_feedback__type_support.cpp.o[0m
[3.005s] [ 38%] [32mBuilding CXX object CMakeFiles/rt2_msgs__rosidl_typesupport_introspection_cpp.dir/rosidl_typesupport_introspection_cpp/rt2_msgs/msg/detail/rt2_string__type_support.cpp.o[0m
[3.058s] [ 40%] [32mBuilding CXX object CMakeFiles/rt2_msgs__rosidl_typesupport_fastrtps_cpp.dir/rosidl_typesupport_fastrtps_cpp/rt2_msgs/msg/detail/dds_fastrtps/rt2_string__type_support.cpp.o[0m
[3.062s] [ 42%] [32mBuilding CXX object CMakeFiles/rt2_msgs__rosidl_typesupport_fastrtps_cpp.dir/rosidl_typesupport_fastrtps_cpp/rt2_msgs/msg/detail/dds_fastrtps/pal_check__type_support.cpp.o[0m
[3.063s] [ 44%] [32mBuilding CXX object CMakeFiles/rt2_msgs__rosidl_typesupport_fastrtps_cpp.dir/rosidl_typesupport_fastrtps_cpp/rt2_msgs/msg/detail/dds_fastrtps/pal_feedback__type_support.cpp.o[0m
[3.172s] [ 46%] [32mBuilding C object CMakeFiles/rt2_msgs__rosidl_typesupport_introspection_c.dir/rosidl_typesupport_introspection_c/rt2_msgs/msg/detail/rt2_string__type_support.c.o[0m
[3.181s] [ 48%] [32mBuilding C object CMakeFiles/rt2_msgs__rosidl_typesupport_introspection_c.dir/rosidl_typesupport_introspection_c/rt2_msgs/msg/detail/pal_feedback__type_support.c.o[0m
[3.181s] [ 51%] [32mBuilding C object CMakeFiles/rt2_msgs__rosidl_typesupport_introspection_c.dir/rosidl_typesupport_introspection_c/rt2_msgs/msg/detail/pal_check__type_support.c.o[0m
[3.197s] [ 53%] [32mBuilding CXX object CMakeFiles/rt2_msgs__rosidl_typesupport_c.dir/rosidl_typesupport_c/rt2_msgs/msg/pal_feedback__type_support.cpp.o[0m
[3.199s] [ 55%] [32mBuilding CXX object CMakeFiles/rt2_msgs__rosidl_typesupport_c.dir/rosidl_typesupport_c/rt2_msgs/msg/pal_check__type_support.cpp.o[0m
[3.202s] [ 57%] [32mBuilding CXX object CMakeFiles/rt2_msgs__rosidl_typesupport_c.dir/rosidl_typesupport_c/rt2_msgs/msg/rt2_string__type_support.cpp.o[0m
[3.218s] [ 59%] [32mBuilding CXX object CMakeFiles/rt2_msgs__rosidl_typesupport_fastrtps_c.dir/rosidl_typesupport_fastrtps_c/rt2_msgs/msg/detail/rt2_string__type_support_c.cpp.o[0m
[3.256s] [ 61%] [32mBuilding CXX object CMakeFiles/rt2_msgs__rosidl_typesupport_fastrtps_c.dir/rosidl_typesupport_fastrtps_c/rt2_msgs/msg/detail/pal_check__type_support_c.cpp.o[0m
[3.271s] [ 63%] [32mBuilding CXX object CMakeFiles/rt2_msgs__rosidl_typesupport_fastrtps_c.dir/rosidl_typesupport_fastrtps_c/rt2_msgs/msg/detail/pal_feedback__type_support_c.cpp.o[0m
[3.272s] [ 65%] [32m[1mLinking C shared library librt2_msgs__rosidl_typesupport_introspection_c.so[0m
[3.294s] [ 68%] [32m[1mLinking CXX shared library librt2_msgs__rosidl_typesupport_c.so[0m
[3.351s] [ 68%] Built target rt2_msgs__rosidl_typesupport_introspection_c
[3.411s] [ 68%] Built target rt2_msgs__rosidl_typesupport_c
[3.562s] [ 70%] [32m[1mLinking CXX shared library librt2_msgs__rosidl_typesupport_cpp.so[0m
[3.630s] [ 70%] Built target rt2_msgs__rosidl_typesupport_cpp
[3.802s] [ 72%] [32m[1mLinking CXX shared library librt2_msgs__rosidl_typesupport_introspection_cpp.so[0m
[3.909s] [ 72%] Built target rt2_msgs__rosidl_typesupport_introspection_cpp
[4.045s] [ 74%] [32m[1mLinking CXX shared library librt2_msgs__rosidl_typesupport_fastrtps_cpp.so[0m
[4.046s] [ 76%] [32m[1mLinking CXX shared library librt2_msgs__rosidl_typesupport_fastrtps_c.so[0m
[4.153s] [ 76%] Built target rt2_msgs__rosidl_typesupport_fastrtps_c
[4.155s] [ 76%] Built target rt2_msgs__rosidl_typesupport_fastrtps_cpp
[4.182s] [ 76%] Built target rt2_msgs
[4.208s] [ 78%] [34m[1mGenerating Python code for ROS interfaces[0m
[4.696s] [ 78%] Built target rt2_msgs__py
[4.724s] [ 80%] [32mBuilding C object CMakeFiles/rt2_msgs__rosidl_generator_py.dir/rosidl_generator_py/rt2_msgs/msg/_pal_feedback_s.c.o[0m
[4.724s] [ 82%] [32mBuilding C object CMakeFiles/rt2_msgs__rosidl_generator_py.dir/rosidl_generator_py/rt2_msgs/msg/_rt2_string_s.c.o[0m
[4.725s] [ 85%] [32mBuilding C object CMakeFiles/rt2_msgs__rosidl_generator_py.dir/rosidl_generator_py/rt2_msgs/msg/_pal_check_s.c.o[0m
[4.859s] [ 87%] [32m[1mLinking C shared library rosidl_generator_py/rt2_msgs/librt2_msgs__rosidl_generator_py.so[0m
[4.914s] [ 87%] Built target rt2_msgs__rosidl_generator_py
[4.941s] [ 89%] [32mBuilding C object CMakeFiles/rt2_msgs__rosidl_typesupport_introspection_c__pyext.dir/rosidl_generator_py/rt2_msgs/_rt2_msgs_s.ep.rosidl_typesupport_introspection_c.c.o[0m
[4.942s] [ 91%] [32mBuilding C object CMakeFiles/rt2_msgs__rosidl_typesupport_c__pyext.dir/rosidl_generator_py/rt2_msgs/_rt2_msgs_s.ep.rosidl_typesupport_c.c.o[0m
[4.943s] [ 93%] [32mBuilding C object CMakeFiles/rt2_msgs__rosidl_typesupport_fastrtps_c__pyext.dir/rosidl_generator_py/rt2_msgs/_rt2_msgs_s.ep.rosidl_typesupport_fastrtps_c.c.o[0m
[5.073s] [ 95%] [32m[1mLinking C shared library rosidl_generator_py/rt2_msgs/rt2_msgs_s__rosidl_typesupport_introspection_c.cpython-310-x86_64-linux-gnu.so[0m
[5.079s] [ 97%] [32m[1mLinking C shared library rosidl_generator_py/rt2_msgs/rt2_msgs_s__rosidl_typesupport_fastrtps_c.cpython-310-x86_64-linux-gnu.so[0m
[5.094s] [100%] [32m[1mLinking C shared library rosidl_generator_py/rt2_msgs/rt2_msgs_s__rosidl_typesupport_c.cpython-310-x86_64-linux-gnu.so[0m
[5.123s] [100%] Built target rt2_msgs__rosidl_typesupport_introspection_c__pyext
[5.130s] [100%] Built target rt2_msgs__rosidl_typesupport_fastrtps_c__pyext
[5.141s] [100%] Built target rt2_msgs__rosidl_typesupport_c__pyext
[5.177s] Invoked command in '/home/aaryan/ros2_ws/src/task6/build/rt2_msgs' returned '0': CMAKE_PREFIX_PATH=/opt/ros/humble /usr/bin/cmake --build /home/aaryan/ros2_ws/src/task6/build/rt2_msgs -- -j16 -l16
[5.190s] Invoking command in '/home/aaryan/ros2_ws/src/task6/build/rt2_msgs': CMAKE_PREFIX_PATH=/opt/ros/humble /usr/bin/cmake --install /home/aaryan/ros2_ws/src/task6/build/rt2_msgs
[5.203s] -- Install configuration: ""
[5.203s] -- Installing: /home/aaryan/ros2_ws/src/task6/install/rt2_msgs/share/ament_index/resource_index/rosidl_interfaces/rt2_msgs
[5.204s] -- Installing: /home/aaryan/ros2_ws/src/task6/install/rt2_msgs/include/rt2_msgs/rt2_msgs
[5.204s] -- Installing: /home/aaryan/ros2_ws/src/task6/install/rt2_msgs/include/rt2_msgs/rt2_msgs/msg
[5.204s] -- Installing: /home/aaryan/ros2_ws/src/task6/install/rt2_msgs/include/rt2_msgs/rt2_msgs/msg/pal_feedback.h
[5.204s] -- Installing: /home/aaryan/ros2_ws/src/task6/install/rt2_msgs/include/rt2_msgs/rt2_msgs/msg/rt2_string.h
[5.204s] -- Installing: /home/aaryan/ros2_ws/src/task6/install/rt2_msgs/include/rt2_msgs/rt2_msgs/msg/pal_check.h
[5.205s] -- Installing: /home/aaryan/ros2_ws/src/task6/install/rt2_msgs/include/rt2_msgs/rt2_msgs/msg/rosidl_generator_c__visibility_control.h
[5.205s] -- Installing: /home/aaryan/ros2_ws/src/task6/install/rt2_msgs/include/rt2_msgs/rt2_msgs/msg/detail
[5.205s] -- Installing: /home/aaryan/ros2_ws/src/task6/install/rt2_msgs/include/rt2_msgs/rt2_msgs/msg/detail/pal_feedback__struct.h
[5.205s] -- Installing: /home/aaryan/ros2_ws/src/task6/install/rt2_msgs/include/rt2_msgs/rt2_msgs/msg/detail/pal_feedback__functions.c
[5.205s] -- Installing: /home/aaryan/ros2_ws/src/task6/install/rt2_msgs/include/rt2_msgs/rt2_msgs/msg/detail/rt2_string__struct.h
[5.205s] -- Installing: /home/aaryan/ros2_ws/src/task6/install/rt2_msgs/include/rt2_msgs/rt2_msgs/msg/detail/rt2_string__functions.c
[5.205s] -- Installing: /home/aaryan/ros2_ws/src/task6/install/rt2_msgs/include/rt2_msgs/rt2_msgs/msg/detail/pal_feedback__functions.h
[5.205s] -- Installing: /home/aaryan/ros2_ws/src/task6/install/rt2_msgs/include/rt2_msgs/rt2_msgs/msg/detail/rt2_string__functions.h
[5.206s] -- Installing: /home/aaryan/ros2_ws/src/task6/install/rt2_msgs/include/rt2_msgs/rt2_msgs/msg/detail/pal_check__functions.h
[5.206s] -- Installing: /home/aaryan/ros2_ws/src/task6/install/rt2_msgs/include/rt2_msgs/rt2_msgs/msg/detail/rt2_string__type_support.h
[5.206s] -- Installing: /home/aaryan/ros2_ws/src/task6/install/rt2_msgs/include/rt2_msgs/rt2_msgs/msg/detail/pal_check__struct.h
[5.206s] -- Installing: /home/aaryan/ros2_ws/src/task6/install/rt2_msgs/include/rt2_msgs/rt2_msgs/msg/detail/pal_check__functions.c
[5.206s] -- Installing: /home/aaryan/ros2_ws/src/task6/install/rt2_msgs/include/rt2_msgs/rt2_msgs/msg/detail/pal_feedback__type_support.h
[5.207s] -- Installing: /home/aaryan/ros2_ws/src/task6/install/rt2_msgs/include/rt2_msgs/rt2_msgs/msg/detail/pal_check__type_support.h
[5.207s] -- Installing: /home/aaryan/ros2_ws/src/task6/install/rt2_msgs/share/rt2_msgs/environment/library_path.sh
[5.207s] -- Installing: /home/aaryan/ros2_ws/src/task6/install/rt2_msgs/share/rt2_msgs/environment/library_path.dsv
[5.207s] -- Installing: /home/aaryan/ros2_ws/src/task6/install/rt2_msgs/lib/librt2_msgs__rosidl_generator_c.so
[5.208s] -- Set runtime path of "/home/aaryan/ros2_ws/src/task6/install/rt2_msgs/lib/librt2_msgs__rosidl_generator_c.so" to ""
[5.208s] -- Up-to-date: /home/aaryan/ros2_ws/src/task6/install/rt2_msgs/include/rt2_msgs/rt2_msgs
[5.208s] -- Up-to-date: /home/aaryan/ros2_ws/src/task6/install/rt2_msgs/include/rt2_msgs/rt2_msgs/msg
[5.208s] -- Installing: /home/aaryan/ros2_ws/src/task6/install/rt2_msgs/include/rt2_msgs/rt2_msgs/msg/rosidl_typesupport_fastrtps_c__visibility_control.h
[5.208s] -- Up-to-date: /home/aaryan/ros2_ws/src/task6/install/rt2_msgs/include/rt2_msgs/rt2_msgs/msg/detail
[5.208s] -- Installing: /home/aaryan/ros2_ws/src/task6/install/rt2_msgs/include/rt2_msgs/rt2_msgs/msg/detail/pal_check__rosidl_typesupport_fastrtps_c.h
[5.208s] -- Installing: /home/aaryan/ros2_ws/src/task6/install/rt2_msgs/include/rt2_msgs/rt2_msgs/msg/detail/pal_feedback__rosidl_typesupport_fastrtps_c.h
[5.208s] -- Installing: /home/aaryan/ros2_ws/src/task6/install/rt2_msgs/include/rt2_msgs/rt2_msgs/msg/detail/rt2_string__rosidl_typesupport_fastrtps_c.h
[5.208s] -- Installing: /home/aaryan/ros2_ws/src/task6/install/rt2_msgs/lib/librt2_msgs__rosidl_typesupport_fastrtps_c.so
[5.208s] -- Set runtime path of "/home/aaryan/ros2_ws/src/task6/install/rt2_msgs/lib/librt2_msgs__rosidl_typesupport_fastrtps_c.so" to ""
[5.208s] -- Up-to-date: /home/aaryan/ros2_ws/src/task6/install/rt2_msgs/include/rt2_msgs/rt2_msgs
[5.209s] -- Up-to-date: /home/aaryan/ros2_ws/src/task6/install/rt2_msgs/include/rt2_msgs/rt2_msgs/msg
[5.209s] -- Installing: /home/aaryan/ros2_ws/src/task6/install/rt2_msgs/include/rt2_msgs/rt2_msgs/msg/rosidl_typesupport_introspection_c__visibility_control.h
[5.209s] -- Up-to-date: /home/aaryan/ros2_ws/src/task6/install/rt2_msgs/include/rt2_msgs/rt2_msgs/msg/detail
[5.209s] -- Installing: /home/aaryan/ros2_ws/src/task6/install/rt2_msgs/include/rt2_msgs/rt2_msgs/msg/detail/rt2_string__type_support.c
[5.209s] -- Installing: /home/aaryan/ros2_ws/src/task6/install/rt2_msgs/include/rt2_msgs/rt2_msgs/msg/detail/rt2_string__rosidl_typesupport_introspection_c.h
[5.209s] -- Installing: /home/aaryan/ros2_ws/src/task6/install/rt2_msgs/include/rt2_msgs/rt2_msgs/msg/detail/pal_check__rosidl_typesupport_introspection_c.h
[5.209s] -- Installing: /home/aaryan/ros2_ws/src/task6/install/rt2_msgs/include/rt2_msgs/rt2_msgs/msg/detail/pal_feedback__type_support.c
[5.209s] -- Installing: /home/aaryan/ros2_ws/src/task6/install/rt2_msgs/include/rt2_msgs/rt2_msgs/msg/detail/pal_feedback__rosidl_typesupport_introspection_c.h
[5.209s] -- Installing: /home/aaryan/ros2_ws/src/task6/install/rt2_msgs/include/rt2_msgs/rt2_msgs/msg/detail/pal_check__type_support.c
[5.209s] -- Installing: /home/aaryan/ros2_ws/src/task6/install/rt2_msgs/lib/librt2_msgs__rosidl_typesupport_introspection_c.so
[5.209s] -- Set runtime path of "/home/aaryan/ros2_ws/src/task6/install/rt2_msgs/lib/librt2_msgs__rosidl_typesupport_introspection_c.so" to ""
[5.209s] -- Installing: /home/aaryan/ros2_ws/src/task6/install/rt2_msgs/lib/librt2_msgs__rosidl_typesupport_c.so
[5.210s] -- Set runtime path of "/home/aaryan/ros2_ws/src/task6/install/rt2_msgs/lib/librt2_msgs__rosidl_typesupport_c.so" to ""
[5.210s] -- Up-to-date: /home/aaryan/ros2_ws/src/task6/install/rt2_msgs/include/rt2_msgs/rt2_msgs
[5.210s] -- Up-to-date: /home/aaryan/ros2_ws/src/task6/install/rt2_msgs/include/rt2_msgs/rt2_msgs/msg
[5.210s] -- Installing: /home/aaryan/ros2_ws/src/task6/install/rt2_msgs/include/rt2_msgs/rt2_msgs/msg/rt2_string.hpp
[5.210s] -- Installing: /home/aaryan/ros2_ws/src/task6/install/rt2_msgs/include/rt2_msgs/rt2_msgs/msg/pal_feedback.hpp
[5.210s] -- Installing: /home/aaryan/ros2_ws/src/task6/install/rt2_msgs/include/rt2_msgs/rt2_msgs/msg/rosidl_generator_cpp__visibility_control.hpp
[5.210s] -- Installing: /home/aaryan/ros2_ws/src/task6/install/rt2_msgs/include/rt2_msgs/rt2_msgs/msg/pal_check.hpp
[5.210s] -- Up-to-date: /home/aaryan/ros2_ws/src/task6/install/rt2_msgs/include/rt2_msgs/rt2_msgs/msg/detail
[5.210s] -- Installing: /home/aaryan/ros2_ws/src/task6/install/rt2_msgs/include/rt2_msgs/rt2_msgs/msg/detail/pal_check__traits.hpp
[5.210s] -- Installing: /home/aaryan/ros2_ws/src/task6/install/rt2_msgs/include/rt2_msgs/rt2_msgs/msg/detail/pal_check__builder.hpp
[5.211s] -- Installing: /home/aaryan/ros2_ws/src/task6/install/rt2_msgs/include/rt2_msgs/rt2_msgs/msg/detail/rt2_string__traits.hpp
[5.211s] -- Installing: /home/aaryan/ros2_ws/src/task6/install/rt2_msgs/include/rt2_msgs/rt2_msgs/msg/detail/pal_check__struct.hpp
[5.211s] -- Installing: /home/aaryan/ros2_ws/src/task6/install/rt2_msgs/include/rt2_msgs/rt2_msgs/msg/detail/pal_feedback__traits.hpp
[5.211s] -- Installing: /home/aaryan/ros2_ws/src/task6/install/rt2_msgs/include/rt2_msgs/rt2_msgs/msg/detail/pal_feedback__builder.hpp
[5.211s] -- Installing: /home/aaryan/ros2_ws/src/task6/install/rt2_msgs/include/rt2_msgs/rt2_msgs/msg/detail/pal_check__type_support.hpp
[5.211s] -- Installing: /home/aaryan/ros2_ws/src/task6/install/rt2_msgs/include/rt2_msgs/rt2_msgs/msg/detail/pal_feedback__struct.hpp
[5.211s] -- Installing: /home/aaryan/ros2_ws/src/task6/install/rt2_msgs/include/rt2_msgs/rt2_msgs/msg/detail/rt2_string__type_support.hpp
[5.211s] -- Installing: /home/aaryan/ros2_ws/src/task6/install/rt2_msgs/include/rt2_msgs/rt2_msgs/msg/detail/rt2_string__builder.hpp
[5.211s] -- Installing: /home/aaryan/ros2_ws/src/task6/install/rt2_msgs/include/rt2_msgs/rt2_msgs/msg/detail/rt2_string__struct.hpp
[5.211s] -- Installing: /home/aaryan/ros2_ws/src/task6/install/rt2_msgs/include/rt2_msgs/rt2_msgs/msg/detail/pal_feedback__type_support.hpp
[5.211s] -- Up-to-date: /home/aaryan/ros2_ws/src/task6/install/rt2_msgs/include/rt2_msgs/rt2_msgs
[5.211s] -- Up-to-date: /home/aaryan/ros2_ws/src/task6/install/rt2_msgs/include/rt2_msgs/rt2_msgs/msg
[5.211s] -- Installing: /home/aaryan/ros2_ws/src/task6/install/rt2_msgs/include/rt2_msgs/rt2_msgs/msg/rosidl_typesupport_fastrtps_cpp__visibility_control.h
[5.212s] -- Up-to-date: /home/aaryan/ros2_ws/src/task6/install/rt2_msgs/include/rt2_msgs/rt2_msgs/msg/detail
[5.212s] -- Installing: /home/aaryan/ros2_ws/src/task6/install/rt2_msgs/include/rt2_msgs/rt2_msgs/msg/detail/dds_fastrtps
[5.212s] -- Installing: /home/aaryan/ros2_ws/src/task6/install/rt2_msgs/include/rt2_msgs/rt2_msgs/msg/detail/rt2_string__rosidl_typesupport_fastrtps_cpp.hpp
[5.212s] -- Installing: /home/aaryan/ros2_ws/src/task6/install/rt2_msgs/include/rt2_msgs/rt2_msgs/msg/detail/pal_check__rosidl_typesupport_fastrtps_cpp.hpp
[5.212s] -- Installing: /home/aaryan/ros2_ws/src/task6/install/rt2_msgs/include/rt2_msgs/rt2_msgs/msg/detail/pal_feedback__rosidl_typesupport_fastrtps_cpp.hpp
[5.212s] -- Installing: /home/aaryan/ros2_ws/src/task6/install/rt2_msgs/lib/librt2_msgs__rosidl_typesupport_fastrtps_cpp.so
[5.212s] -- Set runtime path of "/home/aaryan/ros2_ws/src/task6/install/rt2_msgs/lib/librt2_msgs__rosidl_typesupport_fastrtps_cpp.so" to ""
[5.212s] -- Up-to-date: /home/aaryan/ros2_ws/src/task6/install/rt2_msgs/include/rt2_msgs/rt2_msgs
[5.212s] -- Up-to-date: /home/aaryan/ros2_ws/src/task6/install/rt2_msgs/include/rt2_msgs/rt2_msgs/msg
[5.212s] -- Up-to-date: /home/aaryan/ros2_ws/src/task6/install/rt2_msgs/include/rt2_msgs/rt2_msgs/msg/detail
[5.212s] -- Installing: /home/aaryan/ros2_ws/src/task6/install/rt2_msgs/include/rt2_msgs/rt2_msgs/msg/detail/rt2_string__rosidl_typesupport_introspection_cpp.hpp
[5.212s] -- Installing: /home/aaryan/ros2_ws/src/task6/install/rt2_msgs/include/rt2_msgs/rt2_msgs/msg/detail/rt2_string__type_support.cpp
[5.213s] -- Installing: /home/aaryan/ros2_ws/src/task6/install/rt2_msgs/include/rt2_msgs/rt2_msgs/msg/detail/pal_feedback__type_support.cpp
[5.213s] -- Installing: /home/aaryan/ros2_ws/src/task6/install/rt2_msgs/include/rt2_msgs/rt2_msgs/msg/detail/pal_feedback__rosidl_typesupport_introspection_cpp.hpp
[5.213s] -- Installing: /home/aaryan/ros2_ws/src/task6/install/rt2_msgs/include/rt2_msgs/rt2_msgs/msg/detail/pal_check__rosidl_typesupport_introspection_cpp.hpp
[5.213s] -- Installing: /home/aaryan/ros2_ws/src/task6/install/rt2_msgs/include/rt2_msgs/rt2_msgs/msg/detail/pal_check__type_support.cpp
[5.213s] -- Installing: /home/aaryan/ros2_ws/src/task6/install/rt2_msgs/lib/librt2_msgs__rosidl_typesupport_introspection_cpp.so
[5.213s] -- Set runtime path of "/home/aaryan/ros2_ws/src/task6/install/rt2_msgs/lib/librt2_msgs__rosidl_typesupport_introspection_cpp.so" to ""
[5.213s] -- Installing: /home/aaryan/ros2_ws/src/task6/install/rt2_msgs/lib/librt2_msgs__rosidl_typesupport_cpp.so
[5.213s] -- Set runtime path of "/home/aaryan/ros2_ws/src/task6/install/rt2_msgs/lib/librt2_msgs__rosidl_typesupport_cpp.so" to ""
[5.213s] -- Installing: /home/aaryan/ros2_ws/src/task6/install/rt2_msgs/share/rt2_msgs/environment/pythonpath.sh
[5.213s] -- Installing: /home/aaryan/ros2_ws/src/task6/install/rt2_msgs/share/rt2_msgs/environment/pythonpath.dsv
[5.214s] -- Installing: /home/aaryan/ros2_ws/src/task6/install/rt2_msgs/local/lib/python3.10/dist-packages/rt2_msgs-0.0.0-py3.10.egg-info
[5.214s] -- Installing: /home/aaryan/ros2_ws/src/task6/install/rt2_msgs/local/lib/python3.10/dist-packages/rt2_msgs-0.0.0-py3.10.egg-info/SOURCES.txt
[5.214s] -- Installing: /home/aaryan/ros2_ws/src/task6/install/rt2_msgs/local/lib/python3.10/dist-packages/rt2_msgs-0.0.0-py3.10.egg-info/top_level.txt
[5.214s] -- Installing: /home/aaryan/ros2_ws/src/task6/install/rt2_msgs/local/lib/python3.10/dist-packages/rt2_msgs-0.0.0-py3.10.egg-info/PKG-INFO
[5.214s] -- Installing: /home/aaryan/ros2_ws/src/task6/install/rt2_msgs/local/lib/python3.10/dist-packages/rt2_msgs-0.0.0-py3.10.egg-info/dependency_links.txt
[5.214s] -- Installing: /home/aaryan/ros2_ws/src/task6/install/rt2_msgs/local/lib/python3.10/dist-packages/rt2_msgs
[5.214s] -- Installing: /home/aaryan/ros2_ws/src/task6/install/rt2_msgs/local/lib/python3.10/dist-packages/rt2_msgs/_rt2_msgs_s.ep.rosidl_typesupport_introspection_c.c
[5.214s] -- Installing: /home/aaryan/ros2_ws/src/task6/install/rt2_msgs/local/lib/python3.10/dist-packages/rt2_msgs/rt2_msgs_s__rosidl_typesupport_introspection_c.cpython-310-x86_64-linux-gnu.so
[5.214s] -- Installing: /home/aaryan/ros2_ws/src/task6/install/rt2_msgs/local/lib/python3.10/dist-packages/rt2_msgs/librt2_msgs__rosidl_generator_py.so
[5.215s] -- Installing: /home/aaryan/ros2_ws/src/task6/install/rt2_msgs/local/lib/python3.10/dist-packages/rt2_msgs/msg
[5.215s] -- Installing: /home/aaryan/ros2_ws/src/task6/install/rt2_msgs/local/lib/python3.10/dist-packages/rt2_msgs/msg/_pal_feedback_s.c
[5.215s] -- Installing: /home/aaryan/ros2_ws/src/task6/install/rt2_msgs/local/lib/python3.10/dist-packages/rt2_msgs/msg/_pal_check_s.c
[5.215s] -- Installing: /home/aaryan/ros2_ws/src/task6/install/rt2_msgs/local/lib/python3.10/dist-packages/rt2_msgs/msg/_rt2_string_s.c
[5.215s] -- Installing: /home/aaryan/ros2_ws/src/task6/install/rt2_msgs/local/lib/python3.10/dist-packages/rt2_msgs/msg/_rt2_string.py
[5.215s] -- Installing: /home/aaryan/ros2_ws/src/task6/install/rt2_msgs/local/lib/python3.10/dist-packages/rt2_msgs/msg/_pal_feedback.py
[5.215s] -- Installing: /home/aaryan/ros2_ws/src/task6/install/rt2_msgs/local/lib/python3.10/dist-packages/rt2_msgs/msg/_pal_check.py
[5.215s] -- Installing: /home/aaryan/ros2_ws/src/task6/install/rt2_msgs/local/lib/python3.10/dist-packages/rt2_msgs/msg/__init__.py
[5.215s] -- Installing: /home/aaryan/ros2_ws/src/task6/install/rt2_msgs/local/lib/python3.10/dist-packages/rt2_msgs/rt2_msgs_s__rosidl_typesupport_fastrtps_c.cpython-310-x86_64-linux-gnu.so
[5.215s] -- Installing: /home/aaryan/ros2_ws/src/task6/install/rt2_msgs/local/lib/python3.10/dist-packages/rt2_msgs/_rt2_msgs_s.ep.rosidl_typesupport_c.c
[5.215s] -- Installing: /home/aaryan/ros2_ws/src/task6/install/rt2_msgs/local/lib/python3.10/dist-packages/rt2_msgs/rt2_msgs_s__rosidl_typesupport_c.cpython-310-x86_64-linux-gnu.so
[5.216s] -- Installing: /home/aaryan/ros2_ws/src/task6/install/rt2_msgs/local/lib/python3.10/dist-packages/rt2_msgs/__init__.py
[5.216s] -- Installing: /home/aaryan/ros2_ws/src/task6/install/rt2_msgs/local/lib/python3.10/dist-packages/rt2_msgs/_rt2_msgs_s.ep.rosidl_typesupport_fastrtps_c.c
[5.263s] Listing '/home/aaryan/ros2_ws/src/task6/install/rt2_msgs/local/lib/python3.10/dist-packages/rt2_msgs'...
[5.263s] Compiling '/home/aaryan/ros2_ws/src/task6/install/rt2_msgs/local/lib/python3.10/dist-packages/rt2_msgs/__init__.py'...
[5.263s] Listing '/home/aaryan/ros2_ws/src/task6/install/rt2_msgs/local/lib/python3.10/dist-packages/rt2_msgs/msg'...
[5.263s] Compiling '/home/aaryan/ros2_ws/src/task6/install/rt2_msgs/local/lib/python3.10/dist-packages/rt2_msgs/msg/__init__.py'...
[5.263s] Compiling '/home/aaryan/ros2_ws/src/task6/install/rt2_msgs/local/lib/python3.10/dist-packages/rt2_msgs/msg/_pal_check.py'...
[5.263s] Compiling '/home/aaryan/ros2_ws/src/task6/install/rt2_msgs/local/lib/python3.10/dist-packages/rt2_msgs/msg/_pal_feedback.py'...
[5.263s] Compiling '/home/aaryan/ros2_ws/src/task6/install/rt2_msgs/local/lib/python3.10/dist-packages/rt2_msgs/msg/_rt2_string.py'...
[5.269s] -- Installing: /home/aaryan/ros2_ws/src/task6/install/rt2_msgs/local/lib/python3.10/dist-packages/rt2_msgs/rt2_msgs_s__rosidl_typesupport_fastrtps_c.cpython-310-x86_64-linux-gnu.so
[5.269s] -- Set runtime path of "/home/aaryan/ros2_ws/src/task6/install/rt2_msgs/local/lib/python3.10/dist-packages/rt2_msgs/rt2_msgs_s__rosidl_typesupport_fastrtps_c.cpython-310-x86_64-linux-gnu.so" to ""
[5.269s] -- Installing: /home/aaryan/ros2_ws/src/task6/install/rt2_msgs/local/lib/python3.10/dist-packages/rt2_msgs/rt2_msgs_s__rosidl_typesupport_introspection_c.cpython-310-x86_64-linux-gnu.so
[5.269s] -- Set runtime path of "/home/aaryan/ros2_ws/src/task6/install/rt2_msgs/local/lib/python3.10/dist-packages/rt2_msgs/rt2_msgs_s__rosidl_typesupport_introspection_c.cpython-310-x86_64-linux-gnu.so" to ""
[5.269s] -- Installing: /home/aaryan/ros2_ws/src/task6/install/rt2_msgs/local/lib/python3.10/dist-packages/rt2_msgs/rt2_msgs_s__rosidl_typesupport_c.cpython-310-x86_64-linux-gnu.so
[5.270s] -- Set runtime path of "/home/aaryan/ros2_ws/src/task6/install/rt2_msgs/local/lib/python3.10/dist-packages/rt2_msgs/rt2_msgs_s__rosidl_typesupport_c.cpython-310-x86_64-linux-gnu.so" to ""
[5.270s] -- Installing: /home/aaryan/ros2_ws/src/task6/install/rt2_msgs/lib/librt2_msgs__rosidl_generator_py.so
[5.270s] -- Set runtime path of "/home/aaryan/ros2_ws/src/task6/install/rt2_msgs/lib/librt2_msgs__rosidl_generator_py.so" to ""
[5.270s] -- Installing: /home/aaryan/ros2_ws/src/task6/install/rt2_msgs/share/rt2_msgs/msg/RT2String.idl
[5.270s] -- Installing: /home/aaryan/ros2_ws/src/task6/install/rt2_msgs/share/rt2_msgs/msg/PalCheck.idl
[5.270s] -- Installing: /home/aaryan/ros2_ws/src/task6/install/rt2_msgs/share/rt2_msgs/msg/PalFeedback.idl
[5.270s] -- Installing: /home/aaryan/ros2_ws/src/task6/install/rt2_msgs/share/rt2_msgs/msg/RT2String.msg
[5.270s] -- Installing: /home/aaryan/ros2_ws/src/task6/install/rt2_msgs/share/rt2_msgs/msg/PalCheck.msg
[5.270s] -- Installing: /home/aaryan/ros2_ws/src/task6/install/rt2_msgs/share/rt2_msgs/msg/PalFeedback.msg
[5.270s] -- Installing: /home/aaryan/ros2_ws/src/task6/install/rt2_msgs/share/ament_index/resource_index/package_run_dependencies/rt2_msgs
[5.270s] -- Installing: /home/aaryan/ros2_ws/src/task6/install/rt2_msgs/share/ament_index/resource_index/parent_prefix_path/rt2_msgs
[5.270s] -- Installing: /home/aaryan/ros2_ws/src/task6/install/rt2_msgs/share/rt2_msgs/environment/ament_prefix_path.sh
[5.271s] -- Installing: /home/aaryan/ros2_ws/src/task6/install/rt2_msgs/share/rt2_msgs/environment/ament_prefix_path.dsv
[5.271s] -- Installing: /home/aaryan/ros2_ws/src/task6/install/rt2_msgs/share/rt2_msgs/environment/path.sh
[5.271s] -- Installing: /home/aaryan/ros2_ws/src/task6/install/rt2_msgs/share/rt2_msgs/environment/path.dsv
[5.271s] -- Installing: /home/aaryan/ros2_ws/src/task6/install/rt2_msgs/share/rt2_msgs/local_setup.bash
[5.271s] -- Installing: /home/aaryan/ros2_ws/src/task6/install/rt2_msgs/share/rt2_msgs/local_setup.sh
[5.271s] -- Installing: /home/aaryan/ros2_ws/src/task6/install/rt2_msgs/share/rt2_msgs/local_setup.zsh
[5.271s] -- Installing: /home/aaryan/ros2_ws/src/task6/install/rt2_msgs/share/rt2_msgs/local_setup.dsv
[5.271s] -- Installing: /home/aaryan/ros2_ws/src/task6/install/rt2_msgs/share/rt2_msgs/package.dsv
[5.271s] -- Installing: /home/aaryan/ros2_ws/src/task6/install/rt2_msgs/share/ament_index/resource_index/packages/rt2_msgs
[5.271s] -- Installing: /home/aaryan/ros2_ws/src/task6/install/rt2_msgs/share/rt2_msgs/cmake/export_rt2_msgs__rosidl_generator_cExport.cmake
[5.271s] -- Installing: /home/aaryan/ros2_ws/src/task6/install/rt2_msgs/share/rt2_msgs/cmake/export_rt2_msgs__rosidl_generator_cExport-noconfig.cmake
[5.272s] -- Installing: /home/aaryan/ros2_ws/src/task6/install/rt2_msgs/share/rt2_msgs/cmake/export_rt2_msgs__rosidl_typesupport_fastrtps_cExport.cmake
[5.272s] -- Installing: /home/aaryan/ros2_ws/src/task6/install/rt2_msgs/share/rt2_msgs/cmake/export_rt2_msgs__rosidl_typesupport_fastrtps_cExport-noconfig.cmake
[5.272s] -- Installing: /home/aaryan/ros2_ws/src/task6/install/rt2_msgs/share/rt2_msgs/cmake/rt2_msgs__rosidl_typesupport_introspection_cExport.cmake
[5.272s] -- Installing: /home/aaryan/ros2_ws/src/task6/install/rt2_msgs/share/rt2_msgs/cmake/rt2_msgs__rosidl_typesupport_introspection_cExport-noconfig.cmake
[5.272s] -- Installing: /home/aaryan/ros2_ws/src/task6/install/rt2_msgs/share/rt2_msgs/cmake/rt2_msgs__rosidl_typesupport_cExport.cmake
[5.272s] -- Installing: /home/aaryan/ros2_ws/src/task6/install/rt2_msgs/share/rt2_msgs/cmake/rt2_msgs__rosidl_typesupport_cExport-noconfig.cmake
[5.272s] -- Installing: /home/aaryan/ros2_ws/src/task6/install/rt2_msgs/share/rt2_msgs/cmake/export_rt2_msgs__rosidl_generator_cppExport.cmake
[5.272s] -- Installing: /home/aaryan/ros2_ws/src/task6/install/rt2_msgs/share/rt2_msgs/cmake/export_rt2_msgs__rosidl_typesupport_fastrtps_cppExport.cmake
[5.272s] -- Installing: /home/aaryan/ros2_ws/src/task6/install/rt2_msgs/share/rt2_msgs/cmake/export_rt2_msgs__rosidl_typesupport_fastrtps_cppExport-noconfig.cmake
[5.272s] -- Installing: /home/aaryan/ros2_ws/src/task6/install/rt2_msgs/share/rt2_msgs/cmake/rt2_msgs__rosidl_typesupport_introspection_cppExport.cmake
[5.273s] -- Installing: /home/aaryan/ros2_ws/src/task6/install/rt2_msgs/share/rt2_msgs/cmake/rt2_msgs__rosidl_typesupport_introspection_cppExport-noconfig.cmake
[5.273s] -- Installing: /home/aaryan/ros2_ws/src/task6/install/rt2_msgs/share/rt2_msgs/cmake/rt2_msgs__rosidl_typesupport_cppExport.cmake
[5.273s] -- Installing: /home/aaryan/ros2_ws/src/task6/install/rt2_msgs/share/rt2_msgs/cmake/rt2_msgs__rosidl_typesupport_cppExport-noconfig.cmake
[5.273s] -- Installing: /home/aaryan/ros2_ws/src/task6/install/rt2_msgs/share/rt2_msgs/cmake/export_rt2_msgs__rosidl_generator_pyExport.cmake
[5.273s] -- Installing: /home/aaryan/ros2_ws/src/task6/install/rt2_msgs/share/rt2_msgs/cmake/export_rt2_msgs__rosidl_generator_pyExport-noconfig.cmake
[5.273s] -- Installing: /home/aaryan/ros2_ws/src/task6/install/rt2_msgs/share/rt2_msgs/cmake/rosidl_cmake-extras.cmake
[5.273s] -- Installing: /home/aaryan/ros2_ws/src/task6/install/rt2_msgs/share/rt2_msgs/cmake/ament_cmake_export_include_directories-extras.cmake
[5.273s] -- Installing: /home/aaryan/ros2_ws/src/task6/install/rt2_msgs/share/rt2_msgs/cmake/ament_cmake_export_libraries-extras.cmake
[5.273s] -- Installing: /home/aaryan/ros2_ws/src/task6/install/rt2_msgs/share/rt2_msgs/cmake/ament_cmake_export_targets-extras.cmake
[5.273s] -- Installing: /home/aaryan/ros2_ws/src/task6/install/rt2_msgs/share/rt2_msgs/cmake/rosidl_cmake_export_typesupport_targets-extras.cmake
[5.274s] -- Installing: /home/aaryan/ros2_ws/src/task6/install/rt2_msgs/share/rt2_msgs/cmake/ament_cmake_export_dependencies-extras.cmake
[5.274s] -- Installing: /home/aaryan/ros2_ws/src/task6/install/rt2_msgs/share/rt2_msgs/cmake/rosidl_cmake_export_typesupport_libraries-extras.cmake
[5.274s] -- Installing: /home/aaryan/ros2_ws/src/task6/install/rt2_msgs/share/rt2_msgs/cmake/rt2_msgsConfig.cmake
[5.274s] -- Installing: /home/aaryan/ros2_ws/src/task6/install/rt2_msgs/share/rt2_msgs/cmake/rt2_msgsConfig-version.cmake
[5.274s] -- Installing: /home/aaryan/ros2_ws/src/task6/install/rt2_msgs/share/rt2_msgs/package.xml
[5.277s] Invoked command in '/home/aaryan/ros2_ws/src/task6/build/rt2_msgs' returned '0': CMAKE_PREFIX_PATH=/opt/ros/humble /usr/bin/cmake --install /home/aaryan/ros2_ws/src/task6/build/rt2_msgs
