[1.488s] Invoking command in '/home/aaryan/ros2_ws/src/examples/rclpy/executors': PYTHONPATH=/home/aaryan/ros2_ws/src/build/examples_rclpy_executors/prefix_override:/usr/lib/python3/dist-packages/colcon_core/task/python/colcon_distutils_commands:/home/aaryan/ros2_ws/src/install/examples_rclpy_executors/lib/python3.10/site-packages:${PYTHONPATH} /usr/bin/python3 -W ignore:setup.py install is deprecated -W ignore:easy_install command is deprecated setup.py egg_info --egg-base ../../../build/examples_rclpy_executors build --build-base /home/aaryan/ros2_ws/src/build/examples_rclpy_executors/build install --record /home/aaryan/ros2_ws/src/build/examples_rclpy_executors/install.log --single-version-externally-managed install_data
[5.184s] running egg_info
[5.184s] creating ../../../build/examples_rclpy_executors/examples_rclpy_executors.egg-info
[5.184s] writing ../../../build/examples_rclpy_executors/examples_rclpy_executors.egg-info/PKG-INFO
[5.184s] writing dependency_links to ../../../build/examples_rclpy_executors/examples_rclpy_executors.egg-info/dependency_links.txt
[5.184s] writing entry points to ../../../build/examples_rclpy_executors/examples_rclpy_executors.egg-info/entry_points.txt
[5.185s] writing requirements to ../../../build/examples_rclpy_executors/examples_rclpy_executors.egg-info/requires.txt
[5.185s] writing top-level names to ../../../build/examples_rclpy_executors/examples_rclpy_executors.egg-info/top_level.txt
[5.185s] writing manifest file '../../../build/examples_rclpy_executors/examples_rclpy_executors.egg-info/SOURCES.txt'
[5.185s] reading manifest file '../../../build/examples_rclpy_executors/examples_rclpy_executors.egg-info/SOURCES.txt'
[5.185s] writing manifest file '../../../build/examples_rclpy_executors/examples_rclpy_executors.egg-info/SOURCES.txt'
[5.185s] running build
[5.185s] running build_py
[5.185s] creating /home/aaryan/ros2_ws/src/build/examples_rclpy_executors/build
[5.185s] creating /home/aaryan/ros2_ws/src/build/examples_rclpy_executors/build/lib
[5.186s] creating /home/aaryan/ros2_ws/src/build/examples_rclpy_executors/build/lib/examples_rclpy_executors
[5.186s] copying examples_rclpy_executors/talker.py -> /home/aaryan/ros2_ws/src/build/examples_rclpy_executors/build/lib/examples_rclpy_executors
[5.186s] copying examples_rclpy_executors/custom_executor.py -> /home/aaryan/ros2_ws/src/build/examples_rclpy_executors/build/lib/examples_rclpy_executors
[5.186s] copying examples_rclpy_executors/custom_callback_group.py -> /home/aaryan/ros2_ws/src/build/examples_rclpy_executors/build/lib/examples_rclpy_executors
[5.186s] copying examples_rclpy_executors/callback_group.py -> /home/aaryan/ros2_ws/src/build/examples_rclpy_executors/build/lib/examples_rclpy_executors
[5.186s] copying examples_rclpy_executors/composed.py -> /home/aaryan/ros2_ws/src/build/examples_rclpy_executors/build/lib/examples_rclpy_executors
[5.186s] copying examples_rclpy_executors/listener.py -> /home/aaryan/ros2_ws/src/build/examples_rclpy_executors/build/lib/examples_rclpy_executors
[5.187s] copying examples_rclpy_executors/__init__.py -> /home/aaryan/ros2_ws/src/build/examples_rclpy_executors/build/lib/examples_rclpy_executors
[5.187s] running install
[5.187s] running install_lib
[5.187s] creating /home/aaryan/ros2_ws/src/install/examples_rclpy_executors/lib/python3.10/site-packages/examples_rclpy_executors
[5.187s] copying /home/aaryan/ros2_ws/src/build/examples_rclpy_executors/build/lib/examples_rclpy_executors/talker.py -> /home/aaryan/ros2_ws/src/install/examples_rclpy_executors/lib/python3.10/site-packages/examples_rclpy_executors
[5.187s] copying /home/aaryan/ros2_ws/src/build/examples_rclpy_executors/build/lib/examples_rclpy_executors/custom_executor.py -> /home/aaryan/ros2_ws/src/install/examples_rclpy_executors/lib/python3.10/site-packages/examples_rclpy_executors
[5.188s] copying /home/aaryan/ros2_ws/src/build/examples_rclpy_executors/build/lib/examples_rclpy_executors/custom_callback_group.py -> /home/aaryan/ros2_ws/src/install/examples_rclpy_executors/lib/python3.10/site-packages/examples_rclpy_executors
[5.188s] copying /home/aaryan/ros2_ws/src/build/examples_rclpy_executors/build/lib/examples_rclpy_executors/callback_group.py -> /home/aaryan/ros2_ws/src/install/examples_rclpy_executors/lib/python3.10/site-packages/examples_rclpy_executors
[5.188s] copying /home/aaryan/ros2_ws/src/build/examples_rclpy_executors/build/lib/examples_rclpy_executors/composed.py -> /home/aaryan/ros2_ws/src/install/examples_rclpy_executors/lib/python3.10/site-packages/examples_rclpy_executors
[5.188s] copying /home/aaryan/ros2_ws/src/build/examples_rclpy_executors/build/lib/examples_rclpy_executors/listener.py -> /home/aaryan/ros2_ws/src/install/examples_rclpy_executors/lib/python3.10/site-packages/examples_rclpy_executors
[5.188s] copying /home/aaryan/ros2_ws/src/build/examples_rclpy_executors/build/lib/examples_rclpy_executors/__init__.py -> /home/aaryan/ros2_ws/src/install/examples_rclpy_executors/lib/python3.10/site-packages/examples_rclpy_executors
[5.188s] byte-compiling /home/aaryan/ros2_ws/src/install/examples_rclpy_executors/lib/python3.10/site-packages/examples_rclpy_executors/talker.py to talker.cpython-310.pyc
[5.188s] byte-compiling /home/aaryan/ros2_ws/src/install/examples_rclpy_executors/lib/python3.10/site-packages/examples_rclpy_executors/custom_executor.py to custom_executor.cpython-310.pyc
[5.188s] byte-compiling /home/aaryan/ros2_ws/src/install/examples_rclpy_executors/lib/python3.10/site-packages/examples_rclpy_executors/custom_callback_group.py to custom_callback_group.cpython-310.pyc
[5.188s] byte-compiling /home/aaryan/ros2_ws/src/install/examples_rclpy_executors/lib/python3.10/site-packages/examples_rclpy_executors/callback_group.py to callback_group.cpython-310.pyc
[5.188s] byte-compiling /home/aaryan/ros2_ws/src/install/examples_rclpy_executors/lib/python3.10/site-packages/examples_rclpy_executors/composed.py to composed.cpython-310.pyc
[5.188s] byte-compiling /home/aaryan/ros2_ws/src/install/examples_rclpy_executors/lib/python3.10/site-packages/examples_rclpy_executors/listener.py to listener.cpython-310.pyc
[5.188s] byte-compiling /home/aaryan/ros2_ws/src/install/examples_rclpy_executors/lib/python3.10/site-packages/examples_rclpy_executors/__init__.py to __init__.cpython-310.pyc
[5.188s] running install_data
[5.188s] creating /home/aaryan/ros2_ws/src/install/examples_rclpy_executors/share/ament_index
[5.188s] creating /home/aaryan/ros2_ws/src/install/examples_rclpy_executors/share/ament_index/resource_index
[5.189s] creating /home/aaryan/ros2_ws/src/install/examples_rclpy_executors/share/ament_index/resource_index/packages
[5.189s] copying resource/examples_rclpy_executors -> /home/aaryan/ros2_ws/src/install/examples_rclpy_executors/share/ament_index/resource_index/packages
[5.189s] copying package.xml -> /home/aaryan/ros2_ws/src/install/examples_rclpy_executors/share/examples_rclpy_executors
[5.189s] running install_egg_info
[5.189s] Copying ../../../build/examples_rclpy_executors/examples_rclpy_executors.egg-info to /home/aaryan/ros2_ws/src/install/examples_rclpy_executors/lib/python3.10/site-packages/examples_rclpy_executors-0.15.5-py3.10.egg-info
[5.189s] running install_scripts
[5.189s] Installing callback_group script to /home/aaryan/ros2_ws/src/install/examples_rclpy_executors/lib/examples_rclpy_executors
[5.189s] Installing composed script to /home/aaryan/ros2_ws/src/install/examples_rclpy_executors/lib/examples_rclpy_executors
[5.189s] Installing custom_callback_group script to /home/aaryan/ros2_ws/src/install/examples_rclpy_executors/lib/examples_rclpy_executors
[5.189s] Installing custom_executor script to /home/aaryan/ros2_ws/src/install/examples_rclpy_executors/lib/examples_rclpy_executors
[5.189s] Installing listener script to /home/aaryan/ros2_ws/src/install/examples_rclpy_executors/lib/examples_rclpy_executors
[5.189s] Installing talker script to /home/aaryan/ros2_ws/src/install/examples_rclpy_executors/lib/examples_rclpy_executors
[5.189s] writing list of installed files to '/home/aaryan/ros2_ws/src/build/examples_rclpy_executors/install.log'
[5.215s] Invoked command in '/home/aaryan/ros2_ws/src/examples/rclpy/executors' returned '0': PYTHONPATH=/home/aaryan/ros2_ws/src/build/examples_rclpy_executors/prefix_override:/usr/lib/python3/dist-packages/colcon_core/task/python/colcon_distutils_commands:/home/aaryan/ros2_ws/src/install/examples_rclpy_executors/lib/python3.10/site-packages:${PYTHONPATH} /usr/bin/python3 -W ignore:setup.py install is deprecated -W ignore:easy_install command is deprecated setup.py egg_info --egg-base ../../../build/examples_rclpy_executors build --build-base /home/aaryan/ros2_ws/src/build/examples_rclpy_executors/build install --record /home/aaryan/ros2_ws/src/build/examples_rclpy_executors/install.log --single-version-externally-managed install_data
