/home/aaryan/ros2_ws/src/task6/install/rt2_logic/lib/python3.10/site-packages/rt2_logic/node2.py
/home/aaryan/ros2_ws/src/task6/install/rt2_logic/lib/python3.10/site-packages/rt2_logic/node3.py
/home/aaryan/ros2_ws/src/task6/install/rt2_logic/lib/python3.10/site-packages/rt2_logic/node1.py
/home/aaryan/ros2_ws/src/task6/install/rt2_logic/lib/python3.10/site-packages/rt2_logic/__init__.py
/home/aaryan/ros2_ws/src/task6/install/rt2_logic/lib/python3.10/site-packages/rt2_logic/__pycache__/node2.cpython-310.pyc
/home/aaryan/ros2_ws/src/task6/install/rt2_logic/lib/python3.10/site-packages/rt2_logic/__pycache__/node3.cpython-310.pyc
/home/aaryan/ros2_ws/src/task6/install/rt2_logic/lib/python3.10/site-packages/rt2_logic/__pycache__/node1.cpython-310.pyc
/home/aaryan/ros2_ws/src/task6/install/rt2_logic/lib/python3.10/site-packages/rt2_logic/__pycache__/__init__.cpython-310.pyc
/home/aaryan/ros2_ws/src/task6/install/rt2_logic/share/ament_index/resource_index/packages/rt2_logic
/home/aaryan/ros2_ws/src/task6/install/rt2_logic/share/rt2_logic/package.xml
/home/aaryan/ros2_ws/src/task6/install/rt2_logic/lib/python3.10/site-packages/rt2_logic-0.0.0-py3.10.egg-info/SOURCES.txt
/home/aaryan/ros2_ws/src/task6/install/rt2_logic/lib/python3.10/site-packages/rt2_logic-0.0.0-py3.10.egg-info/zip-safe
/home/aaryan/ros2_ws/src/task6/install/rt2_logic/lib/python3.10/site-packages/rt2_logic-0.0.0-py3.10.egg-info/requires.txt
/home/aaryan/ros2_ws/src/task6/install/rt2_logic/lib/python3.10/site-packages/rt2_logic-0.0.0-py3.10.egg-info/top_level.txt
/home/aaryan/ros2_ws/src/task6/install/rt2_logic/lib/python3.10/site-packages/rt2_logic-0.0.0-py3.10.egg-info/PKG-INFO
/home/aaryan/ros2_ws/src/task6/install/rt2_logic/lib/python3.10/site-packages/rt2_logic-0.0.0-py3.10.egg-info/entry_points.txt
/home/aaryan/ros2_ws/src/task6/install/rt2_logic/lib/python3.10/site-packages/rt2_logic-0.0.0-py3.10.egg-info/dependency_links.txt
/home/aaryan/ros2_ws/src/task6/install/rt2_logic/lib/rt2_logic/node1
/home/aaryan/ros2_ws/src/task6/install/rt2_logic/lib/rt2_logic/node2
/home/aaryan/ros2_ws/src/task6/install/rt2_logic/lib/rt2_logic/node3
