[0.129s] DEBUG:colcon:Command line arguments: ['/usr/bin/colcon', 'build']
[0.129s] DEBUG:colcon:Parsed command line arguments: Namespace(log_base=None, log_level=None, verb_name='build', build_base='build', install_base='install', merge_install=False, symlink_install=False, test_result_base=None, continue_on_error=False, executor='parallel', parallel_workers=16, event_handlers=None, ignore_user_meta=False, metas=['./colcon.meta'], base_paths=['.'], packages_ignore=None, packages_ignore_regex=None, paths=None, packages_up_to=None, packages_up_to_regex=None, packages_above=None, packages_above_and_dependencies=None, packages_above_depth=None, packages_select_by_dep=None, packages_skip_by_dep=None, packages_skip_up_to=None, packages_select_build_failed=False, packages_skip_build_finished=False, packages_select_test_failures=False, packages_skip_test_passed=False, packages_select=None, packages_skip=None, packages_select_regex=None, packages_skip_regex=None, packages_start=None, packages_end=None, allow_overriding=[], cmake_args=None, cmake_target=None, cmake_target_skip_unavailable=False, cmake_clean_cache=False, cmake_clean_first=False, cmake_force_configure=False, ament_cmake_args=None, catkin_cmake_args=None, catkin_skip_building_tests=False, mixin_files=None, mixin=None, verb_parser=<colcon_mixin.mixin.mixin_argument.MixinArgumentDecorator object at 0x790b16e6d7b0>, verb_extension=<colcon_core.verb.build.BuildVerb object at 0x790b16fe7190>, main=<bound method BuildVerb.main of <colcon_core.verb.build.BuildVerb object at 0x790b16fe7190>>, mixin_verb=('build',))
[0.309s] Level 1:colcon.colcon_core.package_discovery:discover_packages(colcon_meta) check parameters
[0.309s] Level 1:colcon.colcon_core.package_discovery:discover_packages(recursive) check parameters
[0.309s] Level 1:colcon.colcon_core.package_discovery:discover_packages(ignore) check parameters
[0.309s] Level 1:colcon.colcon_core.package_discovery:discover_packages(path) check parameters
[0.309s] Level 1:colcon.colcon_core.package_discovery:discover_packages(colcon_meta) discover
[0.309s] Level 1:colcon.colcon_core.package_discovery:discover_packages(recursive) discover
[0.309s] INFO:colcon.colcon_core.package_discovery:Crawling recursively for packages in '/home/aaryan/ros2_ws/src/task6'
[0.309s] Level 1:colcon.colcon_core.package_identification:_identify(.) by extensions ['ignore', 'ignore_ament_install']
[0.309s] Level 1:colcon.colcon_core.package_identification:_identify(.) by extension 'ignore'
[0.310s] Level 1:colcon.colcon_core.package_identification:_identify(.) by extension 'ignore_ament_install'
[0.310s] Level 1:colcon.colcon_core.package_identification:_identify(.) by extensions ['colcon_pkg']
[0.310s] Level 1:colcon.colcon_core.package_identification:_identify(.) by extension 'colcon_pkg'
[0.310s] Level 1:colcon.colcon_core.package_identification:_identify(.) by extensions ['colcon_meta']
[0.310s] Level 1:colcon.colcon_core.package_identification:_identify(.) by extension 'colcon_meta'
[0.310s] Level 1:colcon.colcon_core.package_identification:_identify(.) by extensions ['ros']
[0.310s] Level 1:colcon.colcon_core.package_identification:_identify(.) by extension 'ros'
[0.322s] Level 1:colcon.colcon_core.package_identification:_identify(.) by extensions ['cmake', 'python']
[0.322s] Level 1:colcon.colcon_core.package_identification:_identify(.) by extension 'cmake'
[0.322s] Level 1:colcon.colcon_core.package_identification:_identify(.) by extension 'python'
[0.322s] Level 1:colcon.colcon_core.package_identification:_identify(.) by extensions ['python_setup_py']
[0.322s] Level 1:colcon.colcon_core.package_identification:_identify(.) by extension 'python_setup_py'
[0.322s] Level 1:colcon.colcon_core.package_identification:_identify(build) by extensions ['ignore', 'ignore_ament_install']
[0.322s] Level 1:colcon.colcon_core.package_identification:_identify(build) by extension 'ignore'
[0.322s] Level 1:colcon.colcon_core.package_identification:_identify(build) ignored
[0.323s] Level 1:colcon.colcon_core.package_identification:_identify(install) by extensions ['ignore', 'ignore_ament_install']
[0.323s] Level 1:colcon.colcon_core.package_identification:_identify(install) by extension 'ignore'
[0.323s] Level 1:colcon.colcon_core.package_identification:_identify(install) ignored
[0.323s] Level 1:colcon.colcon_core.package_identification:_identify(log) by extensions ['ignore', 'ignore_ament_install']
[0.323s] Level 1:colcon.colcon_core.package_identification:_identify(log) by extension 'ignore'
[0.323s] Level 1:colcon.colcon_core.package_identification:_identify(log) ignored
[0.323s] Level 1:colcon.colcon_core.package_identification:_identify(rt2_logic) by extensions ['ignore', 'ignore_ament_install']
[0.323s] Level 1:colcon.colcon_core.package_identification:_identify(rt2_logic) by extension 'ignore'
[0.323s] Level 1:colcon.colcon_core.package_identification:_identify(rt2_logic) by extension 'ignore_ament_install'
[0.323s] Level 1:colcon.colcon_core.package_identification:_identify(rt2_logic) by extensions ['colcon_pkg']
[0.323s] Level 1:colcon.colcon_core.package_identification:_identify(rt2_logic) by extension 'colcon_pkg'
[0.323s] Level 1:colcon.colcon_core.package_identification:_identify(rt2_logic) by extensions ['colcon_meta']
[0.323s] Level 1:colcon.colcon_core.package_identification:_identify(rt2_logic) by extension 'colcon_meta'
[0.323s] Level 1:colcon.colcon_core.package_identification:_identify(rt2_logic) by extensions ['ros']
[0.323s] Level 1:colcon.colcon_core.package_identification:_identify(rt2_logic) by extension 'ros'
[0.326s] DEBUG:colcon.colcon_core.package_identification:Package 'rt2_logic' with type 'ros.ament_python' and name 'rt2_logic'
[0.327s] Level 1:colcon.colcon_core.package_identification:_identify(rt2_msgs) by extensions ['ignore', 'ignore_ament_install']
[0.327s] Level 1:colcon.colcon_core.package_identification:_identify(rt2_msgs) by extension 'ignore'
[0.327s] Level 1:colcon.colcon_core.package_identification:_identify(rt2_msgs) by extension 'ignore_ament_install'
[0.327s] Level 1:colcon.colcon_core.package_identification:_identify(rt2_msgs) by extensions ['colcon_pkg']
[0.327s] Level 1:colcon.colcon_core.package_identification:_identify(rt2_msgs) by extension 'colcon_pkg'
[0.327s] Level 1:colcon.colcon_core.package_identification:_identify(rt2_msgs) by extensions ['colcon_meta']
[0.327s] Level 1:colcon.colcon_core.package_identification:_identify(rt2_msgs) by extension 'colcon_meta'
[0.327s] Level 1:colcon.colcon_core.package_identification:_identify(rt2_msgs) by extensions ['ros']
[0.327s] Level 1:colcon.colcon_core.package_identification:_identify(rt2_msgs) by extension 'ros'
[0.328s] DEBUG:colcon.colcon_core.package_identification:Package 'rt2_msgs' with type 'ros.ament_cmake' and name 'rt2_msgs'
[0.328s] Level 1:colcon.colcon_core.package_discovery:discover_packages(recursive) using defaults
[0.328s] Level 1:colcon.colcon_core.package_discovery:discover_packages(ignore) discover
[0.328s] Level 1:colcon.colcon_core.package_discovery:discover_packages(ignore) using defaults
[0.328s] Level 1:colcon.colcon_core.package_discovery:discover_packages(path) discover
[0.328s] Level 1:colcon.colcon_core.package_discovery:discover_packages(path) using defaults
[0.361s] Level 1:colcon.colcon_core.package_discovery:discover_packages(prefix_path) check parameters
[0.361s] Level 1:colcon.colcon_core.package_discovery:discover_packages(prefix_path) discover
[0.364s] DEBUG:colcon.colcon_installed_package_information.package_discovery:Found 323 installed packages in /opt/ros/humble
[0.366s] Level 1:colcon.colcon_core.package_discovery:discover_packages(prefix_path) using defaults
[0.409s] Level 5:colcon.colcon_core.verb:set package 'rt2_msgs' build argument 'cmake_args' from command line to 'None'
[0.409s] Level 5:colcon.colcon_core.verb:set package 'rt2_msgs' build argument 'cmake_target' from command line to 'None'
[0.409s] Level 5:colcon.colcon_core.verb:set package 'rt2_msgs' build argument 'cmake_target_skip_unavailable' from command line to 'False'
[0.409s] Level 5:colcon.colcon_core.verb:set package 'rt2_msgs' build argument 'cmake_clean_cache' from command line to 'False'
[0.409s] Level 5:colcon.colcon_core.verb:set package 'rt2_msgs' build argument 'cmake_clean_first' from command line to 'False'
[0.409s] Level 5:colcon.colcon_core.verb:set package 'rt2_msgs' build argument 'cmake_force_configure' from command line to 'False'
[0.409s] Level 5:colcon.colcon_core.verb:set package 'rt2_msgs' build argument 'ament_cmake_args' from command line to 'None'
[0.409s] Level 5:colcon.colcon_core.verb:set package 'rt2_msgs' build argument 'catkin_cmake_args' from command line to 'None'
[0.409s] Level 5:colcon.colcon_core.verb:set package 'rt2_msgs' build argument 'catkin_skip_building_tests' from command line to 'False'
[0.409s] DEBUG:colcon.colcon_core.verb:Building package 'rt2_msgs' with the following arguments: {'ament_cmake_args': None, 'build_base': '/home/aaryan/ros2_ws/src/task6/build/rt2_msgs', 'catkin_cmake_args': None, 'catkin_skip_building_tests': False, 'cmake_args': None, 'cmake_clean_cache': False, 'cmake_clean_first': False, 'cmake_force_configure': False, 'cmake_target': None, 'cmake_target_skip_unavailable': False, 'install_base': '/home/aaryan/ros2_ws/src/task6/install/rt2_msgs', 'merge_install': False, 'path': '/home/aaryan/ros2_ws/src/task6/rt2_msgs', 'symlink_install': False, 'test_result_base': None}
[0.410s] Level 5:colcon.colcon_core.verb:set package 'rt2_logic' build argument 'cmake_args' from command line to 'None'
[0.410s] Level 5:colcon.colcon_core.verb:set package 'rt2_logic' build argument 'cmake_target' from command line to 'None'
[0.410s] Level 5:colcon.colcon_core.verb:set package 'rt2_logic' build argument 'cmake_target_skip_unavailable' from command line to 'False'
[0.410s] Level 5:colcon.colcon_core.verb:set package 'rt2_logic' build argument 'cmake_clean_cache' from command line to 'False'
[0.410s] Level 5:colcon.colcon_core.verb:set package 'rt2_logic' build argument 'cmake_clean_first' from command line to 'False'
[0.410s] Level 5:colcon.colcon_core.verb:set package 'rt2_logic' build argument 'cmake_force_configure' from command line to 'False'
[0.410s] Level 5:colcon.colcon_core.verb:set package 'rt2_logic' build argument 'ament_cmake_args' from command line to 'None'
[0.410s] Level 5:colcon.colcon_core.verb:set package 'rt2_logic' build argument 'catkin_cmake_args' from command line to 'None'
[0.410s] Level 5:colcon.colcon_core.verb:set package 'rt2_logic' build argument 'catkin_skip_building_tests' from command line to 'False'
[0.410s] DEBUG:colcon.colcon_core.verb:Building package 'rt2_logic' with the following arguments: {'ament_cmake_args': None, 'build_base': '/home/aaryan/ros2_ws/src/task6/build/rt2_logic', 'catkin_cmake_args': None, 'catkin_skip_building_tests': False, 'cmake_args': None, 'cmake_clean_cache': False, 'cmake_clean_first': False, 'cmake_force_configure': False, 'cmake_target': None, 'cmake_target_skip_unavailable': False, 'install_base': '/home/aaryan/ros2_ws/src/task6/install/rt2_logic', 'merge_install': False, 'path': '/home/aaryan/ros2_ws/src/task6/rt2_logic', 'symlink_install': False, 'test_result_base': None}
[0.410s] INFO:colcon.colcon_core.executor:Executing jobs using 'parallel' executor
[0.411s] DEBUG:colcon.colcon_parallel_executor.executor.parallel:run_until_complete
[0.412s] INFO:colcon.colcon_ros.task.ament_cmake.build:Building ROS package in '/home/aaryan/ros2_ws/src/task6/rt2_msgs' with build type 'ament_cmake'
[0.412s] INFO:colcon.colcon_cmake.task.cmake.build:Building CMake package in '/home/aaryan/ros2_ws/src/task6/rt2_msgs'
[0.414s] INFO:colcon.colcon_core.plugin_system:Skipping extension 'colcon_core.shell.bat': Not used on non-Windows systems
[0.414s] INFO:colcon.colcon_core.shell:Skip shell extension 'powershell' for command environment: Not usable outside of PowerShell
[0.414s] DEBUG:colcon.colcon_core.shell:Skip shell extension 'dsv' for command environment
[0.423s] DEBUG:colcon.colcon_core.event_handler.log_command:Invoking command in '/home/aaryan/ros2_ws/src/task6/build/rt2_msgs': CMAKE_PREFIX_PATH=/opt/ros/humble /usr/bin/cmake /home/aaryan/ros2_ws/src/task6/rt2_msgs -DCMAKE_INSTALL_PREFIX=/home/aaryan/ros2_ws/src/task6/install/rt2_msgs
[2.411s] DEBUG:colcon.colcon_core.event_handler.log_command:Invoked command in '/home/aaryan/ros2_ws/src/task6/build/rt2_msgs' returned '0': CMAKE_PREFIX_PATH=/opt/ros/humble /usr/bin/cmake /home/aaryan/ros2_ws/src/task6/rt2_msgs -DCMAKE_INSTALL_PREFIX=/home/aaryan/ros2_ws/src/task6/install/rt2_msgs
[2.414s] DEBUG:colcon.colcon_core.event_handler.log_command:Invoking command in '/home/aaryan/ros2_ws/src/task6/build/rt2_msgs': CMAKE_PREFIX_PATH=/opt/ros/humble /usr/bin/cmake --build /home/aaryan/ros2_ws/src/task6/build/rt2_msgs -- -j16 -l16
[5.589s] DEBUG:colcon.colcon_core.event_handler.log_command:Invoked command in '/home/aaryan/ros2_ws/src/task6/build/rt2_msgs' returned '0': CMAKE_PREFIX_PATH=/opt/ros/humble /usr/bin/cmake --build /home/aaryan/ros2_ws/src/task6/build/rt2_msgs -- -j16 -l16
[5.603s] DEBUG:colcon.colcon_core.event_handler.log_command:Invoking command in '/home/aaryan/ros2_ws/src/task6/build/rt2_msgs': CMAKE_PREFIX_PATH=/opt/ros/humble /usr/bin/cmake --install /home/aaryan/ros2_ws/src/task6/build/rt2_msgs
[5.689s] Level 1:colcon.colcon_core.environment:create_environment_scripts_only(rt2_msgs)
[5.689s] DEBUG:colcon.colcon_core.event_handler.log_command:Invoked command in '/home/aaryan/ros2_ws/src/task6/build/rt2_msgs' returned '0': CMAKE_PREFIX_PATH=/opt/ros/humble /usr/bin/cmake --install /home/aaryan/ros2_ws/src/task6/build/rt2_msgs
[5.692s] Level 1:colcon.colcon_core.environment:checking '/home/aaryan/ros2_ws/src/task6/install/rt2_msgs' for CMake module files
[5.693s] Level 1:colcon.colcon_core.environment:checking '/home/aaryan/ros2_ws/src/task6/install/rt2_msgs' for CMake config files
[5.694s] Level 1:colcon.colcon_core.shell:create_environment_hook('rt2_msgs', 'cmake_prefix_path')
[5.694s] INFO:colcon.colcon_core.shell:Creating environment hook '/home/aaryan/ros2_ws/src/task6/install/rt2_msgs/share/rt2_msgs/hook/cmake_prefix_path.ps1'
[5.695s] INFO:colcon.colcon_core.shell:Creating environment descriptor '/home/aaryan/ros2_ws/src/task6/install/rt2_msgs/share/rt2_msgs/hook/cmake_prefix_path.dsv'
[5.695s] INFO:colcon.colcon_core.shell:Creating environment hook '/home/aaryan/ros2_ws/src/task6/install/rt2_msgs/share/rt2_msgs/hook/cmake_prefix_path.sh'
[5.696s] Level 1:colcon.colcon_core.environment:checking '/home/aaryan/ros2_ws/src/task6/install/rt2_msgs/lib'
[5.701s] Level 1:colcon.colcon_core.shell:create_environment_hook('rt2_msgs', 'ld_library_path_lib')
[5.701s] INFO:colcon.colcon_core.shell:Creating environment hook '/home/aaryan/ros2_ws/src/task6/install/rt2_msgs/share/rt2_msgs/hook/ld_library_path_lib.ps1'
[5.702s] INFO:colcon.colcon_core.shell:Creating environment descriptor '/home/aaryan/ros2_ws/src/task6/install/rt2_msgs/share/rt2_msgs/hook/ld_library_path_lib.dsv'
[5.702s] INFO:colcon.colcon_core.shell:Creating environment hook '/home/aaryan/ros2_ws/src/task6/install/rt2_msgs/share/rt2_msgs/hook/ld_library_path_lib.sh'
[5.703s] Level 1:colcon.colcon_core.environment:checking '/home/aaryan/ros2_ws/src/task6/install/rt2_msgs/bin'
[5.703s] Level 1:colcon.colcon_core.environment:checking '/home/aaryan/ros2_ws/src/task6/install/rt2_msgs/lib/pkgconfig/rt2_msgs.pc'
[5.703s] Level 1:colcon.colcon_core.environment:checking '/home/aaryan/ros2_ws/src/task6/install/rt2_msgs/lib/python3.10/site-packages'
[5.704s] Level 1:colcon.colcon_core.environment:checking '/home/aaryan/ros2_ws/src/task6/install/rt2_msgs/bin'
[5.704s] INFO:colcon.colcon_core.shell:Creating package script '/home/aaryan/ros2_ws/src/task6/install/rt2_msgs/share/rt2_msgs/package.ps1'
[5.705s] INFO:colcon.colcon_core.shell:Creating package descriptor '/home/aaryan/ros2_ws/src/task6/install/rt2_msgs/share/rt2_msgs/package.dsv'
[5.706s] INFO:colcon.colcon_core.shell:Creating package script '/home/aaryan/ros2_ws/src/task6/install/rt2_msgs/share/rt2_msgs/package.sh'
[5.707s] INFO:colcon.colcon_core.shell:Creating package script '/home/aaryan/ros2_ws/src/task6/install/rt2_msgs/share/rt2_msgs/package.bash'
[5.708s] INFO:colcon.colcon_core.shell:Creating package script '/home/aaryan/ros2_ws/src/task6/install/rt2_msgs/share/rt2_msgs/package.zsh'
[5.709s] Level 1:colcon.colcon_core.environment:create_file_with_runtime_dependencies(/home/aaryan/ros2_ws/src/task6/install/rt2_msgs/share/colcon-core/packages/rt2_msgs)
[5.709s] Level 1:colcon.colcon_core.environment:create_environment_scripts_only(rt2_msgs)
[5.710s] Level 1:colcon.colcon_core.environment:checking '/home/aaryan/ros2_ws/src/task6/install/rt2_msgs' for CMake module files
[5.710s] Level 1:colcon.colcon_core.environment:checking '/home/aaryan/ros2_ws/src/task6/install/rt2_msgs' for CMake config files
[5.711s] Level 1:colcon.colcon_core.shell:create_environment_hook('rt2_msgs', 'cmake_prefix_path')
[5.711s] INFO:colcon.colcon_core.shell:Creating environment hook '/home/aaryan/ros2_ws/src/task6/install/rt2_msgs/share/rt2_msgs/hook/cmake_prefix_path.ps1'
[5.711s] INFO:colcon.colcon_core.shell:Creating environment descriptor '/home/aaryan/ros2_ws/src/task6/install/rt2_msgs/share/rt2_msgs/hook/cmake_prefix_path.dsv'
[5.712s] INFO:colcon.colcon_core.shell:Creating environment hook '/home/aaryan/ros2_ws/src/task6/install/rt2_msgs/share/rt2_msgs/hook/cmake_prefix_path.sh'
[5.713s] Level 1:colcon.colcon_core.environment:checking '/home/aaryan/ros2_ws/src/task6/install/rt2_msgs/lib'
[5.713s] Level 1:colcon.colcon_core.shell:create_environment_hook('rt2_msgs', 'ld_library_path_lib')
[5.713s] INFO:colcon.colcon_core.shell:Creating environment hook '/home/aaryan/ros2_ws/src/task6/install/rt2_msgs/share/rt2_msgs/hook/ld_library_path_lib.ps1'
[5.713s] INFO:colcon.colcon_core.shell:Creating environment descriptor '/home/aaryan/ros2_ws/src/task6/install/rt2_msgs/share/rt2_msgs/hook/ld_library_path_lib.dsv'
[5.714s] INFO:colcon.colcon_core.shell:Creating environment hook '/home/aaryan/ros2_ws/src/task6/install/rt2_msgs/share/rt2_msgs/hook/ld_library_path_lib.sh'
[5.714s] Level 1:colcon.colcon_core.environment:checking '/home/aaryan/ros2_ws/src/task6/install/rt2_msgs/bin'
[5.714s] Level 1:colcon.colcon_core.environment:checking '/home/aaryan/ros2_ws/src/task6/install/rt2_msgs/lib/pkgconfig/rt2_msgs.pc'
[5.714s] Level 1:colcon.colcon_core.environment:checking '/home/aaryan/ros2_ws/src/task6/install/rt2_msgs/lib/python3.10/site-packages'
[5.715s] Level 1:colcon.colcon_core.environment:checking '/home/aaryan/ros2_ws/src/task6/install/rt2_msgs/bin'
[5.715s] INFO:colcon.colcon_core.shell:Creating package script '/home/aaryan/ros2_ws/src/task6/install/rt2_msgs/share/rt2_msgs/package.ps1'
[5.716s] INFO:colcon.colcon_core.shell:Creating package descriptor '/home/aaryan/ros2_ws/src/task6/install/rt2_msgs/share/rt2_msgs/package.dsv'
[5.717s] INFO:colcon.colcon_core.shell:Creating package script '/home/aaryan/ros2_ws/src/task6/install/rt2_msgs/share/rt2_msgs/package.sh'
[5.717s] INFO:colcon.colcon_core.shell:Creating package script '/home/aaryan/ros2_ws/src/task6/install/rt2_msgs/share/rt2_msgs/package.bash'
[5.717s] INFO:colcon.colcon_core.shell:Creating package script '/home/aaryan/ros2_ws/src/task6/install/rt2_msgs/share/rt2_msgs/package.zsh'
[5.718s] Level 1:colcon.colcon_core.environment:create_file_with_runtime_dependencies(/home/aaryan/ros2_ws/src/task6/install/rt2_msgs/share/colcon-core/packages/rt2_msgs)
[5.718s] INFO:colcon.colcon_ros.task.ament_python.build:Building ROS package in '/home/aaryan/ros2_ws/src/task6/rt2_logic' with build type 'ament_python'
[5.718s] Level 1:colcon.colcon_core.shell:create_environment_hook('rt2_logic', 'ament_prefix_path')
[5.719s] INFO:colcon.colcon_core.shell:Creating environment hook '/home/aaryan/ros2_ws/src/task6/install/rt2_logic/share/rt2_logic/hook/ament_prefix_path.ps1'
[5.720s] INFO:colcon.colcon_core.shell:Creating environment descriptor '/home/aaryan/ros2_ws/src/task6/install/rt2_logic/share/rt2_logic/hook/ament_prefix_path.dsv'
[5.720s] INFO:colcon.colcon_core.shell:Creating environment hook '/home/aaryan/ros2_ws/src/task6/install/rt2_logic/share/rt2_logic/hook/ament_prefix_path.sh'
[5.721s] INFO:colcon.colcon_core.shell:Skip shell extension 'powershell' for command environment: Not usable outside of PowerShell
[5.721s] DEBUG:colcon.colcon_core.shell:Skip shell extension 'dsv' for command environment
[6.006s] INFO:colcon.colcon_core.task.python.build:Building Python package in '/home/aaryan/ros2_ws/src/task6/rt2_logic'
[6.006s] INFO:colcon.colcon_core.shell:Skip shell extension 'powershell' for command environment: Not usable outside of PowerShell
[6.006s] DEBUG:colcon.colcon_core.shell:Skip shell extension 'dsv' for command environment
[6.416s] DEBUG:colcon.colcon_core.event_handler.log_command:Invoking command in '/home/aaryan/ros2_ws/src/task6/rt2_logic': AMENT_PREFIX_PATH=/home/aaryan/ros2_ws/src/task6/install/rt2_msgs:${AMENT_PREFIX_PATH} CMAKE_PREFIX_PATH=/home/aaryan/ros2_ws/src/task6/install/rt2_msgs LD_LIBRARY_PATH=/home/aaryan/ros2_ws/src/task6/install/rt2_msgs/lib:${LD_LIBRARY_PATH} PYTHONPATH=/home/aaryan/ros2_ws/src/task6/build/rt2_logic/prefix_override:/usr/lib/python3/dist-packages/colcon_core/task/python/colcon_distutils_commands:/home/aaryan/ros2_ws/src/task6/install/rt2_logic/lib/python3.10/site-packages:/home/aaryan/ros2_ws/src/task6/install/rt2_msgs/local/lib/python3.10/dist-packages:${PYTHONPATH} /usr/bin/python3 -W ignore:setup.py install is deprecated -W ignore:easy_install command is deprecated setup.py egg_info --egg-base ../build/rt2_logic build --build-base /home/aaryan/ros2_ws/src/task6/build/rt2_logic/build install --record /home/aaryan/ros2_ws/src/task6/build/rt2_logic/install.log --single-version-externally-managed install_data
[6.737s] Level 1:colcon.colcon_core.environment:checking '/home/aaryan/ros2_ws/src/task6/install/rt2_logic' for CMake module files
[6.737s] DEBUG:colcon.colcon_core.event_handler.log_command:Invoked command in '/home/aaryan/ros2_ws/src/task6/rt2_logic' returned '0': AMENT_PREFIX_PATH=/home/aaryan/ros2_ws/src/task6/install/rt2_msgs:${AMENT_PREFIX_PATH} CMAKE_PREFIX_PATH=/home/aaryan/ros2_ws/src/task6/install/rt2_msgs LD_LIBRARY_PATH=/home/aaryan/ros2_ws/src/task6/install/rt2_msgs/lib:${LD_LIBRARY_PATH} PYTHONPATH=/home/aaryan/ros2_ws/src/task6/build/rt2_logic/prefix_override:/usr/lib/python3/dist-packages/colcon_core/task/python/colcon_distutils_commands:/home/aaryan/ros2_ws/src/task6/install/rt2_logic/lib/python3.10/site-packages:/home/aaryan/ros2_ws/src/task6/install/rt2_msgs/local/lib/python3.10/dist-packages:${PYTHONPATH} /usr/bin/python3 -W ignore:setup.py install is deprecated -W ignore:easy_install command is deprecated setup.py egg_info --egg-base ../build/rt2_logic build --build-base /home/aaryan/ros2_ws/src/task6/build/rt2_logic/build install --record /home/aaryan/ros2_ws/src/task6/build/rt2_logic/install.log --single-version-externally-managed install_data
[6.738s] Level 1:colcon.colcon_core.environment:checking '/home/aaryan/ros2_ws/src/task6/install/rt2_logic' for CMake config files
[6.738s] Level 1:colcon.colcon_core.environment:checking '/home/aaryan/ros2_ws/src/task6/install/rt2_logic/lib'
[6.739s] Level 1:colcon.colcon_core.environment:checking '/home/aaryan/ros2_ws/src/task6/install/rt2_logic/bin'
[6.739s] Level 1:colcon.colcon_core.environment:checking '/home/aaryan/ros2_ws/src/task6/install/rt2_logic/lib/pkgconfig/rt2_logic.pc'
[6.739s] Level 1:colcon.colcon_core.environment:checking '/home/aaryan/ros2_ws/src/task6/install/rt2_logic/lib/python3.10/site-packages'
[6.739s] Level 1:colcon.colcon_core.shell:create_environment_hook('rt2_logic', 'pythonpath')
[6.739s] INFO:colcon.colcon_core.shell:Creating environment hook '/home/aaryan/ros2_ws/src/task6/install/rt2_logic/share/rt2_logic/hook/pythonpath.ps1'
[6.740s] INFO:colcon.colcon_core.shell:Creating environment descriptor '/home/aaryan/ros2_ws/src/task6/install/rt2_logic/share/rt2_logic/hook/pythonpath.dsv'
[6.741s] INFO:colcon.colcon_core.shell:Creating environment hook '/home/aaryan/ros2_ws/src/task6/install/rt2_logic/share/rt2_logic/hook/pythonpath.sh'
[6.742s] Level 1:colcon.colcon_core.environment:checking '/home/aaryan/ros2_ws/src/task6/install/rt2_logic/bin'
[6.742s] Level 1:colcon.colcon_core.environment:create_environment_scripts_only(rt2_logic)
[6.742s] INFO:colcon.colcon_core.shell:Creating package script '/home/aaryan/ros2_ws/src/task6/install/rt2_logic/share/rt2_logic/package.ps1'
[6.743s] INFO:colcon.colcon_core.shell:Creating package descriptor '/home/aaryan/ros2_ws/src/task6/install/rt2_logic/share/rt2_logic/package.dsv'
[6.744s] INFO:colcon.colcon_core.shell:Creating package script '/home/aaryan/ros2_ws/src/task6/install/rt2_logic/share/rt2_logic/package.sh'
[6.744s] INFO:colcon.colcon_core.shell:Creating package script '/home/aaryan/ros2_ws/src/task6/install/rt2_logic/share/rt2_logic/package.bash'
[6.745s] INFO:colcon.colcon_core.shell:Creating package script '/home/aaryan/ros2_ws/src/task6/install/rt2_logic/share/rt2_logic/package.zsh'
[6.745s] Level 1:colcon.colcon_core.environment:create_file_with_runtime_dependencies(/home/aaryan/ros2_ws/src/task6/install/rt2_logic/share/colcon-core/packages/rt2_logic)
[6.745s] DEBUG:colcon.colcon_parallel_executor.executor.parallel:closing loop
[6.746s] DEBUG:colcon.colcon_parallel_executor.executor.parallel:loop closed
[6.746s] DEBUG:colcon.colcon_parallel_executor.executor.parallel:run_until_complete finished with '0'
[6.746s] DEBUG:colcon.colcon_core.event_reactor:joining thread
[6.753s] INFO:colcon.colcon_core.plugin_system:Skipping extension 'colcon_notification.desktop_notification.terminal_notifier': Not used on non-Darwin systems
[6.754s] INFO:colcon.colcon_core.plugin_system:Skipping extension 'colcon_notification.desktop_notification.win32': Not used on non-Windows systems
[6.754s] INFO:colcon.colcon_notification.desktop_notification:Sending desktop notification using 'notify2'
[6.769s] DEBUG:colcon.colcon_core.event_reactor:joined thread
[6.770s] INFO:colcon.colcon_core.shell:Creating prefix script '/home/aaryan/ros2_ws/src/task6/install/local_setup.ps1'
[6.771s] INFO:colcon.colcon_core.shell:Creating prefix util module '/home/aaryan/ros2_ws/src/task6/install/_local_setup_util_ps1.py'
[6.773s] INFO:colcon.colcon_core.shell:Creating prefix chain script '/home/aaryan/ros2_ws/src/task6/install/setup.ps1'
[6.774s] INFO:colcon.colcon_core.shell:Creating prefix script '/home/aaryan/ros2_ws/src/task6/install/local_setup.sh'
[6.774s] INFO:colcon.colcon_core.shell:Creating prefix util module '/home/aaryan/ros2_ws/src/task6/install/_local_setup_util_sh.py'
[6.775s] INFO:colcon.colcon_core.shell:Creating prefix chain script '/home/aaryan/ros2_ws/src/task6/install/setup.sh'
[6.776s] INFO:colcon.colcon_core.shell:Creating prefix script '/home/aaryan/ros2_ws/src/task6/install/local_setup.bash'
[6.777s] INFO:colcon.colcon_core.shell:Creating prefix chain script '/home/aaryan/ros2_ws/src/task6/install/setup.bash'
[6.778s] INFO:colcon.colcon_core.shell:Creating prefix script '/home/aaryan/ros2_ws/src/task6/install/local_setup.zsh'
[6.779s] INFO:colcon.colcon_core.shell:Creating prefix chain script '/home/aaryan/ros2_ws/src/task6/install/setup.zsh'
