[1.814s] Invoking command in '/home/aaryan/ros2_ws/src/build/turtlesim': CMAKE_PREFIX_PATH=/opt/ros/humble /usr/bin/cmake /home/aaryan/ros2_ws/src/ros_tutorials/turtlesim -DCMAKE_INSTALL_PREFIX=/home/aaryan/ros2_ws/src/install/turtlesim
[1.871s] -- The C compiler identification is GNU 11.4.0
[1.928s] -- The CXX compiler identification is GNU 11.4.0
[1.935s] -- Detecting C compiler ABI info
[2.004s] -- Detecting C compiler ABI info - done
[2.012s] -- Check for working C compiler: /usr/bin/cc - skipped
[2.013s] -- Detecting C compile features
[2.013s] -- Detecting C compile features - done
[2.016s] -- Detecting CXX compiler ABI info
[2.094s] -- Detecting CXX compiler ABI info - done
[2.102s] -- Check for working CXX compiler: /usr/bin/c++ - skipped
[2.102s] -- Detecting CXX compile features
[2.103s] -- Detecting CXX compile features - done
[2.105s] -- Found ament_cmake: 1.3.13 (/opt/ros/humble/share/ament_cmake/cmake)
[2.274s] -- Found Python3: /usr/bin/python3 (found version "3.10.12") found components: Interpreter 
[2.367s] -- Found ament_index_cpp: 1.4.1 (/opt/ros/humble/share/ament_index_cpp/cmake)
[2.373s] -- Found geometry_msgs: 4.9.1 (/opt/ros/humble/share/geometry_msgs/cmake)
[2.410s] -- Found rosidl_generator_c: 3.1.8 (/opt/ros/humble/share/rosidl_generator_c/cmake)
[2.415s] -- Found rosidl_adapter: 3.1.8 (/opt/ros/humble/share/rosidl_adapter/cmake)
[2.425s] -- Found rosidl_generator_cpp: 3.1.8 (/opt/ros/humble/share/rosidl_generator_cpp/cmake)
[2.441s] -- Using all available rosidl_typesupport_c: rosidl_typesupport_fastrtps_c;rosidl_typesupport_introspection_c
[2.457s] -- Using all available rosidl_typesupport_cpp: rosidl_typesupport_fastrtps_cpp;rosidl_typesupport_introspection_cpp
[2.551s] -- Found rclcpp: 16.0.18 (/opt/ros/humble/share/rclcpp/cmake)
[2.588s] -- Found rmw_implementation_cmake: 6.1.2 (/opt/ros/humble/share/rmw_implementation_cmake/cmake)
[2.590s] -- Found rmw_fastrtps_cpp: 6.2.10 (/opt/ros/humble/share/rmw_fastrtps_cpp/cmake)
[2.653s] -- Found OpenSSL: /usr/lib/x86_64-linux-gnu/libcrypto.so (found version "3.0.2")  
[2.670s] -- Found FastRTPS: /opt/ros/humble/include  
[2.696s] -- Using RMW implementation 'rmw_fastrtps_cpp' as default
[2.701s] -- Looking for pthread.h
[2.750s] -- Looking for pthread.h - found
[2.750s] -- Performing Test CMAKE_HAVE_LIBC_PTHREAD
[2.799s] -- Performing Test CMAKE_HAVE_LIBC_PTHREAD - Success
[2.800s] -- Found Threads: TRUE  
[2.827s] -- Found rclcpp_action: 16.0.18 (/opt/ros/humble/share/rclcpp_action/cmake)
[2.852s] -- Found rosidl_default_generators: 1.2.0 (/opt/ros/humble/share/rosidl_default_generators/cmake)
[2.860s] -- Found std_srvs: 4.9.1 (/opt/ros/humble/share/std_srvs/cmake)
[3.187s] -- Found ament_cmake_ros: 0.10.0 (/opt/ros/humble/share/ament_cmake_ros/cmake)
[3.532s] -- Using all available rosidl_typesupport_c: rosidl_typesupport_fastrtps_c;rosidl_typesupport_introspection_c
[3.643s] -- Using all available rosidl_typesupport_cpp: rosidl_typesupport_fastrtps_cpp;rosidl_typesupport_introspection_cpp
[3.662s] -- Found PythonInterp: /usr/bin/python3 (found suitable version "3.10.12", minimum required is "3.6") 
[3.664s] -- Found python_cmake_module: 0.10.0 (/opt/ros/humble/share/python_cmake_module/cmake)
[3.694s] -- Found PythonLibs: /usr/lib/x86_64-linux-gnu/libpython3.10.so (found suitable version "3.10.12", minimum required is "3.5") 
[3.694s] -- Using PYTHON_EXECUTABLE: /usr/bin/python3
[3.694s] -- Using PYTHON_INCLUDE_DIRS: /usr/include/python3.10
[3.694s] -- Using PYTHON_LIBRARIES: /usr/lib/x86_64-linux-gnu/libpython3.10.so
[3.709s] -- Found PythonExtra: .so  
[3.769s] -- Configuring done
[3.840s] -- Generating done
[3.862s] -- Build files have been written to: /home/aaryan/ros2_ws/src/build/turtlesim
[3.875s] Invoked command in '/home/aaryan/ros2_ws/src/build/turtlesim' returned '0': CMAKE_PREFIX_PATH=/opt/ros/humble /usr/bin/cmake /home/aaryan/ros2_ws/src/ros_tutorials/turtlesim -DCMAKE_INSTALL_PREFIX=/home/aaryan/ros2_ws/src/install/turtlesim
[3.877s] Invoking command in '/home/aaryan/ros2_ws/src/build/turtlesim': CMAKE_PREFIX_PATH=/opt/ros/humble /usr/bin/cmake --build /home/aaryan/ros2_ws/src/build/turtlesim -- -j16 -l16
[3.930s] [  1%] [34m[1mGenerating C++ code for ROS interfaces[0m
[4.806s] [  1%] Built target turtlesim__cpp
[4.833s] [  1%] Built target ament_cmake_python_copy_turtlesim
[4.843s] [  2%] [34m[1mGenerating C++ introspection for ROS interfaces[0m
[5.597s] [  3%] [32mBuilding CXX object CMakeFiles/turtlesim__rosidl_typesupport_introspection_cpp.dir/rosidl_typesupport_introspection_cpp/turtlesim/action/detail/rotate_absolute__type_support.cpp.o[0m
[6.033s] [  4%] [32mBuilding CXX object CMakeFiles/turtlesim__rosidl_typesupport_introspection_cpp.dir/rosidl_typesupport_introspection_cpp/turtlesim/srv/detail/teleport_relative__type_support.cpp.o[0m
[6.268s] [  5%] [32mBuilding CXX object CMakeFiles/turtlesim__rosidl_typesupport_introspection_cpp.dir/rosidl_typesupport_introspection_cpp/turtlesim/srv/detail/teleport_absolute__type_support.cpp.o[0m
[6.502s] [  6%] [32mBuilding CXX object CMakeFiles/turtlesim__rosidl_typesupport_introspection_cpp.dir/rosidl_typesupport_introspection_cpp/turtlesim/srv/detail/spawn__type_support.cpp.o[0m
[6.737s] [  7%] [32mBuilding CXX object CMakeFiles/turtlesim__rosidl_typesupport_introspection_cpp.dir/rosidl_typesupport_introspection_cpp/turtlesim/srv/detail/set_pen__type_support.cpp.o[0m
[6.998s] [  8%] [32mBuilding CXX object CMakeFiles/turtlesim__rosidl_typesupport_introspection_cpp.dir/rosidl_typesupport_introspection_cpp/turtlesim/srv/detail/kill__type_support.cpp.o[0m
[7.372s] [  9%] [32mBuilding CXX object CMakeFiles/turtlesim__rosidl_typesupport_introspection_cpp.dir/rosidl_typesupport_introspection_cpp/turtlesim/msg/detail/pose__type_support.cpp.o[0m
[7.754s] [ 10%] [32mBuilding CXX object CMakeFiles/turtlesim__rosidl_typesupport_introspection_cpp.dir/rosidl_typesupport_introspection_cpp/turtlesim/msg/detail/color__type_support.cpp.o[0m
[8.131s] [ 11%] [32m[1mLinking CXX shared library libturtlesim__rosidl_typesupport_introspection_cpp.so[0m
[8.206s] [ 11%] Built target turtlesim__rosidl_typesupport_introspection_cpp
[8.465s] running egg_info
[8.465s] creating turtlesim.egg-info
[8.465s] writing turtlesim.egg-info/PKG-INFO
[8.466s] writing dependency_links to turtlesim.egg-info/dependency_links.txt
[8.466s] writing top-level names to turtlesim.egg-info/top_level.txt
[8.466s] writing manifest file 'turtlesim.egg-info/SOURCES.txt'
[8.468s] reading manifest file 'turtlesim.egg-info/SOURCES.txt'
[8.469s] writing manifest file 'turtlesim.egg-info/SOURCES.txt'
[8.494s] [ 11%] Built target ament_cmake_python_build_turtlesim_egg
[8.504s] [ 12%] [34m[1mGenerating C++ type support for eProsima Fast-RTPS[0m
[9.178s] [ 13%] [32mBuilding CXX object CMakeFiles/turtlesim__rosidl_typesupport_fastrtps_cpp.dir/rosidl_typesupport_fastrtps_cpp/turtlesim/action/detail/dds_fastrtps/rotate_absolute__type_support.cpp.o[0m
[9.520s] [ 14%] [32mBuilding CXX object CMakeFiles/turtlesim__rosidl_typesupport_fastrtps_cpp.dir/rosidl_typesupport_fastrtps_cpp/turtlesim/srv/detail/dds_fastrtps/teleport_relative__type_support.cpp.o[0m
[9.763s] [ 15%] [32mBuilding CXX object CMakeFiles/turtlesim__rosidl_typesupport_fastrtps_cpp.dir/rosidl_typesupport_fastrtps_cpp/turtlesim/srv/detail/dds_fastrtps/teleport_absolute__type_support.cpp.o[0m
[10.006s] [ 16%] [32mBuilding CXX object CMakeFiles/turtlesim__rosidl_typesupport_fastrtps_cpp.dir/rosidl_typesupport_fastrtps_cpp/turtlesim/srv/detail/dds_fastrtps/spawn__type_support.cpp.o[0m
[10.251s] [ 17%] [32mBuilding CXX object CMakeFiles/turtlesim__rosidl_typesupport_fastrtps_cpp.dir/rosidl_typesupport_fastrtps_cpp/turtlesim/srv/detail/dds_fastrtps/set_pen__type_support.cpp.o[0m
[10.506s] [ 18%] [32mBuilding CXX object CMakeFiles/turtlesim__rosidl_typesupport_fastrtps_cpp.dir/rosidl_typesupport_fastrtps_cpp/turtlesim/srv/detail/dds_fastrtps/kill__type_support.cpp.o[0m
[10.753s] [ 19%] [32mBuilding CXX object CMakeFiles/turtlesim__rosidl_typesupport_fastrtps_cpp.dir/rosidl_typesupport_fastrtps_cpp/turtlesim/msg/detail/dds_fastrtps/pose__type_support.cpp.o[0m
[10.984s] [ 20%] [32mBuilding CXX object CMakeFiles/turtlesim__rosidl_typesupport_fastrtps_cpp.dir/rosidl_typesupport_fastrtps_cpp/turtlesim/msg/detail/dds_fastrtps/color__type_support.cpp.o[0m
[11.219s] [ 21%] [32m[1mLinking CXX shared library libturtlesim__rosidl_typesupport_fastrtps_cpp.so[0m
[11.278s] [ 21%] Built target turtlesim__rosidl_typesupport_fastrtps_cpp
[11.288s] [ 22%] [34m[1mGenerating C++ type support dispatch for ROS interfaces[0m
[11.673s] [ 23%] [32mBuilding CXX object CMakeFiles/turtlesim__rosidl_typesupport_cpp.dir/rosidl_typesupport_cpp/turtlesim/action/rotate_absolute__type_support.cpp.o[0m
[11.975s] [ 24%] [32mBuilding CXX object CMakeFiles/turtlesim__rosidl_typesupport_cpp.dir/rosidl_typesupport_cpp/turtlesim/srv/teleport_relative__type_support.cpp.o[0m
[12.143s] [ 25%] [32mBuilding CXX object CMakeFiles/turtlesim__rosidl_typesupport_cpp.dir/rosidl_typesupport_cpp/turtlesim/srv/teleport_absolute__type_support.cpp.o[0m
[12.306s] [ 26%] [32mBuilding CXX object CMakeFiles/turtlesim__rosidl_typesupport_cpp.dir/rosidl_typesupport_cpp/turtlesim/srv/spawn__type_support.cpp.o[0m
[12.468s] [ 27%] [32mBuilding CXX object CMakeFiles/turtlesim__rosidl_typesupport_cpp.dir/rosidl_typesupport_cpp/turtlesim/srv/set_pen__type_support.cpp.o[0m
[12.630s] [ 28%] [32mBuilding CXX object CMakeFiles/turtlesim__rosidl_typesupport_cpp.dir/rosidl_typesupport_cpp/turtlesim/srv/kill__type_support.cpp.o[0m
[12.794s] [ 29%] [32mBuilding CXX object CMakeFiles/turtlesim__rosidl_typesupport_cpp.dir/rosidl_typesupport_cpp/turtlesim/msg/pose__type_support.cpp.o[0m
[12.963s] [ 30%] [32mBuilding CXX object CMakeFiles/turtlesim__rosidl_typesupport_cpp.dir/rosidl_typesupport_cpp/turtlesim/msg/color__type_support.cpp.o[0m
[13.121s] [ 31%] [32m[1mLinking CXX shared library libturtlesim__rosidl_typesupport_cpp.so[0m
[13.161s] [ 31%] Built target turtlesim__rosidl_typesupport_cpp
[13.171s] [ 32%] [34m[1mGenerating C code for ROS interfaces[0m
[13.976s] [ 33%] [32mBuilding C object CMakeFiles/turtlesim__rosidl_generator_c.dir/rosidl_generator_c/turtlesim/action/detail/rotate_absolute__functions.c.o[0m
[14.072s] [ 34%] [32mBuilding C object CMakeFiles/turtlesim__rosidl_generator_c.dir/rosidl_generator_c/turtlesim/srv/detail/teleport_relative__functions.c.o[0m
[14.117s] [ 35%] [32mBuilding C object CMakeFiles/turtlesim__rosidl_generator_c.dir/rosidl_generator_c/turtlesim/srv/detail/teleport_absolute__functions.c.o[0m
[14.160s] [ 36%] [32mBuilding C object CMakeFiles/turtlesim__rosidl_generator_c.dir/rosidl_generator_c/turtlesim/srv/detail/spawn__functions.c.o[0m
[14.204s] [ 37%] [32mBuilding C object CMakeFiles/turtlesim__rosidl_generator_c.dir/rosidl_generator_c/turtlesim/srv/detail/set_pen__functions.c.o[0m
[14.245s] [ 38%] [32mBuilding C object CMakeFiles/turtlesim__rosidl_generator_c.dir/rosidl_generator_c/turtlesim/srv/detail/kill__functions.c.o[0m
[14.289s] [ 39%] [32mBuilding C object CMakeFiles/turtlesim__rosidl_generator_c.dir/rosidl_generator_c/turtlesim/msg/detail/pose__functions.c.o[0m
[14.325s] [ 40%] [32mBuilding C object CMakeFiles/turtlesim__rosidl_generator_c.dir/rosidl_generator_c/turtlesim/msg/detail/color__functions.c.o[0m
[14.360s] [ 41%] [32m[1mLinking C shared library libturtlesim__rosidl_generator_c.so[0m
[14.395s] [ 41%] Built target turtlesim__rosidl_generator_c
[14.413s] [ 42%] [32mBuilding CXX object CMakeFiles/mimic.dir/tutorials/mimic.cpp.o[0m
[19.889s] [ 43%] [32m[1mLinking CXX executable mimic[0m
[20.186s] [ 43%] Built target mimic
[20.194s] [ 44%] [34m[1mGenerating C type support dispatch for ROS interfaces[0m
[20.544s] [ 45%] [32mBuilding CXX object CMakeFiles/turtlesim__rosidl_typesupport_c.dir/rosidl_typesupport_c/turtlesim/action/rotate_absolute__type_support.cpp.o[0m
[20.581s] [ 46%] [32mBuilding CXX object CMakeFiles/turtlesim__rosidl_typesupport_c.dir/rosidl_typesupport_c/turtlesim/srv/teleport_relative__type_support.cpp.o[0m
[20.614s] [ 47%] [32mBuilding CXX object CMakeFiles/turtlesim__rosidl_typesupport_c.dir/rosidl_typesupport_c/turtlesim/srv/teleport_absolute__type_support.cpp.o[0m
[20.637s] [ 48%] [32mBuilding CXX object CMakeFiles/turtlesim__rosidl_typesupport_c.dir/rosidl_typesupport_c/turtlesim/srv/spawn__type_support.cpp.o[0m
[20.661s] [ 49%] [32mBuilding CXX object CMakeFiles/turtlesim__rosidl_typesupport_c.dir/rosidl_typesupport_c/turtlesim/srv/set_pen__type_support.cpp.o[0m
[20.687s] [ 50%] [32mBuilding CXX object CMakeFiles/turtlesim__rosidl_typesupport_c.dir/rosidl_typesupport_c/turtlesim/srv/kill__type_support.cpp.o[0m
[20.714s] [ 51%] [32mBuilding CXX object CMakeFiles/turtlesim__rosidl_typesupport_c.dir/rosidl_typesupport_c/turtlesim/msg/pose__type_support.cpp.o[0m
[20.738s] [ 52%] [32mBuilding CXX object CMakeFiles/turtlesim__rosidl_typesupport_c.dir/rosidl_typesupport_c/turtlesim/msg/color__type_support.cpp.o[0m
[20.765s] [ 53%] [32m[1mLinking CXX shared library libturtlesim__rosidl_typesupport_c.so[0m
[20.799s] [ 53%] Built target turtlesim__rosidl_typesupport_c
[20.808s] [ 54%] [34m[1mGenerating C introspection for ROS interfaces[0m
[21.327s] [ 55%] [32mBuilding C object CMakeFiles/turtlesim__rosidl_typesupport_introspection_c.dir/rosidl_typesupport_introspection_c/turtlesim/action/detail/rotate_absolute__type_support.c.o[0m
[21.371s] [ 56%] [32mBuilding C object CMakeFiles/turtlesim__rosidl_typesupport_introspection_c.dir/rosidl_typesupport_introspection_c/turtlesim/srv/detail/teleport_relative__type_support.c.o[0m
[21.398s] [ 57%] [32mBuilding C object CMakeFiles/turtlesim__rosidl_typesupport_introspection_c.dir/rosidl_typesupport_introspection_c/turtlesim/srv/detail/teleport_absolute__type_support.c.o[0m
[21.423s] [ 58%] [32mBuilding C object CMakeFiles/turtlesim__rosidl_typesupport_introspection_c.dir/rosidl_typesupport_introspection_c/turtlesim/srv/detail/spawn__type_support.c.o[0m
[21.461s] [ 59%] [32mBuilding C object CMakeFiles/turtlesim__rosidl_typesupport_introspection_c.dir/rosidl_typesupport_introspection_c/turtlesim/srv/detail/set_pen__type_support.c.o[0m
[21.490s] [ 60%] [32mBuilding C object CMakeFiles/turtlesim__rosidl_typesupport_introspection_c.dir/rosidl_typesupport_introspection_c/turtlesim/srv/detail/kill__type_support.c.o[0m
[21.521s] [ 61%] [32mBuilding C object CMakeFiles/turtlesim__rosidl_typesupport_introspection_c.dir/rosidl_typesupport_introspection_c/turtlesim/msg/detail/pose__type_support.c.o[0m
[21.544s] [ 62%] [32mBuilding C object CMakeFiles/turtlesim__rosidl_typesupport_introspection_c.dir/rosidl_typesupport_introspection_c/turtlesim/msg/detail/color__type_support.c.o[0m
[21.567s] [ 63%] [32m[1mLinking C shared library libturtlesim__rosidl_typesupport_introspection_c.so[0m
[21.594s] [ 63%] Built target turtlesim__rosidl_typesupport_introspection_c
[21.603s] [ 64%] [34m[1mGenerating C type support for eProsima Fast-RTPS[0m
[22.140s] [ 65%] [32mBuilding CXX object CMakeFiles/turtlesim__rosidl_typesupport_fastrtps_c.dir/rosidl_typesupport_fastrtps_c/turtlesim/action/detail/rotate_absolute__type_support_c.cpp.o[0m
[22.376s] [ 66%] [32mBuilding CXX object CMakeFiles/turtlesim__rosidl_typesupport_fastrtps_c.dir/rosidl_typesupport_fastrtps_c/turtlesim/srv/detail/teleport_relative__type_support_c.cpp.o[0m
[22.580s] [ 67%] [32mBuilding CXX object CMakeFiles/turtlesim__rosidl_typesupport_fastrtps_c.dir/rosidl_typesupport_fastrtps_c/turtlesim/srv/detail/teleport_absolute__type_support_c.cpp.o[0m
[22.783s] [ 68%] [32mBuilding CXX object CMakeFiles/turtlesim__rosidl_typesupport_fastrtps_c.dir/rosidl_typesupport_fastrtps_c/turtlesim/srv/detail/spawn__type_support_c.cpp.o[0m
[22.993s] [ 69%] [32mBuilding CXX object CMakeFiles/turtlesim__rosidl_typesupport_fastrtps_c.dir/rosidl_typesupport_fastrtps_c/turtlesim/srv/detail/set_pen__type_support_c.cpp.o[0m
[23.201s] [ 70%] [32mBuilding CXX object CMakeFiles/turtlesim__rosidl_typesupport_fastrtps_c.dir/rosidl_typesupport_fastrtps_c/turtlesim/srv/detail/kill__type_support_c.cpp.o[0m
[23.416s] [ 71%] [32mBuilding CXX object CMakeFiles/turtlesim__rosidl_typesupport_fastrtps_c.dir/rosidl_typesupport_fastrtps_c/turtlesim/msg/detail/pose__type_support_c.cpp.o[0m
[23.609s] [ 72%] [32mBuilding CXX object CMakeFiles/turtlesim__rosidl_typesupport_fastrtps_c.dir/rosidl_typesupport_fastrtps_c/turtlesim/msg/detail/color__type_support_c.cpp.o[0m
[23.804s] [ 73%] [32m[1mLinking CXX shared library libturtlesim__rosidl_typesupport_fastrtps_c.so[0m
[23.863s] [ 73%] Built target turtlesim__rosidl_typesupport_fastrtps_c
[23.881s] [ 74%] [32mBuilding CXX object CMakeFiles/draw_square.dir/tutorials/draw_square.cpp.o[0m
[29.717s] [ 75%] [32m[1mLinking CXX executable draw_square[0m
[30.019s] [ 75%] Built target draw_square
[30.036s] [ 75%] Built target turtlesim
[30.052s] [ 76%] [32mBuilding CXX object CMakeFiles/turtle_teleop_key.dir/tutorials/teleop_turtle_key.cpp.o[0m
[33.825s] [ 77%] [32m[1mLinking CXX executable turtle_teleop_key[0m
[34.004s] [ 77%] Built target turtle_teleop_key
[34.014s] [ 78%] [34m[1mGenerating include/turtlesim/moc_turtle_frame.cpp[0m
[34.022s] [ 79%] [34m[1mGenerating Python code for ROS interfaces[0m
[34.093s] [ 82%] [32mBuilding CXX object CMakeFiles/turtlesim_node.dir/src/turtle_frame.cpp.o[0m
[34.093s] [ 82%] [32mBuilding CXX object CMakeFiles/turtlesim_node.dir/src/turtlesim.cpp.o[0m
[34.093s] [ 83%] [32mBuilding CXX object CMakeFiles/turtlesim_node.dir/src/turtle.cpp.o[0m
[34.093s] [ 83%] [32mBuilding CXX object CMakeFiles/turtlesim_node.dir/include/turtlesim/moc_turtle_frame.cpp.o[0m
[35.903s] [ 83%] Built target turtlesim__py
[35.925s] [ 84%] [32mBuilding C object CMakeFiles/turtlesim__rosidl_generator_py.dir/rosidl_generator_py/turtlesim/msg/_pose_s.c.o[0m
[35.926s] [ 85%] [32mBuilding C object CMakeFiles/turtlesim__rosidl_generator_py.dir/rosidl_generator_py/turtlesim/srv/_kill_s.c.o[0m
[35.930s] [ 86%] [32mBuilding C object CMakeFiles/turtlesim__rosidl_generator_py.dir/rosidl_generator_py/turtlesim/msg/_color_s.c.o[0m
[35.930s] [ 87%] [32mBuilding C object CMakeFiles/turtlesim__rosidl_generator_py.dir/rosidl_generator_py/turtlesim/action/_rotate_absolute_s.c.o[0m
[36.057s] [ 88%] [32mBuilding C object CMakeFiles/turtlesim__rosidl_generator_py.dir/rosidl_generator_py/turtlesim/srv/_teleport_relative_s.c.o[0m
[36.059s] [ 89%] [32mBuilding C object CMakeFiles/turtlesim__rosidl_generator_py.dir/rosidl_generator_py/turtlesim/srv/_teleport_absolute_s.c.o[0m
[36.067s] [ 90%] [32mBuilding C object CMakeFiles/turtlesim__rosidl_generator_py.dir/rosidl_generator_py/turtlesim/srv/_spawn_s.c.o[0m
[36.105s] [ 91%] [32mBuilding C object CMakeFiles/turtlesim__rosidl_generator_py.dir/rosidl_generator_py/turtlesim/srv/_set_pen_s.c.o[0m
[36.221s] [ 92%] [32m[1mLinking C shared library rosidl_generator_py/turtlesim/libturtlesim__rosidl_generator_py.so[0m
[36.265s] [ 92%] Built target turtlesim__rosidl_generator_py
[36.287s] [ 94%] [32mBuilding C object CMakeFiles/turtlesim__rosidl_typesupport_introspection_c__pyext.dir/rosidl_generator_py/turtlesim/_turtlesim_s.ep.rosidl_typesupport_introspection_c.c.o[0m
[36.287s] [ 94%] [32mBuilding C object CMakeFiles/turtlesim__rosidl_typesupport_c__pyext.dir/rosidl_generator_py/turtlesim/_turtlesim_s.ep.rosidl_typesupport_c.c.o[0m
[36.287s] [ 95%] [32mBuilding C object CMakeFiles/turtlesim__rosidl_typesupport_fastrtps_c__pyext.dir/rosidl_generator_py/turtlesim/_turtlesim_s.ep.rosidl_typesupport_fastrtps_c.c.o[0m
[36.460s] [ 98%] [32m[1mLinking C shared library rosidl_generator_py/turtlesim/turtlesim_s__rosidl_typesupport_fastrtps_c.cpython-310-x86_64-linux-gnu.so[0m
[36.460s] [ 98%] [32m[1mLinking C shared library rosidl_generator_py/turtlesim/turtlesim_s__rosidl_typesupport_introspection_c.cpython-310-x86_64-linux-gnu.so[0m
[36.460s] [ 98%] [32m[1mLinking C shared library rosidl_generator_py/turtlesim/turtlesim_s__rosidl_typesupport_c.cpython-310-x86_64-linux-gnu.so[0m
[36.501s] [ 98%] Built target turtlesim__rosidl_typesupport_introspection_c__pyext
[36.501s] [ 98%] Built target turtlesim__rosidl_typesupport_c__pyext
[36.502s] [ 98%] Built target turtlesim__rosidl_typesupport_fastrtps_c__pyext
[44.931s] [100%] [32m[1mLinking CXX executable turtlesim_node[0m
[46.256s] [100%] Built target turtlesim_node
[46.267s] Invoked command in '/home/aaryan/ros2_ws/src/build/turtlesim' returned '0': CMAKE_PREFIX_PATH=/opt/ros/humble /usr/bin/cmake --build /home/aaryan/ros2_ws/src/build/turtlesim -- -j16 -l16
[46.268s] Invoking command in '/home/aaryan/ros2_ws/src/build/turtlesim': CMAKE_PREFIX_PATH=/opt/ros/humble /usr/bin/cmake --install /home/aaryan/ros2_ws/src/build/turtlesim
[46.274s] -- Install configuration: ""
[46.274s] -- Installing: /home/aaryan/ros2_ws/src/install/turtlesim/share/ament_index/resource_index/rosidl_interfaces/turtlesim
[46.275s] -- Installing: /home/aaryan/ros2_ws/src/install/turtlesim/include/turtlesim/turtlesim
[46.275s] -- Installing: /home/aaryan/ros2_ws/src/install/turtlesim/include/turtlesim/turtlesim/srv
[46.275s] -- Installing: /home/aaryan/ros2_ws/src/install/turtlesim/include/turtlesim/turtlesim/srv/spawn.h
[46.275s] -- Installing: /home/aaryan/ros2_ws/src/install/turtlesim/include/turtlesim/turtlesim/srv/set_pen.h
[46.275s] -- Installing: /home/aaryan/ros2_ws/src/install/turtlesim/include/turtlesim/turtlesim/srv/kill.h
[46.275s] -- Installing: /home/aaryan/ros2_ws/src/install/turtlesim/include/turtlesim/turtlesim/srv/teleport_relative.h
[46.275s] -- Installing: /home/aaryan/ros2_ws/src/install/turtlesim/include/turtlesim/turtlesim/srv/detail
[46.275s] -- Installing: /home/aaryan/ros2_ws/src/install/turtlesim/include/turtlesim/turtlesim/srv/detail/teleport_relative__struct.h
[46.275s] -- Installing: /home/aaryan/ros2_ws/src/install/turtlesim/include/turtlesim/turtlesim/srv/detail/kill__type_support.h
[46.275s] -- Installing: /home/aaryan/ros2_ws/src/install/turtlesim/include/turtlesim/turtlesim/srv/detail/set_pen__functions.c
[46.275s] -- Installing: /home/aaryan/ros2_ws/src/install/turtlesim/include/turtlesim/turtlesim/srv/detail/spawn__type_support.h
[46.276s] -- Installing: /home/aaryan/ros2_ws/src/install/turtlesim/include/turtlesim/turtlesim/srv/detail/spawn__struct.h
[46.276s] -- Installing: /home/aaryan/ros2_ws/src/install/turtlesim/include/turtlesim/turtlesim/srv/detail/spawn__functions.h
[46.276s] -- Installing: /home/aaryan/ros2_ws/src/install/turtlesim/include/turtlesim/turtlesim/srv/detail/kill__functions.c
[46.276s] -- Installing: /home/aaryan/ros2_ws/src/install/turtlesim/include/turtlesim/turtlesim/srv/detail/set_pen__type_support.h
[46.276s] -- Installing: /home/aaryan/ros2_ws/src/install/turtlesim/include/turtlesim/turtlesim/srv/detail/set_pen__functions.h
[46.276s] -- Installing: /home/aaryan/ros2_ws/src/install/turtlesim/include/turtlesim/turtlesim/srv/detail/teleport_absolute__struct.h
[46.276s] -- Installing: /home/aaryan/ros2_ws/src/install/turtlesim/include/turtlesim/turtlesim/srv/detail/teleport_relative__functions.h
[46.276s] -- Installing: /home/aaryan/ros2_ws/src/install/turtlesim/include/turtlesim/turtlesim/srv/detail/teleport_absolute__type_support.h
[46.276s] -- Installing: /home/aaryan/ros2_ws/src/install/turtlesim/include/turtlesim/turtlesim/srv/detail/teleport_absolute__functions.c
[46.276s] -- Installing: /home/aaryan/ros2_ws/src/install/turtlesim/include/turtlesim/turtlesim/srv/detail/kill__struct.h
[46.276s] -- Installing: /home/aaryan/ros2_ws/src/install/turtlesim/include/turtlesim/turtlesim/srv/detail/spawn__functions.c
[46.276s] -- Installing: /home/aaryan/ros2_ws/src/install/turtlesim/include/turtlesim/turtlesim/srv/detail/kill__functions.h
[46.276s] -- Installing: /home/aaryan/ros2_ws/src/install/turtlesim/include/turtlesim/turtlesim/srv/detail/teleport_absolute__functions.h
[46.277s] -- Installing: /home/aaryan/ros2_ws/src/install/turtlesim/include/turtlesim/turtlesim/srv/detail/set_pen__struct.h
[46.277s] -- Installing: /home/aaryan/ros2_ws/src/install/turtlesim/include/turtlesim/turtlesim/srv/detail/teleport_relative__functions.c
[46.277s] -- Installing: /home/aaryan/ros2_ws/src/install/turtlesim/include/turtlesim/turtlesim/srv/detail/teleport_relative__type_support.h
[46.277s] -- Installing: /home/aaryan/ros2_ws/src/install/turtlesim/include/turtlesim/turtlesim/srv/teleport_absolute.h
[46.277s] -- Installing: /home/aaryan/ros2_ws/src/install/turtlesim/include/turtlesim/turtlesim/action
[46.277s] -- Installing: /home/aaryan/ros2_ws/src/install/turtlesim/include/turtlesim/turtlesim/action/detail
[46.277s] -- Installing: /home/aaryan/ros2_ws/src/install/turtlesim/include/turtlesim/turtlesim/action/detail/rotate_absolute__struct.h
[46.277s] -- Installing: /home/aaryan/ros2_ws/src/install/turtlesim/include/turtlesim/turtlesim/action/detail/rotate_absolute__functions.c
[46.277s] -- Installing: /home/aaryan/ros2_ws/src/install/turtlesim/include/turtlesim/turtlesim/action/detail/rotate_absolute__functions.h
[46.277s] -- Installing: /home/aaryan/ros2_ws/src/install/turtlesim/include/turtlesim/turtlesim/action/detail/rotate_absolute__type_support.h
[46.277s] -- Installing: /home/aaryan/ros2_ws/src/install/turtlesim/include/turtlesim/turtlesim/action/rotate_absolute.h
[46.277s] -- Installing: /home/aaryan/ros2_ws/src/install/turtlesim/include/turtlesim/turtlesim/msg
[46.277s] -- Installing: /home/aaryan/ros2_ws/src/install/turtlesim/include/turtlesim/turtlesim/msg/pose.h
[46.277s] -- Installing: /home/aaryan/ros2_ws/src/install/turtlesim/include/turtlesim/turtlesim/msg/rosidl_generator_c__visibility_control.h
[46.277s] -- Installing: /home/aaryan/ros2_ws/src/install/turtlesim/include/turtlesim/turtlesim/msg/detail
[46.277s] -- Installing: /home/aaryan/ros2_ws/src/install/turtlesim/include/turtlesim/turtlesim/msg/detail/color__functions.h
[46.277s] -- Installing: /home/aaryan/ros2_ws/src/install/turtlesim/include/turtlesim/turtlesim/msg/detail/pose__type_support.h
[46.277s] -- Installing: /home/aaryan/ros2_ws/src/install/turtlesim/include/turtlesim/turtlesim/msg/detail/pose__functions.c
[46.277s] -- Installing: /home/aaryan/ros2_ws/src/install/turtlesim/include/turtlesim/turtlesim/msg/detail/pose__functions.h
[46.278s] -- Installing: /home/aaryan/ros2_ws/src/install/turtlesim/include/turtlesim/turtlesim/msg/detail/pose__struct.h
[46.278s] -- Installing: /home/aaryan/ros2_ws/src/install/turtlesim/include/turtlesim/turtlesim/msg/detail/color__struct.h
[46.278s] -- Installing: /home/aaryan/ros2_ws/src/install/turtlesim/include/turtlesim/turtlesim/msg/detail/color__functions.c
[46.278s] -- Installing: /home/aaryan/ros2_ws/src/install/turtlesim/include/turtlesim/turtlesim/msg/detail/color__type_support.h
[46.278s] -- Installing: /home/aaryan/ros2_ws/src/install/turtlesim/include/turtlesim/turtlesim/msg/color.h
[46.278s] -- Installing: /home/aaryan/ros2_ws/src/install/turtlesim/share/turtlesim/environment/library_path.sh
[46.278s] -- Installing: /home/aaryan/ros2_ws/src/install/turtlesim/share/turtlesim/environment/library_path.dsv
[46.278s] -- Installing: /home/aaryan/ros2_ws/src/install/turtlesim/lib/libturtlesim__rosidl_generator_c.so
[46.278s] -- Set runtime path of "/home/aaryan/ros2_ws/src/install/turtlesim/lib/libturtlesim__rosidl_generator_c.so" to ""
[46.278s] -- Up-to-date: /home/aaryan/ros2_ws/src/install/turtlesim/include/turtlesim/turtlesim
[46.278s] -- Up-to-date: /home/aaryan/ros2_ws/src/install/turtlesim/include/turtlesim/turtlesim/srv
[46.278s] -- Up-to-date: /home/aaryan/ros2_ws/src/install/turtlesim/include/turtlesim/turtlesim/srv/detail
[46.278s] -- Installing: /home/aaryan/ros2_ws/src/install/turtlesim/include/turtlesim/turtlesim/srv/detail/teleport_absolute__rosidl_typesupport_fastrtps_c.h
[46.278s] -- Installing: /home/aaryan/ros2_ws/src/install/turtlesim/include/turtlesim/turtlesim/srv/detail/spawn__rosidl_typesupport_fastrtps_c.h
[46.278s] -- Installing: /home/aaryan/ros2_ws/src/install/turtlesim/include/turtlesim/turtlesim/srv/detail/kill__rosidl_typesupport_fastrtps_c.h
[46.278s] -- Installing: /home/aaryan/ros2_ws/src/install/turtlesim/include/turtlesim/turtlesim/srv/detail/set_pen__rosidl_typesupport_fastrtps_c.h
[46.278s] -- Installing: /home/aaryan/ros2_ws/src/install/turtlesim/include/turtlesim/turtlesim/srv/detail/teleport_relative__rosidl_typesupport_fastrtps_c.h
[46.278s] -- Up-to-date: /home/aaryan/ros2_ws/src/install/turtlesim/include/turtlesim/turtlesim/action
[46.278s] -- Up-to-date: /home/aaryan/ros2_ws/src/install/turtlesim/include/turtlesim/turtlesim/action/detail
[46.278s] -- Installing: /home/aaryan/ros2_ws/src/install/turtlesim/include/turtlesim/turtlesim/action/detail/rotate_absolute__rosidl_typesupport_fastrtps_c.h
[46.278s] -- Up-to-date: /home/aaryan/ros2_ws/src/install/turtlesim/include/turtlesim/turtlesim/msg
[46.278s] -- Installing: /home/aaryan/ros2_ws/src/install/turtlesim/include/turtlesim/turtlesim/msg/rosidl_typesupport_fastrtps_c__visibility_control.h
[46.278s] -- Up-to-date: /home/aaryan/ros2_ws/src/install/turtlesim/include/turtlesim/turtlesim/msg/detail
[46.278s] -- Installing: /home/aaryan/ros2_ws/src/install/turtlesim/include/turtlesim/turtlesim/msg/detail/pose__rosidl_typesupport_fastrtps_c.h
[46.278s] -- Installing: /home/aaryan/ros2_ws/src/install/turtlesim/include/turtlesim/turtlesim/msg/detail/color__rosidl_typesupport_fastrtps_c.h
[46.278s] -- Installing: /home/aaryan/ros2_ws/src/install/turtlesim/lib/libturtlesim__rosidl_typesupport_fastrtps_c.so
[46.278s] -- Set runtime path of "/home/aaryan/ros2_ws/src/install/turtlesim/lib/libturtlesim__rosidl_typesupport_fastrtps_c.so" to ""
[46.278s] -- Up-to-date: /home/aaryan/ros2_ws/src/install/turtlesim/include/turtlesim/turtlesim
[46.278s] -- Up-to-date: /home/aaryan/ros2_ws/src/install/turtlesim/include/turtlesim/turtlesim/srv
[46.278s] -- Installing: /home/aaryan/ros2_ws/src/install/turtlesim/include/turtlesim/turtlesim/srv/set_pen.hpp
[46.278s] -- Installing: /home/aaryan/ros2_ws/src/install/turtlesim/include/turtlesim/turtlesim/srv/spawn.hpp
[46.279s] -- Installing: /home/aaryan/ros2_ws/src/install/turtlesim/include/turtlesim/turtlesim/srv/teleport_absolute.hpp
[46.279s] -- Installing: /home/aaryan/ros2_ws/src/install/turtlesim/include/turtlesim/turtlesim/srv/kill.hpp
[46.279s] -- Up-to-date: /home/aaryan/ros2_ws/src/install/turtlesim/include/turtlesim/turtlesim/srv/detail
[46.279s] -- Installing: /home/aaryan/ros2_ws/src/install/turtlesim/include/turtlesim/turtlesim/srv/detail/teleport_relative__builder.hpp
[46.279s] -- Installing: /home/aaryan/ros2_ws/src/install/turtlesim/include/turtlesim/turtlesim/srv/detail/teleport_relative__type_support.hpp
[46.279s] -- Installing: /home/aaryan/ros2_ws/src/install/turtlesim/include/turtlesim/turtlesim/srv/detail/spawn__traits.hpp
[46.279s] -- Installing: /home/aaryan/ros2_ws/src/install/turtlesim/include/turtlesim/turtlesim/srv/detail/set_pen__type_support.hpp
[46.279s] -- Installing: /home/aaryan/ros2_ws/src/install/turtlesim/include/turtlesim/turtlesim/srv/detail/teleport_absolute__traits.hpp
[46.279s] -- Installing: /home/aaryan/ros2_ws/src/install/turtlesim/include/turtlesim/turtlesim/srv/detail/teleport_absolute__type_support.hpp
[46.279s] -- Installing: /home/aaryan/ros2_ws/src/install/turtlesim/include/turtlesim/turtlesim/srv/detail/set_pen__struct.hpp
[46.279s] -- Installing: /home/aaryan/ros2_ws/src/install/turtlesim/include/turtlesim/turtlesim/srv/detail/kill__builder.hpp
[46.279s] -- Installing: /home/aaryan/ros2_ws/src/install/turtlesim/include/turtlesim/turtlesim/srv/detail/kill__traits.hpp
[46.279s] -- Installing: /home/aaryan/ros2_ws/src/install/turtlesim/include/turtlesim/turtlesim/srv/detail/teleport_absolute__builder.hpp
[46.279s] -- Installing: /home/aaryan/ros2_ws/src/install/turtlesim/include/turtlesim/turtlesim/srv/detail/teleport_absolute__struct.hpp
[46.279s] -- Installing: /home/aaryan/ros2_ws/src/install/turtlesim/include/turtlesim/turtlesim/srv/detail/set_pen__builder.hpp
[46.279s] -- Installing: /home/aaryan/ros2_ws/src/install/turtlesim/include/turtlesim/turtlesim/srv/detail/kill__type_support.hpp
[46.279s] -- Installing: /home/aaryan/ros2_ws/src/install/turtlesim/include/turtlesim/turtlesim/srv/detail/spawn__struct.hpp
[46.279s] -- Installing: /home/aaryan/ros2_ws/src/install/turtlesim/include/turtlesim/turtlesim/srv/detail/set_pen__traits.hpp
[46.279s] -- Installing: /home/aaryan/ros2_ws/src/install/turtlesim/include/turtlesim/turtlesim/srv/detail/kill__struct.hpp
[46.279s] -- Installing: /home/aaryan/ros2_ws/src/install/turtlesim/include/turtlesim/turtlesim/srv/detail/teleport_relative__traits.hpp
[46.279s] -- Installing: /home/aaryan/ros2_ws/src/install/turtlesim/include/turtlesim/turtlesim/srv/detail/spawn__type_support.hpp
[46.279s] -- Installing: /home/aaryan/ros2_ws/src/install/turtlesim/include/turtlesim/turtlesim/srv/detail/teleport_relative__struct.hpp
[46.279s] -- Installing: /home/aaryan/ros2_ws/src/install/turtlesim/include/turtlesim/turtlesim/srv/detail/spawn__builder.hpp
[46.279s] -- Installing: /home/aaryan/ros2_ws/src/install/turtlesim/include/turtlesim/turtlesim/srv/teleport_relative.hpp
[46.279s] -- Up-to-date: /home/aaryan/ros2_ws/src/install/turtlesim/include/turtlesim/turtlesim/action
[46.279s] -- Installing: /home/aaryan/ros2_ws/src/install/turtlesim/include/turtlesim/turtlesim/action/rotate_absolute.hpp
[46.279s] -- Up-to-date: /home/aaryan/ros2_ws/src/install/turtlesim/include/turtlesim/turtlesim/action/detail
[46.279s] -- Installing: /home/aaryan/ros2_ws/src/install/turtlesim/include/turtlesim/turtlesim/action/detail/rotate_absolute__traits.hpp
[46.279s] -- Installing: /home/aaryan/ros2_ws/src/install/turtlesim/include/turtlesim/turtlesim/action/detail/rotate_absolute__type_support.hpp
[46.279s] -- Installing: /home/aaryan/ros2_ws/src/install/turtlesim/include/turtlesim/turtlesim/action/detail/rotate_absolute__builder.hpp
[46.279s] -- Installing: /home/aaryan/ros2_ws/src/install/turtlesim/include/turtlesim/turtlesim/action/detail/rotate_absolute__struct.hpp
[46.279s] -- Up-to-date: /home/aaryan/ros2_ws/src/install/turtlesim/include/turtlesim/turtlesim/msg
[46.280s] -- Installing: /home/aaryan/ros2_ws/src/install/turtlesim/include/turtlesim/turtlesim/msg/pose.hpp
[46.280s] -- Installing: /home/aaryan/ros2_ws/src/install/turtlesim/include/turtlesim/turtlesim/msg/rosidl_generator_cpp__visibility_control.hpp
[46.280s] -- Installing: /home/aaryan/ros2_ws/src/install/turtlesim/include/turtlesim/turtlesim/msg/color.hpp
[46.280s] -- Up-to-date: /home/aaryan/ros2_ws/src/install/turtlesim/include/turtlesim/turtlesim/msg/detail
[46.280s] -- Installing: /home/aaryan/ros2_ws/src/install/turtlesim/include/turtlesim/turtlesim/msg/detail/pose__struct.hpp
[46.280s] -- Installing: /home/aaryan/ros2_ws/src/install/turtlesim/include/turtlesim/turtlesim/msg/detail/color__struct.hpp
[46.280s] -- Installing: /home/aaryan/ros2_ws/src/install/turtlesim/include/turtlesim/turtlesim/msg/detail/color__type_support.hpp
[46.280s] -- Installing: /home/aaryan/ros2_ws/src/install/turtlesim/include/turtlesim/turtlesim/msg/detail/color__traits.hpp
[46.280s] -- Installing: /home/aaryan/ros2_ws/src/install/turtlesim/include/turtlesim/turtlesim/msg/detail/color__builder.hpp
[46.280s] -- Installing: /home/aaryan/ros2_ws/src/install/turtlesim/include/turtlesim/turtlesim/msg/detail/pose__traits.hpp
[46.280s] -- Installing: /home/aaryan/ros2_ws/src/install/turtlesim/include/turtlesim/turtlesim/msg/detail/pose__builder.hpp
[46.280s] -- Installing: /home/aaryan/ros2_ws/src/install/turtlesim/include/turtlesim/turtlesim/msg/detail/pose__type_support.hpp
[46.280s] -- Up-to-date: /home/aaryan/ros2_ws/src/install/turtlesim/include/turtlesim/turtlesim
[46.280s] -- Up-to-date: /home/aaryan/ros2_ws/src/install/turtlesim/include/turtlesim/turtlesim/srv
[46.280s] -- Up-to-date: /home/aaryan/ros2_ws/src/install/turtlesim/include/turtlesim/turtlesim/srv/detail
[46.280s] -- Installing: /home/aaryan/ros2_ws/src/install/turtlesim/include/turtlesim/turtlesim/srv/detail/dds_fastrtps
[46.280s] -- Installing: /home/aaryan/ros2_ws/src/install/turtlesim/include/turtlesim/turtlesim/srv/detail/spawn__rosidl_typesupport_fastrtps_cpp.hpp
[46.280s] -- Installing: /home/aaryan/ros2_ws/src/install/turtlesim/include/turtlesim/turtlesim/srv/detail/kill__rosidl_typesupport_fastrtps_cpp.hpp
[46.280s] -- Installing: /home/aaryan/ros2_ws/src/install/turtlesim/include/turtlesim/turtlesim/srv/detail/teleport_relative__rosidl_typesupport_fastrtps_cpp.hpp
[46.280s] -- Installing: /home/aaryan/ros2_ws/src/install/turtlesim/include/turtlesim/turtlesim/srv/detail/teleport_absolute__rosidl_typesupport_fastrtps_cpp.hpp
[46.280s] -- Installing: /home/aaryan/ros2_ws/src/install/turtlesim/include/turtlesim/turtlesim/srv/detail/set_pen__rosidl_typesupport_fastrtps_cpp.hpp
[46.280s] -- Up-to-date: /home/aaryan/ros2_ws/src/install/turtlesim/include/turtlesim/turtlesim/action
[46.280s] -- Up-to-date: /home/aaryan/ros2_ws/src/install/turtlesim/include/turtlesim/turtlesim/action/detail
[46.280s] -- Installing: /home/aaryan/ros2_ws/src/install/turtlesim/include/turtlesim/turtlesim/action/detail/dds_fastrtps
[46.280s] -- Installing: /home/aaryan/ros2_ws/src/install/turtlesim/include/turtlesim/turtlesim/action/detail/rotate_absolute__rosidl_typesupport_fastrtps_cpp.hpp
[46.280s] -- Up-to-date: /home/aaryan/ros2_ws/src/install/turtlesim/include/turtlesim/turtlesim/msg
[46.280s] -- Installing: /home/aaryan/ros2_ws/src/install/turtlesim/include/turtlesim/turtlesim/msg/rosidl_typesupport_fastrtps_cpp__visibility_control.h
[46.280s] -- Up-to-date: /home/aaryan/ros2_ws/src/install/turtlesim/include/turtlesim/turtlesim/msg/detail
[46.280s] -- Installing: /home/aaryan/ros2_ws/src/install/turtlesim/include/turtlesim/turtlesim/msg/detail/dds_fastrtps
[46.280s] -- Installing: /home/aaryan/ros2_ws/src/install/turtlesim/include/turtlesim/turtlesim/msg/detail/color__rosidl_typesupport_fastrtps_cpp.hpp
[46.280s] -- Installing: /home/aaryan/ros2_ws/src/install/turtlesim/include/turtlesim/turtlesim/msg/detail/pose__rosidl_typesupport_fastrtps_cpp.hpp
[46.280s] -- Installing: /home/aaryan/ros2_ws/src/install/turtlesim/lib/libturtlesim__rosidl_typesupport_fastrtps_cpp.so
[46.281s] -- Set runtime path of "/home/aaryan/ros2_ws/src/install/turtlesim/lib/libturtlesim__rosidl_typesupport_fastrtps_cpp.so" to ""
[46.281s] -- Up-to-date: /home/aaryan/ros2_ws/src/install/turtlesim/include/turtlesim/turtlesim
[46.281s] -- Up-to-date: /home/aaryan/ros2_ws/src/install/turtlesim/include/turtlesim/turtlesim/srv
[46.281s] -- Up-to-date: /home/aaryan/ros2_ws/src/install/turtlesim/include/turtlesim/turtlesim/srv/detail
[46.281s] -- Installing: /home/aaryan/ros2_ws/src/install/turtlesim/include/turtlesim/turtlesim/srv/detail/teleport_absolute__type_support.c
[46.281s] -- Installing: /home/aaryan/ros2_ws/src/install/turtlesim/include/turtlesim/turtlesim/srv/detail/kill__rosidl_typesupport_introspection_c.h
[46.281s] -- Installing: /home/aaryan/ros2_ws/src/install/turtlesim/include/turtlesim/turtlesim/srv/detail/kill__type_support.c
[46.281s] -- Installing: /home/aaryan/ros2_ws/src/install/turtlesim/include/turtlesim/turtlesim/srv/detail/set_pen__rosidl_typesupport_introspection_c.h
[46.281s] -- Installing: /home/aaryan/ros2_ws/src/install/turtlesim/include/turtlesim/turtlesim/srv/detail/spawn__type_support.c
[46.281s] -- Installing: /home/aaryan/ros2_ws/src/install/turtlesim/include/turtlesim/turtlesim/srv/detail/teleport_absolute__rosidl_typesupport_introspection_c.h
[46.281s] -- Installing: /home/aaryan/ros2_ws/src/install/turtlesim/include/turtlesim/turtlesim/srv/detail/set_pen__type_support.c
[46.281s] -- Installing: /home/aaryan/ros2_ws/src/install/turtlesim/include/turtlesim/turtlesim/srv/detail/spawn__rosidl_typesupport_introspection_c.h
[46.281s] -- Installing: /home/aaryan/ros2_ws/src/install/turtlesim/include/turtlesim/turtlesim/srv/detail/teleport_relative__type_support.c
[46.281s] -- Installing: /home/aaryan/ros2_ws/src/install/turtlesim/include/turtlesim/turtlesim/srv/detail/teleport_relative__rosidl_typesupport_introspection_c.h
[46.281s] -- Up-to-date: /home/aaryan/ros2_ws/src/install/turtlesim/include/turtlesim/turtlesim/action
[46.281s] -- Up-to-date: /home/aaryan/ros2_ws/src/install/turtlesim/include/turtlesim/turtlesim/action/detail
[46.281s] -- Installing: /home/aaryan/ros2_ws/src/install/turtlesim/include/turtlesim/turtlesim/action/detail/rotate_absolute__type_support.c
[46.281s] -- Installing: /home/aaryan/ros2_ws/src/install/turtlesim/include/turtlesim/turtlesim/action/detail/rotate_absolute__rosidl_typesupport_introspection_c.h
[46.281s] -- Up-to-date: /home/aaryan/ros2_ws/src/install/turtlesim/include/turtlesim/turtlesim/msg
[46.281s] -- Installing: /home/aaryan/ros2_ws/src/install/turtlesim/include/turtlesim/turtlesim/msg/rosidl_typesupport_introspection_c__visibility_control.h
[46.281s] -- Up-to-date: /home/aaryan/ros2_ws/src/install/turtlesim/include/turtlesim/turtlesim/msg/detail
[46.281s] -- Installing: /home/aaryan/ros2_ws/src/install/turtlesim/include/turtlesim/turtlesim/msg/detail/color__rosidl_typesupport_introspection_c.h
[46.281s] -- Installing: /home/aaryan/ros2_ws/src/install/turtlesim/include/turtlesim/turtlesim/msg/detail/color__type_support.c
[46.281s] -- Installing: /home/aaryan/ros2_ws/src/install/turtlesim/include/turtlesim/turtlesim/msg/detail/pose__type_support.c
[46.281s] -- Installing: /home/aaryan/ros2_ws/src/install/turtlesim/include/turtlesim/turtlesim/msg/detail/pose__rosidl_typesupport_introspection_c.h
[46.281s] -- Installing: /home/aaryan/ros2_ws/src/install/turtlesim/lib/libturtlesim__rosidl_typesupport_introspection_c.so
[46.281s] -- Set runtime path of "/home/aaryan/ros2_ws/src/install/turtlesim/lib/libturtlesim__rosidl_typesupport_introspection_c.so" to ""
[46.281s] -- Installing: /home/aaryan/ros2_ws/src/install/turtlesim/lib/libturtlesim__rosidl_typesupport_c.so
[46.281s] -- Set runtime path of "/home/aaryan/ros2_ws/src/install/turtlesim/lib/libturtlesim__rosidl_typesupport_c.so" to ""
[46.281s] -- Up-to-date: /home/aaryan/ros2_ws/src/install/turtlesim/include/turtlesim/turtlesim
[46.281s] -- Up-to-date: /home/aaryan/ros2_ws/src/install/turtlesim/include/turtlesim/turtlesim/srv
[46.281s] -- Up-to-date: /home/aaryan/ros2_ws/src/install/turtlesim/include/turtlesim/turtlesim/srv/detail
[46.282s] -- Installing: /home/aaryan/ros2_ws/src/install/turtlesim/include/turtlesim/turtlesim/srv/detail/set_pen__type_support.cpp
[46.282s] -- Installing: /home/aaryan/ros2_ws/src/install/turtlesim/include/turtlesim/turtlesim/srv/detail/kill__type_support.cpp
[46.282s] -- Installing: /home/aaryan/ros2_ws/src/install/turtlesim/include/turtlesim/turtlesim/srv/detail/teleport_absolute__rosidl_typesupport_introspection_cpp.hpp
[46.282s] -- Installing: /home/aaryan/ros2_ws/src/install/turtlesim/include/turtlesim/turtlesim/srv/detail/set_pen__rosidl_typesupport_introspection_cpp.hpp
[46.282s] -- Installing: /home/aaryan/ros2_ws/src/install/turtlesim/include/turtlesim/turtlesim/srv/detail/teleport_relative__rosidl_typesupport_introspection_cpp.hpp
[46.282s] -- Installing: /home/aaryan/ros2_ws/src/install/turtlesim/include/turtlesim/turtlesim/srv/detail/spawn__rosidl_typesupport_introspection_cpp.hpp
[46.282s] -- Installing: /home/aaryan/ros2_ws/src/install/turtlesim/include/turtlesim/turtlesim/srv/detail/spawn__type_support.cpp
[46.282s] -- Installing: /home/aaryan/ros2_ws/src/install/turtlesim/include/turtlesim/turtlesim/srv/detail/teleport_relative__type_support.cpp
[46.282s] -- Installing: /home/aaryan/ros2_ws/src/install/turtlesim/include/turtlesim/turtlesim/srv/detail/teleport_absolute__type_support.cpp
[46.282s] -- Installing: /home/aaryan/ros2_ws/src/install/turtlesim/include/turtlesim/turtlesim/srv/detail/kill__rosidl_typesupport_introspection_cpp.hpp
[46.282s] -- Up-to-date: /home/aaryan/ros2_ws/src/install/turtlesim/include/turtlesim/turtlesim/action
[46.282s] -- Up-to-date: /home/aaryan/ros2_ws/src/install/turtlesim/include/turtlesim/turtlesim/action/detail
[46.282s] -- Installing: /home/aaryan/ros2_ws/src/install/turtlesim/include/turtlesim/turtlesim/action/detail/rotate_absolute__type_support.cpp
[46.282s] -- Installing: /home/aaryan/ros2_ws/src/install/turtlesim/include/turtlesim/turtlesim/action/detail/rotate_absolute__rosidl_typesupport_introspection_cpp.hpp
[46.282s] -- Up-to-date: /home/aaryan/ros2_ws/src/install/turtlesim/include/turtlesim/turtlesim/msg
[46.282s] -- Up-to-date: /home/aaryan/ros2_ws/src/install/turtlesim/include/turtlesim/turtlesim/msg/detail
[46.282s] -- Installing: /home/aaryan/ros2_ws/src/install/turtlesim/include/turtlesim/turtlesim/msg/detail/pose__type_support.cpp
[46.282s] -- Installing: /home/aaryan/ros2_ws/src/install/turtlesim/include/turtlesim/turtlesim/msg/detail/color__type_support.cpp
[46.282s] -- Installing: /home/aaryan/ros2_ws/src/install/turtlesim/include/turtlesim/turtlesim/msg/detail/color__rosidl_typesupport_introspection_cpp.hpp
[46.282s] -- Installing: /home/aaryan/ros2_ws/src/install/turtlesim/include/turtlesim/turtlesim/msg/detail/pose__rosidl_typesupport_introspection_cpp.hpp
[46.282s] -- Installing: /home/aaryan/ros2_ws/src/install/turtlesim/lib/libturtlesim__rosidl_typesupport_introspection_cpp.so
[46.282s] -- Set runtime path of "/home/aaryan/ros2_ws/src/install/turtlesim/lib/libturtlesim__rosidl_typesupport_introspection_cpp.so" to ""
[46.282s] -- Installing: /home/aaryan/ros2_ws/src/install/turtlesim/lib/libturtlesim__rosidl_typesupport_cpp.so
[46.282s] -- Set runtime path of "/home/aaryan/ros2_ws/src/install/turtlesim/lib/libturtlesim__rosidl_typesupport_cpp.so" to ""
[46.282s] -- Installing: /home/aaryan/ros2_ws/src/install/turtlesim/share/turtlesim/environment/pythonpath.sh
[46.282s] -- Installing: /home/aaryan/ros2_ws/src/install/turtlesim/share/turtlesim/environment/pythonpath.dsv
[46.282s] -- Installing: /home/aaryan/ros2_ws/src/install/turtlesim/local/lib/python3.10/dist-packages/turtlesim-1.4.3-py3.10.egg-info
[46.282s] -- Installing: /home/aaryan/ros2_ws/src/install/turtlesim/local/lib/python3.10/dist-packages/turtlesim-1.4.3-py3.10.egg-info/SOURCES.txt
[46.282s] -- Installing: /home/aaryan/ros2_ws/src/install/turtlesim/local/lib/python3.10/dist-packages/turtlesim-1.4.3-py3.10.egg-info/top_level.txt
[46.282s] -- Installing: /home/aaryan/ros2_ws/src/install/turtlesim/local/lib/python3.10/dist-packages/turtlesim-1.4.3-py3.10.egg-info/PKG-INFO
[46.283s] -- Installing: /home/aaryan/ros2_ws/src/install/turtlesim/local/lib/python3.10/dist-packages/turtlesim-1.4.3-py3.10.egg-info/dependency_links.txt
[46.283s] -- Installing: /home/aaryan/ros2_ws/src/install/turtlesim/local/lib/python3.10/dist-packages/turtlesim
[46.283s] -- Installing: /home/aaryan/ros2_ws/src/install/turtlesim/local/lib/python3.10/dist-packages/turtlesim/_turtlesim_s.ep.rosidl_typesupport_c.c
[46.283s] -- Installing: /home/aaryan/ros2_ws/src/install/turtlesim/local/lib/python3.10/dist-packages/turtlesim/srv
[46.283s] -- Installing: /home/aaryan/ros2_ws/src/install/turtlesim/local/lib/python3.10/dist-packages/turtlesim/srv/_teleport_absolute_s.c
[46.283s] -- Installing: /home/aaryan/ros2_ws/src/install/turtlesim/local/lib/python3.10/dist-packages/turtlesim/srv/_spawn_s.c
[46.283s] -- Installing: /home/aaryan/ros2_ws/src/install/turtlesim/local/lib/python3.10/dist-packages/turtlesim/srv/_teleport_relative.py
[46.283s] -- Installing: /home/aaryan/ros2_ws/src/install/turtlesim/local/lib/python3.10/dist-packages/turtlesim/srv/_kill_s.c
[46.283s] -- Installing: /home/aaryan/ros2_ws/src/install/turtlesim/local/lib/python3.10/dist-packages/turtlesim/srv/_set_pen.py
[46.283s] -- Installing: /home/aaryan/ros2_ws/src/install/turtlesim/local/lib/python3.10/dist-packages/turtlesim/srv/_teleport_relative_s.c
[46.283s] -- Installing: /home/aaryan/ros2_ws/src/install/turtlesim/local/lib/python3.10/dist-packages/turtlesim/srv/_spawn.py
[46.283s] -- Installing: /home/aaryan/ros2_ws/src/install/turtlesim/local/lib/python3.10/dist-packages/turtlesim/srv/_teleport_absolute.py
[46.283s] -- Installing: /home/aaryan/ros2_ws/src/install/turtlesim/local/lib/python3.10/dist-packages/turtlesim/srv/_kill.py
[46.283s] -- Installing: /home/aaryan/ros2_ws/src/install/turtlesim/local/lib/python3.10/dist-packages/turtlesim/srv/__init__.py
[46.283s] -- Installing: /home/aaryan/ros2_ws/src/install/turtlesim/local/lib/python3.10/dist-packages/turtlesim/srv/_set_pen_s.c
[46.283s] -- Installing: /home/aaryan/ros2_ws/src/install/turtlesim/local/lib/python3.10/dist-packages/turtlesim/turtlesim_s__rosidl_typesupport_introspection_c.cpython-310-x86_64-linux-gnu.so
[46.283s] -- Installing: /home/aaryan/ros2_ws/src/install/turtlesim/local/lib/python3.10/dist-packages/turtlesim/_turtlesim_s.ep.rosidl_typesupport_introspection_c.c
[46.283s] -- Installing: /home/aaryan/ros2_ws/src/install/turtlesim/local/lib/python3.10/dist-packages/turtlesim/turtlesim_s__rosidl_typesupport_c.cpython-310-x86_64-linux-gnu.so
[46.283s] -- Installing: /home/aaryan/ros2_ws/src/install/turtlesim/local/lib/python3.10/dist-packages/turtlesim/turtlesim_s__rosidl_typesupport_fastrtps_c.cpython-310-x86_64-linux-gnu.so
[46.283s] -- Installing: /home/aaryan/ros2_ws/src/install/turtlesim/local/lib/python3.10/dist-packages/turtlesim/action
[46.283s] -- Installing: /home/aaryan/ros2_ws/src/install/turtlesim/local/lib/python3.10/dist-packages/turtlesim/action/_rotate_absolute.py
[46.284s] -- Installing: /home/aaryan/ros2_ws/src/install/turtlesim/local/lib/python3.10/dist-packages/turtlesim/action/_rotate_absolute_s.c
[46.284s] -- Installing: /home/aaryan/ros2_ws/src/install/turtlesim/local/lib/python3.10/dist-packages/turtlesim/action/__init__.py
[46.284s] -- Installing: /home/aaryan/ros2_ws/src/install/turtlesim/local/lib/python3.10/dist-packages/turtlesim/msg
[46.284s] -- Installing: /home/aaryan/ros2_ws/src/install/turtlesim/local/lib/python3.10/dist-packages/turtlesim/msg/_pose.py
[46.284s] -- Installing: /home/aaryan/ros2_ws/src/install/turtlesim/local/lib/python3.10/dist-packages/turtlesim/msg/_color.py
[46.284s] -- Installing: /home/aaryan/ros2_ws/src/install/turtlesim/local/lib/python3.10/dist-packages/turtlesim/msg/_pose_s.c
[46.284s] -- Installing: /home/aaryan/ros2_ws/src/install/turtlesim/local/lib/python3.10/dist-packages/turtlesim/msg/_color_s.c
[46.284s] -- Installing: /home/aaryan/ros2_ws/src/install/turtlesim/local/lib/python3.10/dist-packages/turtlesim/msg/__init__.py
[46.284s] -- Installing: /home/aaryan/ros2_ws/src/install/turtlesim/local/lib/python3.10/dist-packages/turtlesim/libturtlesim__rosidl_generator_py.so
[46.284s] -- Installing: /home/aaryan/ros2_ws/src/install/turtlesim/local/lib/python3.10/dist-packages/turtlesim/__init__.py
[46.284s] -- Installing: /home/aaryan/ros2_ws/src/install/turtlesim/local/lib/python3.10/dist-packages/turtlesim/_turtlesim_s.ep.rosidl_typesupport_fastrtps_c.c
[46.319s] Listing '/home/aaryan/ros2_ws/src/install/turtlesim/local/lib/python3.10/dist-packages/turtlesim'...
[46.319s] Compiling '/home/aaryan/ros2_ws/src/install/turtlesim/local/lib/python3.10/dist-packages/turtlesim/__init__.py'...
[46.320s] Listing '/home/aaryan/ros2_ws/src/install/turtlesim/local/lib/python3.10/dist-packages/turtlesim/action'...
[46.320s] Compiling '/home/aaryan/ros2_ws/src/install/turtlesim/local/lib/python3.10/dist-packages/turtlesim/action/__init__.py'...
[46.320s] Compiling '/home/aaryan/ros2_ws/src/install/turtlesim/local/lib/python3.10/dist-packages/turtlesim/action/_rotate_absolute.py'...
[46.320s] Listing '/home/aaryan/ros2_ws/src/install/turtlesim/local/lib/python3.10/dist-packages/turtlesim/msg'...
[46.320s] Compiling '/home/aaryan/ros2_ws/src/install/turtlesim/local/lib/python3.10/dist-packages/turtlesim/msg/__init__.py'...
[46.320s] Compiling '/home/aaryan/ros2_ws/src/install/turtlesim/local/lib/python3.10/dist-packages/turtlesim/msg/_color.py'...
[46.320s] Compiling '/home/aaryan/ros2_ws/src/install/turtlesim/local/lib/python3.10/dist-packages/turtlesim/msg/_pose.py'...
[46.320s] Listing '/home/aaryan/ros2_ws/src/install/turtlesim/local/lib/python3.10/dist-packages/turtlesim/srv'...
[46.320s] Compiling '/home/aaryan/ros2_ws/src/install/turtlesim/local/lib/python3.10/dist-packages/turtlesim/srv/__init__.py'...
[46.320s] Compiling '/home/aaryan/ros2_ws/src/install/turtlesim/local/lib/python3.10/dist-packages/turtlesim/srv/_kill.py'...
[46.320s] Compiling '/home/aaryan/ros2_ws/src/install/turtlesim/local/lib/python3.10/dist-packages/turtlesim/srv/_set_pen.py'...
[46.320s] Compiling '/home/aaryan/ros2_ws/src/install/turtlesim/local/lib/python3.10/dist-packages/turtlesim/srv/_spawn.py'...
[46.320s] Compiling '/home/aaryan/ros2_ws/src/install/turtlesim/local/lib/python3.10/dist-packages/turtlesim/srv/_teleport_absolute.py'...
[46.320s] Compiling '/home/aaryan/ros2_ws/src/install/turtlesim/local/lib/python3.10/dist-packages/turtlesim/srv/_teleport_relative.py'...
[46.323s] -- Installing: /home/aaryan/ros2_ws/src/install/turtlesim/local/lib/python3.10/dist-packages/turtlesim/turtlesim_s__rosidl_typesupport_fastrtps_c.cpython-310-x86_64-linux-gnu.so
[46.323s] -- Set runtime path of "/home/aaryan/ros2_ws/src/install/turtlesim/local/lib/python3.10/dist-packages/turtlesim/turtlesim_s__rosidl_typesupport_fastrtps_c.cpython-310-x86_64-linux-gnu.so" to ""
[46.323s] -- Installing: /home/aaryan/ros2_ws/src/install/turtlesim/local/lib/python3.10/dist-packages/turtlesim/turtlesim_s__rosidl_typesupport_introspection_c.cpython-310-x86_64-linux-gnu.so
[46.323s] -- Set runtime path of "/home/aaryan/ros2_ws/src/install/turtlesim/local/lib/python3.10/dist-packages/turtlesim/turtlesim_s__rosidl_typesupport_introspection_c.cpython-310-x86_64-linux-gnu.so" to ""
[46.323s] -- Installing: /home/aaryan/ros2_ws/src/install/turtlesim/local/lib/python3.10/dist-packages/turtlesim/turtlesim_s__rosidl_typesupport_c.cpython-310-x86_64-linux-gnu.so
[46.323s] -- Set runtime path of "/home/aaryan/ros2_ws/src/install/turtlesim/local/lib/python3.10/dist-packages/turtlesim/turtlesim_s__rosidl_typesupport_c.cpython-310-x86_64-linux-gnu.so" to ""
[46.323s] -- Installing: /home/aaryan/ros2_ws/src/install/turtlesim/lib/libturtlesim__rosidl_generator_py.so
[46.324s] -- Set runtime path of "/home/aaryan/ros2_ws/src/install/turtlesim/lib/libturtlesim__rosidl_generator_py.so" to ""
[46.324s] -- Installing: /home/aaryan/ros2_ws/src/install/turtlesim/share/turtlesim/action/RotateAbsolute.idl
[46.324s] -- Installing: /home/aaryan/ros2_ws/src/install/turtlesim/share/turtlesim/msg/Color.idl
[46.324s] -- Installing: /home/aaryan/ros2_ws/src/install/turtlesim/share/turtlesim/msg/Pose.idl
[46.324s] -- Installing: /home/aaryan/ros2_ws/src/install/turtlesim/share/turtlesim/srv/Kill.idl
[46.324s] -- Installing: /home/aaryan/ros2_ws/src/install/turtlesim/share/turtlesim/srv/SetPen.idl
[46.324s] -- Installing: /home/aaryan/ros2_ws/src/install/turtlesim/share/turtlesim/srv/Spawn.idl
[46.324s] -- Installing: /home/aaryan/ros2_ws/src/install/turtlesim/share/turtlesim/srv/TeleportAbsolute.idl
[46.324s] -- Installing: /home/aaryan/ros2_ws/src/install/turtlesim/share/turtlesim/srv/TeleportRelative.idl
[46.324s] -- Installing: /home/aaryan/ros2_ws/src/install/turtlesim/share/turtlesim/action/RotateAbsolute.action
[46.324s] -- Installing: /home/aaryan/ros2_ws/src/install/turtlesim/share/turtlesim/msg/Color.msg
[46.324s] -- Installing: /home/aaryan/ros2_ws/src/install/turtlesim/share/turtlesim/msg/Pose.msg
[46.324s] -- Installing: /home/aaryan/ros2_ws/src/install/turtlesim/share/turtlesim/srv/Kill.srv
[46.324s] -- Installing: /home/aaryan/ros2_ws/src/install/turtlesim/share/turtlesim/srv/Kill_Request.msg
[46.324s] -- Installing: /home/aaryan/ros2_ws/src/install/turtlesim/share/turtlesim/srv/Kill_Response.msg
[46.324s] -- Installing: /home/aaryan/ros2_ws/src/install/turtlesim/share/turtlesim/srv/SetPen.srv
[46.324s] -- Installing: /home/aaryan/ros2_ws/src/install/turtlesim/share/turtlesim/srv/SetPen_Request.msg
[46.324s] -- Installing: /home/aaryan/ros2_ws/src/install/turtlesim/share/turtlesim/srv/SetPen_Response.msg
[46.324s] -- Installing: /home/aaryan/ros2_ws/src/install/turtlesim/share/turtlesim/srv/Spawn.srv
[46.324s] -- Installing: /home/aaryan/ros2_ws/src/install/turtlesim/share/turtlesim/srv/Spawn_Request.msg
[46.324s] -- Installing: /home/aaryan/ros2_ws/src/install/turtlesim/share/turtlesim/srv/Spawn_Response.msg
[46.324s] -- Installing: /home/aaryan/ros2_ws/src/install/turtlesim/share/turtlesim/srv/TeleportAbsolute.srv
[46.324s] -- Installing: /home/aaryan/ros2_ws/src/install/turtlesim/share/turtlesim/srv/TeleportAbsolute_Request.msg
[46.324s] -- Installing: /home/aaryan/ros2_ws/src/install/turtlesim/share/turtlesim/srv/TeleportAbsolute_Response.msg
[46.324s] -- Installing: /home/aaryan/ros2_ws/src/install/turtlesim/share/turtlesim/srv/TeleportRelative.srv
[46.325s] -- Installing: /home/aaryan/ros2_ws/src/install/turtlesim/share/turtlesim/srv/TeleportRelative_Request.msg
[46.325s] -- Installing: /home/aaryan/ros2_ws/src/install/turtlesim/share/turtlesim/srv/TeleportRelative_Response.msg
[46.325s] -- Installing: /home/aaryan/ros2_ws/src/install/turtlesim/lib/turtlesim/turtlesim_node
[46.329s] -- Set runtime path of "/home/aaryan/ros2_ws/src/install/turtlesim/lib/turtlesim/turtlesim_node" to ""
[46.329s] -- Installing: /home/aaryan/ros2_ws/src/install/turtlesim/lib/turtlesim/turtle_teleop_key
[46.330s] -- Set runtime path of "/home/aaryan/ros2_ws/src/install/turtlesim/lib/turtlesim/turtle_teleop_key" to ""
[46.330s] -- Installing: /home/aaryan/ros2_ws/src/install/turtlesim/lib/turtlesim/draw_square
[46.332s] -- Set runtime path of "/home/aaryan/ros2_ws/src/install/turtlesim/lib/turtlesim/draw_square" to ""
[46.332s] -- Installing: /home/aaryan/ros2_ws/src/install/turtlesim/lib/turtlesim/mimic
[46.333s] -- Set runtime path of "/home/aaryan/ros2_ws/src/install/turtlesim/lib/turtlesim/mimic" to ""
[46.333s] -- Installing: /home/aaryan/ros2_ws/src/install/turtlesim/share/turtlesim/images
[46.335s] -- Installing: /home/aaryan/ros2_ws/src/install/turtlesim/share/turtlesim/images/ardent.png
[46.336s] -- Installing: /home/aaryan/ros2_ws/src/install/turtlesim/share/turtlesim/images/dashing.png
[46.336s] -- Installing: /home/aaryan/ros2_ws/src/install/turtlesim/share/turtlesim/images/crystal.png
[46.336s] -- Installing: /home/aaryan/ros2_ws/src/install/turtlesim/share/turtlesim/images/foxy.png
[46.336s] -- Installing: /home/aaryan/ros2_ws/src/install/turtlesim/share/turtlesim/images/galactic.png
[46.337s] -- Installing: /home/aaryan/ros2_ws/src/install/turtlesim/share/turtlesim/images/bouncy.png
[46.337s] -- Installing: /home/aaryan/ros2_ws/src/install/turtlesim/share/turtlesim/images/rolling.png
[46.337s] -- Installing: /home/aaryan/ros2_ws/src/install/turtlesim/share/turtlesim/images/humble.png
[46.337s] -- Installing: /home/aaryan/ros2_ws/src/install/turtlesim/share/turtlesim/images/eloquent.png
[46.337s] -- Installing: /home/aaryan/ros2_ws/src/install/turtlesim/share/turtlesim/launch
[46.337s] -- Installing: /home/aaryan/ros2_ws/src/install/turtlesim/share/turtlesim/launch/multisim.launch.py
[46.337s] -- Installing: /home/aaryan/ros2_ws/src/install/turtlesim/share/ament_index/resource_index/package_run_dependencies/turtlesim
[46.337s] -- Installing: /home/aaryan/ros2_ws/src/install/turtlesim/share/ament_index/resource_index/parent_prefix_path/turtlesim
[46.337s] -- Installing: /home/aaryan/ros2_ws/src/install/turtlesim/share/turtlesim/environment/ament_prefix_path.sh
[46.338s] -- Installing: /home/aaryan/ros2_ws/src/install/turtlesim/share/turtlesim/environment/ament_prefix_path.dsv
[46.338s] -- Installing: /home/aaryan/ros2_ws/src/install/turtlesim/share/turtlesim/environment/path.sh
[46.338s] -- Installing: /home/aaryan/ros2_ws/src/install/turtlesim/share/turtlesim/environment/path.dsv
[46.338s] -- Installing: /home/aaryan/ros2_ws/src/install/turtlesim/share/turtlesim/local_setup.bash
[46.338s] -- Installing: /home/aaryan/ros2_ws/src/install/turtlesim/share/turtlesim/local_setup.sh
[46.338s] -- Installing: /home/aaryan/ros2_ws/src/install/turtlesim/share/turtlesim/local_setup.zsh
[46.338s] -- Installing: /home/aaryan/ros2_ws/src/install/turtlesim/share/turtlesim/local_setup.dsv
[46.338s] -- Installing: /home/aaryan/ros2_ws/src/install/turtlesim/share/turtlesim/package.dsv
[46.338s] -- Installing: /home/aaryan/ros2_ws/src/install/turtlesim/share/ament_index/resource_index/packages/turtlesim
[46.338s] -- Installing: /home/aaryan/ros2_ws/src/install/turtlesim/share/turtlesim/cmake/export_turtlesim__rosidl_generator_cExport.cmake
[46.338s] -- Installing: /home/aaryan/ros2_ws/src/install/turtlesim/share/turtlesim/cmake/export_turtlesim__rosidl_generator_cExport-noconfig.cmake
[46.338s] -- Installing: /home/aaryan/ros2_ws/src/install/turtlesim/share/turtlesim/cmake/export_turtlesim__rosidl_typesupport_fastrtps_cExport.cmake
[46.338s] -- Installing: /home/aaryan/ros2_ws/src/install/turtlesim/share/turtlesim/cmake/export_turtlesim__rosidl_typesupport_fastrtps_cExport-noconfig.cmake
[46.338s] -- Installing: /home/aaryan/ros2_ws/src/install/turtlesim/share/turtlesim/cmake/export_turtlesim__rosidl_generator_cppExport.cmake
[46.338s] -- Installing: /home/aaryan/ros2_ws/src/install/turtlesim/share/turtlesim/cmake/export_turtlesim__rosidl_typesupport_fastrtps_cppExport.cmake
[46.338s] -- Installing: /home/aaryan/ros2_ws/src/install/turtlesim/share/turtlesim/cmake/export_turtlesim__rosidl_typesupport_fastrtps_cppExport-noconfig.cmake
[46.338s] -- Installing: /home/aaryan/ros2_ws/src/install/turtlesim/share/turtlesim/cmake/turtlesim__rosidl_typesupport_introspection_cExport.cmake
[46.338s] -- Installing: /home/aaryan/ros2_ws/src/install/turtlesim/share/turtlesim/cmake/turtlesim__rosidl_typesupport_introspection_cExport-noconfig.cmake
[46.339s] -- Installing: /home/aaryan/ros2_ws/src/install/turtlesim/share/turtlesim/cmake/turtlesim__rosidl_typesupport_cExport.cmake
[46.339s] -- Installing: /home/aaryan/ros2_ws/src/install/turtlesim/share/turtlesim/cmake/turtlesim__rosidl_typesupport_cExport-noconfig.cmake
[46.339s] -- Installing: /home/aaryan/ros2_ws/src/install/turtlesim/share/turtlesim/cmake/turtlesim__rosidl_typesupport_introspection_cppExport.cmake
[46.339s] -- Installing: /home/aaryan/ros2_ws/src/install/turtlesim/share/turtlesim/cmake/turtlesim__rosidl_typesupport_introspection_cppExport-noconfig.cmake
[46.339s] -- Installing: /home/aaryan/ros2_ws/src/install/turtlesim/share/turtlesim/cmake/turtlesim__rosidl_typesupport_cppExport.cmake
[46.339s] -- Installing: /home/aaryan/ros2_ws/src/install/turtlesim/share/turtlesim/cmake/turtlesim__rosidl_typesupport_cppExport-noconfig.cmake
[46.339s] -- Installing: /home/aaryan/ros2_ws/src/install/turtlesim/share/turtlesim/cmake/export_turtlesim__rosidl_generator_pyExport.cmake
[46.339s] -- Installing: /home/aaryan/ros2_ws/src/install/turtlesim/share/turtlesim/cmake/export_turtlesim__rosidl_generator_pyExport-noconfig.cmake
[46.339s] -- Installing: /home/aaryan/ros2_ws/src/install/turtlesim/share/turtlesim/cmake/rosidl_cmake-extras.cmake
[46.339s] -- Installing: /home/aaryan/ros2_ws/src/install/turtlesim/share/turtlesim/cmake/ament_cmake_export_dependencies-extras.cmake
[46.339s] -- Installing: /home/aaryan/ros2_ws/src/install/turtlesim/share/turtlesim/cmake/ament_cmake_export_include_directories-extras.cmake
[46.339s] -- Installing: /home/aaryan/ros2_ws/src/install/turtlesim/share/turtlesim/cmake/ament_cmake_export_libraries-extras.cmake
[46.339s] -- Installing: /home/aaryan/ros2_ws/src/install/turtlesim/share/turtlesim/cmake/ament_cmake_export_targets-extras.cmake
[46.339s] -- Installing: /home/aaryan/ros2_ws/src/install/turtlesim/share/turtlesim/cmake/rosidl_cmake_export_typesupport_targets-extras.cmake
[46.339s] -- Installing: /home/aaryan/ros2_ws/src/install/turtlesim/share/turtlesim/cmake/rosidl_cmake_export_typesupport_libraries-extras.cmake
[46.339s] -- Installing: /home/aaryan/ros2_ws/src/install/turtlesim/share/turtlesim/cmake/turtlesimConfig.cmake
[46.339s] -- Installing: /home/aaryan/ros2_ws/src/install/turtlesim/share/turtlesim/cmake/turtlesimConfig-version.cmake
[46.339s] -- Installing: /home/aaryan/ros2_ws/src/install/turtlesim/share/turtlesim/package.xml
[46.341s] Invoked command in '/home/aaryan/ros2_ws/src/build/turtlesim' returned '0': CMAKE_PREFIX_PATH=/opt/ros/humble /usr/bin/cmake --install /home/aaryan/ros2_ws/src/build/turtlesim
