[0.034s] Invoking command in '/home/aaryan/ros2_ws/src/build/examples_rclcpp_wait_set': CMAKE_PREFIX_PATH=/opt/ros/humble /usr/bin/cmake /home/aaryan/ros2_ws/src/examples/rclcpp/wait_set -DCMAKE_INSTALL_PREFIX=/home/aaryan/ros2_ws/src/install/examples_rclcpp_wait_set
[1.153s] -- The C compiler identification is GNU 11.4.0
[1.153s] -- The CXX compiler identification is GNU 11.4.0
[1.153s] -- Detecting C compiler ABI info
[1.153s] -- Detecting C compiler ABI info - done
[1.153s] -- Check for working C compiler: /usr/bin/cc - skipped
[1.153s] -- Detecting C compile features
[1.153s] -- Detecting C compile features - done
[1.153s] -- Detecting CXX compiler ABI info
[1.153s] -- Detecting CXX compiler ABI info - done
[1.153s] -- Check for working CXX compiler: /usr/bin/c++ - skipped
[1.153s] -- Detecting CXX compile features
[1.154s] -- Detecting CXX compile features - done
[1.154s] -- Found ament_cmake: 1.3.13 (/opt/ros/humble/share/ament_cmake/cmake)
[1.154s] -- Found Python3: /usr/bin/python3 (found version "3.10.12") found components: Interpreter 
[1.154s] -- Found example_interfaces: 0.9.3 (/opt/ros/humble/share/example_interfaces/cmake)
[1.154s] -- Found rosidl_generator_c: 3.1.8 (/opt/ros/humble/share/rosidl_generator_c/cmake)
[1.154s] -- Found rosidl_adapter: 3.1.8 (/opt/ros/humble/share/rosidl_adapter/cmake)
[1.154s] -- Found rosidl_generator_cpp: 3.1.8 (/opt/ros/humble/share/rosidl_generator_cpp/cmake)
[1.154s] -- Using all available rosidl_typesupport_c: rosidl_typesupport_fastrtps_c;rosidl_typesupport_introspection_c
[1.154s] -- Using all available rosidl_typesupport_cpp: rosidl_typesupport_fastrtps_cpp;rosidl_typesupport_introspection_cpp
[1.154s] -- Found rclcpp: 16.0.18 (/opt/ros/humble/share/rclcpp/cmake)
[1.155s] -- Found rmw_implementation_cmake: 6.1.2 (/opt/ros/humble/share/rmw_implementation_cmake/cmake)
[1.155s] -- Found rmw_fastrtps_cpp: 6.2.10 (/opt/ros/humble/share/rmw_fastrtps_cpp/cmake)
[1.155s] -- Found OpenSSL: /usr/lib/x86_64-linux-gnu/libcrypto.so (found version "3.0.2")  
[1.155s] -- Found FastRTPS: /opt/ros/humble/include  
[1.155s] -- Using RMW implementation 'rmw_fastrtps_cpp' as default
[1.155s] -- Looking for pthread.h
[1.155s] -- Looking for pthread.h - found
[1.155s] -- Performing Test CMAKE_HAVE_LIBC_PTHREAD
[1.155s] -- Performing Test CMAKE_HAVE_LIBC_PTHREAD - Success
[1.155s] -- Found Threads: TRUE  
[1.155s] -- Found rclcpp_components: 16.0.18 (/opt/ros/humble/share/rclcpp_components/cmake)
[1.155s] -- Found ament_lint_auto: 0.12.15 (/opt/ros/humble/share/ament_lint_auto/cmake)
[1.181s] -- Added test 'copyright' to check source files copyright and LICENSE
[1.181s] -- Added test 'cppcheck' to perform static code analysis on C / C++ code
[1.182s] -- Configured cppcheck include dirs: /home/aaryan/ros2_ws/src/examples/rclcpp/wait_set/include
[1.182s] -- Configured cppcheck exclude dirs and/or files: 
[1.184s] -- Added test 'cpplint' to check C / C++ code against the Google style
[1.184s] -- Configured cpplint exclude dirs and/or files: 
[1.184s] -- Added test 'lint_cmake' to check CMake code style
[1.186s] -- Added test 'uncrustify' to check C / C++ code style
[1.186s] -- Configured uncrustify additional arguments: 
[1.186s] -- Added test 'xmllint' to check XML markup files
[1.188s] -- Configuring done
[1.242s] -- Generating done
[1.263s] -- Build files have been written to: /home/aaryan/ros2_ws/src/build/examples_rclcpp_wait_set
[1.276s] Invoked command in '/home/aaryan/ros2_ws/src/build/examples_rclcpp_wait_set' returned '0': CMAKE_PREFIX_PATH=/opt/ros/humble /usr/bin/cmake /home/aaryan/ros2_ws/src/examples/rclcpp/wait_set -DCMAKE_INSTALL_PREFIX=/home/aaryan/ros2_ws/src/install/examples_rclcpp_wait_set
[1.277s] Invoking command in '/home/aaryan/ros2_ws/src/build/examples_rclcpp_wait_set': CMAKE_PREFIX_PATH=/opt/ros/humble /usr/bin/cmake --build /home/aaryan/ros2_ws/src/build/examples_rclcpp_wait_set -- -j16 -l16
[4.945s] [  4%] [32mBuilding CXX object CMakeFiles/talker.dir/src/talker.cpp.o[0m
[5.106s] [  8%] [32m[1mLinking CXX shared library libtalker.so[0m
[5.266s] [  8%] Built target talker
[5.281s] [ 12%] [32mBuilding CXX object CMakeFiles/wait_set_topics_with_different_rates.dir/src/wait_set_topics_with_different_rates.cpp.o[0m
[12.025s] [ 16%] [32m[1mLinking CXX executable wait_set_topics_with_different_rates[0m
[12.337s] [ 16%] Built target wait_set_topics_with_different_rates
[12.353s] [ 20%] [32mBuilding CXX object CMakeFiles/executor_random_order.dir/src/executor_random_order.cpp.o[0m
[18.056s] [ 25%] [32m[1mLinking CXX executable executor_random_order[0m
[18.323s] [ 25%] Built target executor_random_order
[18.342s] [ 29%] [32mBuilding CXX object CMakeFiles/wait_set_random_order.dir/src/wait_set_random_order.cpp.o[0m
[24.399s] [ 33%] [32m[1mLinking CXX executable wait_set_random_order[0m
[24.682s] [ 33%] Built target wait_set_random_order
[24.698s] [ 37%] [32mBuilding CXX object CMakeFiles/wait_set_topics_and_timer.dir/src/wait_set_topics_and_timer.cpp.o[0m
[30.463s] [ 41%] [32m[1mLinking CXX executable wait_set_topics_and_timer[0m
[30.738s] [ 41%] Built target wait_set_topics_and_timer
[30.756s] [ 45%] [32mBuilding CXX object CMakeFiles/thread_safe_wait_set.dir/src/thread_safe_wait_set.cpp.o[0m
[36.650s] [ 50%] [32m[1mLinking CXX executable thread_safe_wait_set[0m
[36.941s] [ 50%] Built target thread_safe_wait_set
[36.955s] [ 54%] [32mBuilding CXX object CMakeFiles/wait_set_listener.dir/rclcpp_components/node_main_wait_set_listener.cpp.o[0m
[36.955s] [ 58%] [32mBuilding CXX object CMakeFiles/listener.dir/src/listener.cpp.o[0m
[36.957s] [ 62%] [32mBuilding CXX object CMakeFiles/static_wait_set.dir/src/static_wait_set.cpp.o[0m
[36.959s] [ 66%] [32mBuilding CXX object CMakeFiles/wait_set.dir/src/wait_set.cpp.o[0m
[39.024s] [ 70%] [32m[1mLinking CXX executable wait_set_listener[0m
[39.115s] [ 70%] Built target wait_set_listener
[39.136s] [ 75%] [32mBuilding CXX object CMakeFiles/wait_set_talker.dir/rclcpp_components/node_main_wait_set_talker.cpp.o[0m
[42.576s] [ 79%] [32m[1mLinking CXX executable wait_set_talker[0m
[42.718s] [ 79%] Built target wait_set_talker
[43.377s] [ 83%] [32m[1mLinking CXX executable wait_set[0m
[43.802s] [ 87%] [32m[1mLinking CXX executable static_wait_set[0m
[43.859s] [ 87%] Built target wait_set
[44.073s] [ 87%] Built target static_wait_set
[44.115s] [ 91%] [32m[1mLinking CXX shared library liblistener.so[0m
[44.432s] [ 91%] Built target listener
[44.451s] [ 95%] [32mBuilding CXX object CMakeFiles/wait_set_composed.dir/src/wait_set_composed.cpp.o[0m
[46.401s] [100%] [32m[1mLinking CXX executable wait_set_composed[0m
[46.554s] [100%] Built target wait_set_composed
[46.567s] Invoked command in '/home/aaryan/ros2_ws/src/build/examples_rclcpp_wait_set' returned '0': CMAKE_PREFIX_PATH=/opt/ros/humble /usr/bin/cmake --build /home/aaryan/ros2_ws/src/build/examples_rclcpp_wait_set -- -j16 -l16
[46.568s] Invoking command in '/home/aaryan/ros2_ws/src/build/examples_rclcpp_wait_set': CMAKE_PREFIX_PATH=/opt/ros/humble /usr/bin/cmake --install /home/aaryan/ros2_ws/src/build/examples_rclcpp_wait_set
[46.576s] -- Install configuration: ""
[46.576s] -- Installing: /home/aaryan/ros2_ws/src/install/examples_rclcpp_wait_set/lib/examples_rclcpp_wait_set/wait_set_talker
[46.577s] -- Set runtime path of "/home/aaryan/ros2_ws/src/install/examples_rclcpp_wait_set/lib/examples_rclcpp_wait_set/wait_set_talker" to ""
[46.577s] -- Installing: /home/aaryan/ros2_ws/src/install/examples_rclcpp_wait_set/lib/examples_rclcpp_wait_set/wait_set_listener
[46.577s] -- Set runtime path of "/home/aaryan/ros2_ws/src/install/examples_rclcpp_wait_set/lib/examples_rclcpp_wait_set/wait_set_listener" to ""
[46.577s] -- Installing: /home/aaryan/ros2_ws/src/install/examples_rclcpp_wait_set/lib/libtalker.so
[46.579s] -- Set runtime path of "/home/aaryan/ros2_ws/src/install/examples_rclcpp_wait_set/lib/libtalker.so" to ""
[46.579s] -- Installing: /home/aaryan/ros2_ws/src/install/examples_rclcpp_wait_set/lib/liblistener.so
[46.585s] -- Set runtime path of "/home/aaryan/ros2_ws/src/install/examples_rclcpp_wait_set/lib/liblistener.so" to ""
[46.585s] -- Installing: /home/aaryan/ros2_ws/src/install/examples_rclcpp_wait_set/lib/examples_rclcpp_wait_set/wait_set
[46.589s] -- Set runtime path of "/home/aaryan/ros2_ws/src/install/examples_rclcpp_wait_set/lib/examples_rclcpp_wait_set/wait_set" to ""
[46.589s] -- Installing: /home/aaryan/ros2_ws/src/install/examples_rclcpp_wait_set/lib/examples_rclcpp_wait_set/static_wait_set
[46.592s] -- Set runtime path of "/home/aaryan/ros2_ws/src/install/examples_rclcpp_wait_set/lib/examples_rclcpp_wait_set/static_wait_set" to ""
[46.593s] -- Installing: /home/aaryan/ros2_ws/src/install/examples_rclcpp_wait_set/lib/examples_rclcpp_wait_set/thread_safe_wait_set
[46.596s] -- Set runtime path of "/home/aaryan/ros2_ws/src/install/examples_rclcpp_wait_set/lib/examples_rclcpp_wait_set/thread_safe_wait_set" to ""
[46.596s] -- Installing: /home/aaryan/ros2_ws/src/install/examples_rclcpp_wait_set/lib/examples_rclcpp_wait_set/wait_set_topics_and_timer
[46.599s] -- Set runtime path of "/home/aaryan/ros2_ws/src/install/examples_rclcpp_wait_set/lib/examples_rclcpp_wait_set/wait_set_topics_and_timer" to ""
[46.599s] -- Installing: /home/aaryan/ros2_ws/src/install/examples_rclcpp_wait_set/lib/examples_rclcpp_wait_set/wait_set_random_order
[46.603s] -- Set runtime path of "/home/aaryan/ros2_ws/src/install/examples_rclcpp_wait_set/lib/examples_rclcpp_wait_set/wait_set_random_order" to ""
[46.603s] -- Installing: /home/aaryan/ros2_ws/src/install/examples_rclcpp_wait_set/lib/examples_rclcpp_wait_set/executor_random_order
[46.606s] -- Set runtime path of "/home/aaryan/ros2_ws/src/install/examples_rclcpp_wait_set/lib/examples_rclcpp_wait_set/executor_random_order" to ""
[46.606s] -- Installing: /home/aaryan/ros2_ws/src/install/examples_rclcpp_wait_set/lib/examples_rclcpp_wait_set/wait_set_topics_with_different_rates
[46.610s] -- Set runtime path of "/home/aaryan/ros2_ws/src/install/examples_rclcpp_wait_set/lib/examples_rclcpp_wait_set/wait_set_topics_with_different_rates" to ""
[46.610s] -- Installing: /home/aaryan/ros2_ws/src/install/examples_rclcpp_wait_set/lib/examples_rclcpp_wait_set/wait_set_composed
[46.610s] -- Set runtime path of "/home/aaryan/ros2_ws/src/install/examples_rclcpp_wait_set/lib/examples_rclcpp_wait_set/wait_set_composed" to ""
[46.610s] -- Installing: /home/aaryan/ros2_ws/src/install/examples_rclcpp_wait_set/share/ament_index/resource_index/package_run_dependencies/examples_rclcpp_wait_set
[46.610s] -- Installing: /home/aaryan/ros2_ws/src/install/examples_rclcpp_wait_set/share/ament_index/resource_index/parent_prefix_path/examples_rclcpp_wait_set
[46.610s] -- Installing: /home/aaryan/ros2_ws/src/install/examples_rclcpp_wait_set/share/examples_rclcpp_wait_set/environment/ament_prefix_path.sh
[46.611s] -- Installing: /home/aaryan/ros2_ws/src/install/examples_rclcpp_wait_set/share/examples_rclcpp_wait_set/environment/ament_prefix_path.dsv
[46.611s] -- Installing: /home/aaryan/ros2_ws/src/install/examples_rclcpp_wait_set/share/examples_rclcpp_wait_set/environment/path.sh
[46.611s] -- Installing: /home/aaryan/ros2_ws/src/install/examples_rclcpp_wait_set/share/examples_rclcpp_wait_set/environment/path.dsv
[46.611s] -- Installing: /home/aaryan/ros2_ws/src/install/examples_rclcpp_wait_set/share/examples_rclcpp_wait_set/local_setup.bash
[46.611s] -- Installing: /home/aaryan/ros2_ws/src/install/examples_rclcpp_wait_set/share/examples_rclcpp_wait_set/local_setup.sh
[46.611s] -- Installing: /home/aaryan/ros2_ws/src/install/examples_rclcpp_wait_set/share/examples_rclcpp_wait_set/local_setup.zsh
[46.611s] -- Installing: /home/aaryan/ros2_ws/src/install/examples_rclcpp_wait_set/share/examples_rclcpp_wait_set/local_setup.dsv
[46.611s] -- Installing: /home/aaryan/ros2_ws/src/install/examples_rclcpp_wait_set/share/examples_rclcpp_wait_set/package.dsv
[46.612s] -- Installing: /home/aaryan/ros2_ws/src/install/examples_rclcpp_wait_set/share/ament_index/resource_index/packages/examples_rclcpp_wait_set
[46.612s] -- Installing: /home/aaryan/ros2_ws/src/install/examples_rclcpp_wait_set/share/ament_index/resource_index/rclcpp_components/examples_rclcpp_wait_set
[46.612s] -- Installing: /home/aaryan/ros2_ws/src/install/examples_rclcpp_wait_set/share/examples_rclcpp_wait_set/cmake/examples_rclcpp_wait_setConfig.cmake
[46.612s] -- Installing: /home/aaryan/ros2_ws/src/install/examples_rclcpp_wait_set/share/examples_rclcpp_wait_set/cmake/examples_rclcpp_wait_setConfig-version.cmake
[46.612s] -- Installing: /home/aaryan/ros2_ws/src/install/examples_rclcpp_wait_set/share/examples_rclcpp_wait_set/package.xml
[46.614s] Invoked command in '/home/aaryan/ros2_ws/src/build/examples_rclcpp_wait_set' returned '0': CMAKE_PREFIX_PATH=/opt/ros/humble /usr/bin/cmake --install /home/aaryan/ros2_ws/src/build/examples_rclcpp_wait_set
