[0.033s] Invoking command in '/home/aaryan/ros2_ws/src/build/examples_rclcpp_multithreaded_executor': CMAKE_PREFIX_PATH=/opt/ros/humble /usr/bin/cmake /home/aaryan/ros2_ws/src/examples/rclcpp/executors/multithreaded_executor -DCMAKE_INSTALL_PREFIX=/home/aaryan/ros2_ws/src/install/examples_rclcpp_multithreaded_executor
[1.150s] -- The C compiler identification is GNU 11.4.0
[1.151s] -- The CXX compiler identification is GNU 11.4.0
[1.151s] -- Detecting C compiler ABI info
[1.151s] -- Detecting C compiler ABI info - done
[1.151s] -- Check for working C compiler: /usr/bin/cc - skipped
[1.151s] -- Detecting C compile features
[1.151s] -- Detecting C compile features - done
[1.151s] -- Detecting CXX compiler ABI info
[1.151s] -- Detecting CXX compiler ABI info - done
[1.152s] -- Check for working CXX compiler: /usr/bin/c++ - skipped
[1.152s] -- Detecting CXX compile features
[1.152s] -- Detecting CXX compile features - done
[1.152s] -- Found ament_cmake: 1.3.13 (/opt/ros/humble/share/ament_cmake/cmake)
[1.152s] -- Found Python3: /usr/bin/python3 (found version "3.10.12") found components: Interpreter 
[1.152s] -- Found rclcpp: 16.0.18 (/opt/ros/humble/share/rclcpp/cmake)
[1.152s] -- Found rosidl_generator_c: 3.1.8 (/opt/ros/humble/share/rosidl_generator_c/cmake)
[1.152s] -- Found rosidl_adapter: 3.1.8 (/opt/ros/humble/share/rosidl_adapter/cmake)
[1.152s] -- Found rosidl_generator_cpp: 3.1.8 (/opt/ros/humble/share/rosidl_generator_cpp/cmake)
[1.152s] -- Using all available rosidl_typesupport_c: rosidl_typesupport_fastrtps_c;rosidl_typesupport_introspection_c
[1.152s] -- Using all available rosidl_typesupport_cpp: rosidl_typesupport_fastrtps_cpp;rosidl_typesupport_introspection_cpp
[1.152s] -- Found rmw_implementation_cmake: 6.1.2 (/opt/ros/humble/share/rmw_implementation_cmake/cmake)
[1.152s] -- Found rmw_fastrtps_cpp: 6.2.10 (/opt/ros/humble/share/rmw_fastrtps_cpp/cmake)
[1.152s] -- Found OpenSSL: /usr/lib/x86_64-linux-gnu/libcrypto.so (found version "3.0.2")  
[1.152s] -- Found FastRTPS: /opt/ros/humble/include  
[1.152s] -- Using RMW implementation 'rmw_fastrtps_cpp' as default
[1.152s] -- Looking for pthread.h
[1.152s] -- Looking for pthread.h - found
[1.152s] -- Performing Test CMAKE_HAVE_LIBC_PTHREAD
[1.153s] -- Performing Test CMAKE_HAVE_LIBC_PTHREAD - Success
[1.153s] -- Found Threads: TRUE  
[1.153s] -- Found ament_lint_auto: 0.12.15 (/opt/ros/humble/share/ament_lint_auto/cmake)
[1.153s] -- Added test 'copyright' to check source files copyright and LICENSE
[1.153s] -- Added test 'cppcheck' to perform static code analysis on C / C++ code
[1.153s] -- Configured cppcheck include dirs: 
[1.153s] -- Configured cppcheck exclude dirs and/or files: 
[1.153s] -- Added test 'cpplint' to check C / C++ code against the Google style
[1.153s] -- Configured cpplint exclude dirs and/or files: 
[1.153s] -- Added test 'lint_cmake' to check CMake code style
[1.153s] -- Added test 'uncrustify' to check C / C++ code style
[1.153s] -- Configured uncrustify additional arguments: 
[1.153s] -- Added test 'xmllint' to check XML markup files
[1.153s] -- Configuring done
[1.153s] -- Generating done
[1.153s] -- Build files have been written to: /home/aaryan/ros2_ws/src/build/examples_rclcpp_multithreaded_executor
[1.153s] Invoked command in '/home/aaryan/ros2_ws/src/build/examples_rclcpp_multithreaded_executor' returned '0': CMAKE_PREFIX_PATH=/opt/ros/humble /usr/bin/cmake /home/aaryan/ros2_ws/src/examples/rclcpp/executors/multithreaded_executor -DCMAKE_INSTALL_PREFIX=/home/aaryan/ros2_ws/src/install/examples_rclcpp_multithreaded_executor
[1.158s] Invoking command in '/home/aaryan/ros2_ws/src/build/examples_rclcpp_multithreaded_executor': CMAKE_PREFIX_PATH=/opt/ros/humble /usr/bin/cmake --build /home/aaryan/ros2_ws/src/build/examples_rclcpp_multithreaded_executor -- -j16 -l16
[1.197s] [ 50%] [32mBuilding CXX object CMakeFiles/multithreaded_executor.dir/multithreaded_executor.cpp.o[0m
[8.478s] [100%] [32m[1mLinking CXX executable multithreaded_executor[0m
[8.761s] [100%] Built target multithreaded_executor
[8.770s] Invoked command in '/home/aaryan/ros2_ws/src/build/examples_rclcpp_multithreaded_executor' returned '0': CMAKE_PREFIX_PATH=/opt/ros/humble /usr/bin/cmake --build /home/aaryan/ros2_ws/src/build/examples_rclcpp_multithreaded_executor -- -j16 -l16
[8.771s] Invoking command in '/home/aaryan/ros2_ws/src/build/examples_rclcpp_multithreaded_executor': CMAKE_PREFIX_PATH=/opt/ros/humble /usr/bin/cmake --install /home/aaryan/ros2_ws/src/build/examples_rclcpp_multithreaded_executor
[8.779s] -- Install configuration: ""
[8.779s] -- Installing: /home/aaryan/ros2_ws/src/install/examples_rclcpp_multithreaded_executor/lib/examples_rclcpp_multithreaded_executor/multithreaded_executor
[8.783s] -- Set runtime path of "/home/aaryan/ros2_ws/src/install/examples_rclcpp_multithreaded_executor/lib/examples_rclcpp_multithreaded_executor/multithreaded_executor" to ""
[8.783s] -- Installing: /home/aaryan/ros2_ws/src/install/examples_rclcpp_multithreaded_executor/share/ament_index/resource_index/package_run_dependencies/examples_rclcpp_multithreaded_executor
[8.783s] -- Installing: /home/aaryan/ros2_ws/src/install/examples_rclcpp_multithreaded_executor/share/ament_index/resource_index/parent_prefix_path/examples_rclcpp_multithreaded_executor
[8.783s] -- Installing: /home/aaryan/ros2_ws/src/install/examples_rclcpp_multithreaded_executor/share/examples_rclcpp_multithreaded_executor/environment/ament_prefix_path.sh
[8.783s] -- Installing: /home/aaryan/ros2_ws/src/install/examples_rclcpp_multithreaded_executor/share/examples_rclcpp_multithreaded_executor/environment/ament_prefix_path.dsv
[8.784s] -- Installing: /home/aaryan/ros2_ws/src/install/examples_rclcpp_multithreaded_executor/share/examples_rclcpp_multithreaded_executor/environment/path.sh
[8.784s] -- Installing: /home/aaryan/ros2_ws/src/install/examples_rclcpp_multithreaded_executor/share/examples_rclcpp_multithreaded_executor/environment/path.dsv
[8.784s] -- Installing: /home/aaryan/ros2_ws/src/install/examples_rclcpp_multithreaded_executor/share/examples_rclcpp_multithreaded_executor/local_setup.bash
[8.784s] -- Installing: /home/aaryan/ros2_ws/src/install/examples_rclcpp_multithreaded_executor/share/examples_rclcpp_multithreaded_executor/local_setup.sh
[8.784s] -- Installing: /home/aaryan/ros2_ws/src/install/examples_rclcpp_multithreaded_executor/share/examples_rclcpp_multithreaded_executor/local_setup.zsh
[8.784s] -- Installing: /home/aaryan/ros2_ws/src/install/examples_rclcpp_multithreaded_executor/share/examples_rclcpp_multithreaded_executor/local_setup.dsv
[8.784s] -- Installing: /home/aaryan/ros2_ws/src/install/examples_rclcpp_multithreaded_executor/share/examples_rclcpp_multithreaded_executor/package.dsv
[8.785s] -- Installing: /home/aaryan/ros2_ws/src/install/examples_rclcpp_multithreaded_executor/share/ament_index/resource_index/packages/examples_rclcpp_multithreaded_executor
[8.785s] -- Installing: /home/aaryan/ros2_ws/src/install/examples_rclcpp_multithreaded_executor/share/examples_rclcpp_multithreaded_executor/cmake/examples_rclcpp_multithreaded_executorConfig.cmake
[8.785s] -- Installing: /home/aaryan/ros2_ws/src/install/examples_rclcpp_multithreaded_executor/share/examples_rclcpp_multithreaded_executor/cmake/examples_rclcpp_multithreaded_executorConfig-version.cmake
[8.785s] -- Installing: /home/aaryan/ros2_ws/src/install/examples_rclcpp_multithreaded_executor/share/examples_rclcpp_multithreaded_executor/package.xml
[8.788s] Invoked command in '/home/aaryan/ros2_ws/src/build/examples_rclcpp_multithreaded_executor' returned '0': CMAKE_PREFIX_PATH=/opt/ros/humble /usr/bin/cmake --install /home/aaryan/ros2_ws/src/build/examples_rclcpp_multithreaded_executor
